2014-09-24 20:58:24,651 5764 [main] INFO  de.prob.cli.PrologProcessProvider Method:
				makeProcess Line: 52 - Starting ProB's Prolog Core. Path is /Users/ernestocid/Tools/ProB//probcli.sh
2014-09-24 20:58:24,658 5771 [main] DEBUG de.prob.cli.PrologProcessProvider Method:
				makeProcess Line: 54 - Cli started
2014-09-24 20:58:24,661 5774 [main] DEBUG de.prob.cli.ProBInstanceProvider Method:
				analyseStdout Line: 105 - Apply cli detection patterns to Running ProB Command-line Interface
2014-09-24 20:58:24,661 5774 [main] DEBUG de.prob.cli.ProBInstanceProvider Method:
				analyseStdout Line: 105 - Apply cli detection patterns to probcli -sf
2014-09-24 20:58:25,258 6371 [main] DEBUG de.prob.cli.ProBInstanceProvider Method:
				analyseStdout Line: 105 - Apply cli detection patterns to No file to process
2014-09-24 20:58:25,258 6371 [main] DEBUG de.prob.cli.ProBInstanceProvider Method:
				analyseStdout Line: 105 - Apply cli detection patterns to Starting Socket Server
2014-09-24 20:58:25,258 6371 [main] DEBUG de.prob.cli.ProBInstanceProvider Method:
				analyseStdout Line: 105 - Apply cli detection patterns to Application Path: /Users/ernestocid/Tools/ProB
2014-09-24 20:58:25,258 6371 [main] DEBUG de.prob.cli.ProBInstanceProvider Method:
				analyseStdout Line: 105 - Apply cli detection patterns to Port: 61373
2014-09-24 20:58:25,259 6372 [main] INFO  de.prob.cli.PortPattern Method:
				setValue Line: 34 - Server has startet and listens on port 61373
2014-09-24 20:58:25,259 6372 [main] DEBUG de.prob.cli.ProBInstanceProvider Method:
				analyseStdout Line: 105 - Apply cli detection patterns to probcli revision: 90b5c8dba0b66d76cc21d1d9f58cd0882b94d133
2014-09-24 20:58:25,259 6372 [main] DEBUG de.prob.cli.ProBInstanceProvider Method:
				analyseStdout Line: 105 - Apply cli detection patterns to user interrupt reference id: 8112
2014-09-24 20:58:25,259 6372 [main] INFO  de.prob.cli.InterruptRefPattern Method:
				setValue Line: 32 - Server can receive user interrupts via reference 8112
2014-09-24 20:58:25,260 6373 [main] DEBUG de.prob.cli.ProBConnection Method:
				connect Line: 40 - Connecting to port 61373 using key 7663357f63167a09
2014-09-24 20:58:25,261 6374 [main] DEBUG de.prob.cli.ProBConnection Method:
				connect Line: 47 - Connected
2014-09-24 20:58:25,263 6376 [Thread-3] DEBUG de.prob.cli.ProBInstance Method:
				readAndLog Line: 54 - -- starting command loop --
2014-09-24 20:58:25,416 6529 [main] INFO  de.prob.cli.ProBConnection Method:
				send Line: 65 - set_eclipse_preference('SYMBOLIC',true),set_eclipse_preference('CSE_PRED',true),set_eclipse_preference('SYMMETRY_MODE',off),set_eclipse_preference('DEFAULT_SETSIZE','2'),set_eclipse_preference('KODKOD_ONLY_FULL',true),set_eclipse_preference('CSE_WD_ONLY',false),set_eclipse_preference('TIME_OUT','2500'),set_eclipse_preference('KODKOD',false),set_eclipse_preference('NUMBER_OF_ANIMATED_ABSTRACTIONS','20'),set_eclipse_preference('USE_RECORD_CONSTRUCTION',true),set_eclipse_preference('MEMO',false),set_eclipse_preference('MAX_OPERATIONS','10'),set_eclipse_preference('CSE',false),set_eclipse_preference('MAXINT','20'),set_eclipse_preference('ALLOW_INCOMPLETE_SETUP_CONSTANTS',false),set_eclipse_preference('MININT','-1'),set_eclipse_preference('STATIC_ORDERING',false),set_eclipse_preference('COMPRESSION',false),set_eclipse_preference('MAX_INITIALISATIONS','4'),set_eclipse_preference('TRY_FIND_ABORT',false),set_eclipse_preference('CLPFD',true),set_eclipse_preference('CHR',false),set_eclipse_preference('PROOF_INFO',true),set_eclipse_preference('SMT',false),load_classical_b_from_list_of_facts('/Users/ernestocid/dev/beta/br.ufrn.forall.beta/src/test/resources/machines/others/WithSets.mch',[parser_version('2013-04-30 11:58:52.139'),classical_b('WithSets',['/Users/ernestocid/dev/beta/br.ufrn.forall.beta/src/test/resources/machines/others/WithSets.mch']),machine(abstract_machine(1,machine(2),machine_header(3,'WithSets',[]),[variables(4,[identifier(5,temp)]),invariant(6,subset(7,identifier(8,temp),nat1_set(9))),initialisation(10,assign(11,[identifier(12,temp)],[empty_set(13)])),operations(14,[operation(15,identifier(15,test),[],[],precondition(16,equal(17,identifier(18,temp),set_extension(19,[integer(20,1),integer(21,2),integer(22,3)])),skip(23)))])]))]),start_animation,true.

2014-09-24 20:58:25,489 6602 [Thread-3] DEBUG de.prob.cli.ProBInstance Method:
				readAndLog Line: 54 - Connected: 127.0.0.1
2014-09-24 20:58:25,489 6602 [main] INFO  de.prob.cli.ProBConnection Method:
				send Line: 78 - yes([])
2014-09-24 20:58:25,489 6602 [Thread-3] DEBUG de.prob.cli.ProBInstance Method:
				readAndLog Line: 54 - loading_classical_b(parser_version(2013-04-30 11:58:52.139),WithSets,[/Users/ernestocid/dev/beta/br.ufrn.forall.beta/src/test/resources/machines/others/WithSets.mch])
2014-09-24 20:58:25,505 6618 [main] INFO  de.prob.cli.ProBConnection Method:
				send Line: 65 - get_error_messages(Errors),true.

2014-09-24 20:58:25,506 6619 [main] INFO  de.prob.cli.ProBConnection Method:
				send Line: 78 - yes('.'(=('Errors',[]),[]))
2014-09-24 20:58:25,508 6621 [main] INFO  de.prob.cli.ProBConnection Method:
				send Line: 65 - register_prob2_formula(formula_1,eval(identifier(none,temp),'#EXPRESSION',temp)),true.

2014-09-24 20:58:25,509 6622 [main] INFO  de.prob.cli.ProBConnection Method:
				send Line: 78 - yes([])
2014-09-24 20:58:25,510 6623 [main] INFO  de.prob.cli.ProBConnection Method:
				send Line: 65 - get_error_messages(Errors),true.

2014-09-24 20:58:25,510 6623 [main] INFO  de.prob.cli.ProBConnection Method:
				send Line: 78 - yes('.'(=('Errors',[]),[]))
2014-09-24 20:58:25,511 6624 [main] INFO  de.prob.cli.ProBConnection Method:
				send Line: 65 - register_prob2_formula(formula_2,eval(subset(none,identifier(none,temp),nat1_set(none)),'#PREDICATE','temp<:NAT1')),true.

2014-09-24 20:58:25,512 6625 [main] INFO  de.prob.cli.ProBConnection Method:
				send Line: 78 - yes([])
2014-09-24 20:58:25,513 6626 [main] INFO  de.prob.cli.ProBConnection Method:
				send Line: 65 - get_error_messages(Errors),true.

2014-09-24 20:58:25,513 6626 [main] INFO  de.prob.cli.ProBConnection Method:
				send Line: 78 - yes('.'(=('Errors',[]),[]))
2014-09-24 20:58:25,529 6642 [main] INFO  de.prob.cli.ProBConnection Method:
				send Line: 65 - compute_operations_for_state(root,APLOps),evaluate_registered_formulas(root,[formula_2,formula_1],BResults),state_property(initialised,root,CPropResult),state_property(invariantKO,root,DPropResult),state_property(max_operations_reached,root,EPropResult),state_property(timeout_occurred,root,FPropResult),op_timeout_occurred(root,GTO),get_state_errors(root,HErrors),true.

2014-09-24 20:58:25,593 6706 [main] INFO  de.prob.cli.ProBConnection Method:
				send Line: 78 - yes('.'(=('APLOps','.'(op(0,root,0),[])),'.'(=('BResults',[]),'.'(=('CPropResult',false),'.'(=('DPropResult',false),'.'(=('EPropResult',false),'.'(=('FPropResult',false),'.'(=('GTO',[]),'.'(=('HErrors',[]),[])))))))))
2014-09-24 20:58:25,598 6711 [main] INFO  de.prob.cli.ProBConnection Method:
				send Line: 65 - get_error_messages(Errors),true.

2014-09-24 20:58:25,599 6712 [main] INFO  de.prob.cli.ProBConnection Method:
				send Line: 78 - yes('.'(=('Errors',[]),[]))
2014-09-24 20:58:25,614 6727 [main] INFO  de.prob.cli.ProBConnection Method:
				send Line: 65 - compute_operations_for_state(0,APLOps),evaluate_registered_formulas(0,[formula_2,formula_1],BResults),state_property(initialised,0,CPropResult),state_property(invariantKO,0,DPropResult),state_property(max_operations_reached,0,EPropResult),state_property(timeout_occurred,0,FPropResult),op_timeout_occurred(0,GTO),get_state_errors(0,HErrors),true.

2014-09-24 20:58:25,630 6743 [main] INFO  de.prob.cli.ProBConnection Method:
				send Line: 78 - yes('.'(=('APLOps',[]),'.'(=('BResults','.'(result('TRUE',[],'temp<:NAT1'),'.'(result(v({},[]),[],temp),[]))),'.'(=('CPropResult',true),'.'(=('DPropResult',false),'.'(=('EPropResult',false),'.'(=('FPropResult',false),'.'(=('GTO',[]),'.'(=('HErrors',[]),[])))))))))
2014-09-24 20:58:25,630 6743 [Thread-3] DEBUG de.prob.cli.ProBInstance Method:
				readAndLog Line: 54 - Predicate is TRUE
2014-09-24 20:58:25,630 6743 [Thread-3] DEBUG de.prob.cli.ProBInstance Method:
				readAndLog Line: 54 - Expression Value = 
2014-09-24 20:58:25,630 6743 [Thread-3] DEBUG de.prob.cli.ProBInstance Method:
				readAndLog Line: 54 - {}
2014-09-24 20:58:25,656 6769 [main] INFO  de.prob.cli.ProBConnection Method:
				send Line: 65 - get_error_messages(Errors),true.

2014-09-24 20:58:25,657 6770 [main] INFO  de.prob.cli.ProBConnection Method:
				send Line: 78 - yes('.'(=('Errors',[]),[]))
2014-09-24 20:58:25,661 6774 [main] INFO  de.prob.cli.ProBConnection Method:
				send Line: 65 - find_state_for_predicate(equal(none,identifier(none,temp),set_extension(none,[integer(none,1),integer(none,2),integer(none,3)])),R),true.

2014-09-24 20:58:25,682 6795 [main] INFO  de.prob.cli.ProBConnection Method:
				send Line: 78 - yes('.'(=('R',state_found(op(1,root,1),1)),[]))
2014-09-24 20:58:25,682 6795 [Thread-3] DEBUG de.prob.cli.ProBInstance Method:
				readAndLog Line: 54 - temp = {1,2,3}
2014-09-24 20:58:25,684 6797 [main] INFO  de.prob.cli.ProBConnection Method:
				send Line: 65 - get_error_messages(Errors),true.

2014-09-24 20:58:25,685 6798 [main] INFO  de.prob.cli.ProBConnection Method:
				send Line: 78 - yes('.'(=('Errors',[]),[]))
2014-09-24 20:58:25,686 6799 [main] INFO  de.prob.cli.ProBConnection Method:
				send Line: 65 - find_trace_to_node(1,Trace),true.

2014-09-24 20:58:25,688 6801 [main] INFO  de.prob.cli.ProBConnection Method:
				send Line: 78 - yes('.'(=('Trace','.'(op(1,root,1),[])),[]))
2014-09-24 20:58:25,688 6801 [Thread-3] DEBUG de.prob.cli.ProBInstance Method:
				readAndLog Line: 54 - 
2014-09-24 20:58:25,689 6802 [main] INFO  de.prob.cli.ProBConnection Method:
				send Line: 65 - get_error_messages(Errors),true.

2014-09-24 20:58:25,689 6802 [main] INFO  de.prob.cli.ProBConnection Method:
				send Line: 78 - yes('.'(=('Errors',[]),[]))
2014-09-24 20:58:25,698 6811 [main] INFO  de.prob.cli.ProBConnection Method:
				send Line: 65 - prob2_execute_custom_operations(1,test,equal(none,boolean_true(none),boolean_true(none)),1,NewStateID,Errors),true.

2014-09-24 20:58:25,701 6814 [main] INFO  de.prob.cli.ProBConnection Method:
				send Line: 78 - yes('.'(=('NewStateID','.'(op(2,1,1),[])),'.'(=('Errors',[]),[])))
2014-09-24 20:58:25,701 6814 [Thread-3] DEBUG de.prob.cli.ProBInstance Method:
				readAndLog Line: 54 - check_additional_guard
2014-09-24 20:58:25,701 6814 [Thread-3] DEBUG de.prob.cli.ProBInstance Method:
				readAndLog Line: 54 - /* truth */ TRUE = TRUE
2014-09-24 20:58:25,701 6814 [Thread-3] DEBUG de.prob.cli.ProBInstance Method:
				readAndLog Line: 54 - checked
2014-09-24 20:58:25,701 6814 [Thread-3] DEBUG de.prob.cli.ProBInstance Method:
				readAndLog Line: 54 - 
2014-09-24 20:58:25,701 6814 [Thread-3] DEBUG de.prob.cli.ProBInstance Method:
				readAndLog Line: 54 - ALL OPERATIONS COVERED
2014-09-24 20:58:25,701 6814 [Thread-3] DEBUG de.prob.cli.ProBInstance Method:
				readAndLog Line: 54 - 
2014-09-24 20:58:25,702 6815 [main] INFO  de.prob.cli.ProBConnection Method:
				send Line: 65 - get_error_messages(Errors),true.

2014-09-24 20:58:25,703 6816 [main] INFO  de.prob.cli.ProBConnection Method:
				send Line: 78 - yes('.'(=('Errors',[]),[]))
2014-09-24 20:58:25,715 6828 [main] INFO  de.prob.cli.ProBConnection Method:
				send Line: 65 - compute_operations_for_state(1,APLOps),evaluate_registered_formulas(1,[formula_2,formula_1],BResults),state_property(initialised,1,CPropResult),state_property(invariantKO,1,DPropResult),state_property(max_operations_reached,1,EPropResult),state_property(timeout_occurred,1,FPropResult),op_timeout_occurred(1,GTO),get_state_errors(1,HErrors),true.

2014-09-24 20:58:25,718 6831 [main] INFO  de.prob.cli.ProBConnection Method:
				send Line: 78 - yes('.'(=('APLOps','.'(op(2,1,1),[])),'.'(=('BResults','.'(result('TRUE',[],'temp<:NAT1'),'.'(result(v('{1,2,3}',avl_set(node(int(2),true,0,node(int(1),true,0,empty,empty),node(int(3),true,0,empty,empty)))),[],temp),[]))),'.'(=('CPropResult',true),'.'(=('DPropResult',false),'.'(=('EPropResult',false),'.'(=('FPropResult',false),'.'(=('GTO',[]),'.'(=('HErrors',[]),[])))))))))
2014-09-24 20:58:25,718 6831 [Thread-3] DEBUG de.prob.cli.ProBInstance Method:
				readAndLog Line: 54 - Predicate is TRUE
2014-09-24 20:58:25,718 6831 [Thread-3] DEBUG de.prob.cli.ProBInstance Method:
				readAndLog Line: 54 - Expression Value = 
2014-09-24 20:58:25,718 6831 [Thread-3] DEBUG de.prob.cli.ProBInstance Method:
				readAndLog Line: 54 - {1,2,3}
2014-09-24 20:58:25,722 6835 [main] INFO  de.prob.cli.ProBConnection Method:
				send Line: 65 - get_error_messages(Errors),true.

2014-09-24 20:58:25,722 6835 [main] INFO  de.prob.cli.ProBConnection Method:
				send Line: 78 - yes('.'(=('Errors',[]),[]))
2014-09-24 20:58:28,007 9120 [main] INFO  de.prob.cli.PrologProcessProvider Method:
				makeProcess Line: 52 - Starting ProB's Prolog Core. Path is /Users/ernestocid/Tools/ProB//probcli.sh
2014-09-24 20:58:28,011 9124 [main] DEBUG de.prob.cli.PrologProcessProvider Method:
				makeProcess Line: 54 - Cli started
2014-09-24 20:58:28,012 9125 [main] DEBUG de.prob.cli.ProBInstanceProvider Method:
				analyseStdout Line: 105 - Apply cli detection patterns to Running ProB Command-line Interface
2014-09-24 20:58:28,012 9125 [main] DEBUG de.prob.cli.ProBInstanceProvider Method:
				analyseStdout Line: 105 - Apply cli detection patterns to probcli -sf
2014-09-24 20:58:28,627 9740 [main] DEBUG de.prob.cli.ProBInstanceProvider Method:
				analyseStdout Line: 105 - Apply cli detection patterns to No file to process
2014-09-24 20:58:28,628 9741 [main] DEBUG de.prob.cli.ProBInstanceProvider Method:
				analyseStdout Line: 105 - Apply cli detection patterns to Starting Socket Server
2014-09-24 20:58:28,628 9741 [main] DEBUG de.prob.cli.ProBInstanceProvider Method:
				analyseStdout Line: 105 - Apply cli detection patterns to Application Path: /Users/ernestocid/Tools/ProB
2014-09-24 20:58:28,628 9741 [main] DEBUG de.prob.cli.ProBInstanceProvider Method:
				analyseStdout Line: 105 - Apply cli detection patterns to Port: 61375
2014-09-24 20:58:28,628 9741 [main] INFO  de.prob.cli.PortPattern Method:
				setValue Line: 34 - Server has startet and listens on port 61375
2014-09-24 20:58:28,629 9742 [main] DEBUG de.prob.cli.ProBInstanceProvider Method:
				analyseStdout Line: 105 - Apply cli detection patterns to probcli revision: 90b5c8dba0b66d76cc21d1d9f58cd0882b94d133
2014-09-24 20:58:28,629 9742 [main] DEBUG de.prob.cli.ProBInstanceProvider Method:
				analyseStdout Line: 105 - Apply cli detection patterns to user interrupt reference id: 8120
2014-09-24 20:58:28,629 9742 [main] INFO  de.prob.cli.InterruptRefPattern Method:
				setValue Line: 32 - Server can receive user interrupts via reference 8120
2014-09-24 20:58:28,629 9742 [main] DEBUG de.prob.cli.ProBConnection Method:
				connect Line: 40 - Connecting to port 61375 using key 7663357f63167a09
2014-09-24 20:58:28,629 9742 [main] DEBUG de.prob.cli.ProBConnection Method:
				connect Line: 47 - Connected
2014-09-24 20:58:28,630 9743 [Thread-5] DEBUG de.prob.cli.ProBInstance Method:
				readAndLog Line: 54 - -- starting command loop --
2014-09-24 20:58:28,640 9753 [main] INFO  de.prob.cli.ProBConnection Method:
				send Line: 65 - set_eclipse_preference('SYMBOLIC',true),set_eclipse_preference('CSE_PRED',true),set_eclipse_preference('SYMMETRY_MODE',off),set_eclipse_preference('DEFAULT_SETSIZE','2'),set_eclipse_preference('KODKOD_ONLY_FULL',true),set_eclipse_preference('CSE_WD_ONLY',false),set_eclipse_preference('TIME_OUT','2500'),set_eclipse_preference('KODKOD',false),set_eclipse_preference('NUMBER_OF_ANIMATED_ABSTRACTIONS','20'),set_eclipse_preference('USE_RECORD_CONSTRUCTION',true),set_eclipse_preference('MEMO',false),set_eclipse_preference('MAX_OPERATIONS','10'),set_eclipse_preference('CSE',false),set_eclipse_preference('MAXINT','20'),set_eclipse_preference('ALLOW_INCOMPLETE_SETUP_CONSTANTS',false),set_eclipse_preference('MININT','-1'),set_eclipse_preference('STATIC_ORDERING',false),set_eclipse_preference('COMPRESSION',false),set_eclipse_preference('MAX_INITIALISATIONS','4'),set_eclipse_preference('TRY_FIND_ABORT',false),set_eclipse_preference('CLPFD',true),set_eclipse_preference('CHR',false),set_eclipse_preference('PROOF_INFO',true),set_eclipse_preference('SMT',false),load_classical_b_from_list_of_facts('/Users/ernestocid/dev/beta/br.ufrn.forall.beta/src/test/resources/machines/others/Calc.mch',[parser_version('2013-04-30 11:58:52.139'),classical_b('Calc',['/Users/ernestocid/dev/beta/br.ufrn.forall.beta/src/test/resources/machines/others/Calc.mch']),machine(abstract_machine(1,machine(2),machine_header(3,'Calc',[]),[operations(4,[operation(5,identifier(5,sum),[identifier(6,rr)],[identifier(7,xx),identifier(8,yy)],precondition(9,conjunct(10,member(11,identifier(12,xx),int_set(13)),member(14,identifier(15,yy),int_set(16))),assign(17,[identifier(18,rr)],[add(19,identifier(20,xx),identifier(21,yy))])))])]))]),start_animation,true.

2014-09-24 20:58:28,704 9817 [main] INFO  de.prob.cli.ProBConnection Method:
				send Line: 78 - yes([])
2014-09-24 20:58:28,704 9817 [Thread-5] DEBUG de.prob.cli.ProBInstance Method:
				readAndLog Line: 54 - Connected: 127.0.0.1
2014-09-24 20:58:28,705 9818 [Thread-5] DEBUG de.prob.cli.ProBInstance Method:
				readAndLog Line: 54 - loading_classical_b(parser_version(2013-04-30 11:58:52.139),Calc,[/Users/ernestocid/dev/beta/br.ufrn.forall.beta/src/test/resources/machines/others/Calc.mch])
2014-09-24 20:58:28,705 9818 [main] INFO  de.prob.cli.ProBConnection Method:
				send Line: 65 - get_error_messages(Errors),true.

2014-09-24 20:58:28,705 9818 [main] INFO  de.prob.cli.ProBConnection Method:
				send Line: 78 - yes('.'(=('Errors',[]),[]))
2014-09-24 20:58:28,706 9819 [main] INFO  de.prob.cli.ProBConnection Method:
				send Line: 65 - compute_operations_for_state(root,APLOps),evaluate_registered_formulas(root,[],BResults),state_property(initialised,root,CPropResult),state_property(invariantKO,root,DPropResult),state_property(max_operations_reached,root,EPropResult),state_property(timeout_occurred,root,FPropResult),op_timeout_occurred(root,GTO),get_state_errors(root,HErrors),true.

2014-09-24 20:58:28,718 9831 [main] INFO  de.prob.cli.ProBConnection Method:
				send Line: 78 - yes('.'(=('APLOps','.'(op(0,root,0),[])),'.'(=('BResults',[]),'.'(=('CPropResult',false),'.'(=('DPropResult',false),'.'(=('EPropResult',false),'.'(=('FPropResult',false),'.'(=('GTO',[]),'.'(=('HErrors',[]),[])))))))))
2014-09-24 20:58:28,719 9832 [main] INFO  de.prob.cli.ProBConnection Method:
				send Line: 65 - get_error_messages(Errors),true.

2014-09-24 20:58:28,720 9833 [main] INFO  de.prob.cli.ProBConnection Method:
				send Line: 78 - yes('.'(=('Errors',[]),[]))
2014-09-24 20:58:28,721 9834 [main] INFO  de.prob.cli.ProBConnection Method:
				send Line: 65 - compute_operations_for_state(0,APLOps),evaluate_registered_formulas(0,[],BResults),state_property(initialised,0,CPropResult),state_property(invariantKO,0,DPropResult),state_property(max_operations_reached,0,EPropResult),state_property(timeout_occurred,0,FPropResult),op_timeout_occurred(0,GTO),get_state_errors(0,HErrors),true.

2014-09-24 20:58:28,785 9898 [main] INFO  de.prob.cli.ProBConnection Method:
				send Line: 78 - yes('.'(=('APLOps','.'(op(1,0,0),'.'(op(2,0,0),'.'(op(3,0,0),'.'(op(4,0,0),'.'(op(5,0,0),'.'(op(6,0,0),'.'(op(7,0,0),'.'(op(8,0,0),'.'(op(9,0,0),'.'(op(10,0,0),[]))))))))))),'.'(=('BResults',[]),'.'(=('CPropResult',true),'.'(=('DPropResult',false),'.'(=('EPropResult',true),'.'(=('FPropResult',false),'.'(=('GTO',[]),'.'(=('HErrors',[]),[])))))))))
2014-09-24 20:58:28,785 9898 [Thread-5] DEBUG de.prob.cli.ProBInstance Method:
				readAndLog Line: 54 - 
2014-09-24 20:58:28,785 9898 [Thread-5] DEBUG de.prob.cli.ProBInstance Method:
				readAndLog Line: 54 - ALL OPERATIONS COVERED
2014-09-24 20:58:28,785 9898 [Thread-5] DEBUG de.prob.cli.ProBInstance Method:
				readAndLog Line: 54 - 
2014-09-24 20:58:28,791 9904 [main] INFO  de.prob.cli.ProBConnection Method:
				send Line: 65 - get_error_messages(Errors),true.

2014-09-24 20:58:28,791 9904 [main] INFO  de.prob.cli.ProBConnection Method:
				send Line: 78 - yes('.'(=('Errors',[]),[]))
2014-09-24 20:58:28,798 9911 [main] INFO  de.prob.cli.ProBConnection Method:
				send Line: 65 - prob2_execute_custom_operations(0,sum,conjunct(none,equal(none,identifier(none,yy),unary_minus(none,integer(none,1))),equal(none,identifier(none,xx),unary_minus(none,integer(none,1)))),1,NewStateID,Errors),true.

2014-09-24 20:58:28,811 9924 [Thread-5] DEBUG de.prob.cli.ProBInstance Method:
				readAndLog Line: 54 - check_additional_guard
2014-09-24 20:58:28,811 9924 [main] INFO  de.prob.cli.ProBConnection Method:
				send Line: 78 - yes('.'(=('NewStateID','.'(op(1,0,0),[])),'.'(=('Errors',[]),[])))
2014-09-24 20:58:28,811 9924 [Thread-5] DEBUG de.prob.cli.ProBInstance Method:
				readAndLog Line: 54 - yy = -1 & xx = -1
2014-09-24 20:58:28,811 9924 [Thread-5] DEBUG de.prob.cli.ProBInstance Method:
				readAndLog Line: 54 - checked
2014-09-24 20:58:28,812 9925 [main] INFO  de.prob.cli.ProBConnection Method:
				send Line: 65 - get_error_messages(Errors),true.

2014-09-24 20:58:28,812 9925 [main] INFO  de.prob.cli.ProBConnection Method:
				send Line: 78 - yes('.'(=('Errors',[]),[]))
