2014-08-28 11:34:43,860 3236 [main] INFO  de.prob.cli.PrologProcessProvider Method:
				makeProcess Line: 52 - Starting ProB's Prolog Core. Path is /Users/ernestocid/.prob/probcli.sh
2014-08-28 11:34:43,875 3251 [main] DEBUG de.prob.cli.PrologProcessProvider Method:
				makeProcess Line: 54 - Cli started
2014-08-28 11:34:43,879 3255 [main] DEBUG de.prob.cli.ProBInstanceProvider Method:
				analyseStdout Line: 105 - Apply cli detection patterns to Running ProB Command-line Interface
2014-08-28 11:34:43,879 3255 [main] DEBUG de.prob.cli.ProBInstanceProvider Method:
				analyseStdout Line: 105 - Apply cli detection patterns to probcli -sf
2014-08-28 11:34:44,454 3830 [main] DEBUG de.prob.cli.ProBInstanceProvider Method:
				analyseStdout Line: 105 - Apply cli detection patterns to No file to process
2014-08-28 11:34:44,454 3830 [main] DEBUG de.prob.cli.ProBInstanceProvider Method:
				analyseStdout Line: 105 - Apply cli detection patterns to Starting Socket Server
2014-08-28 11:34:44,455 3831 [main] DEBUG de.prob.cli.ProBInstanceProvider Method:
				analyseStdout Line: 105 - Apply cli detection patterns to Application Path: /Users/ernestocid/.prob
2014-08-28 11:34:44,455 3831 [main] DEBUG de.prob.cli.ProBInstanceProvider Method:
				analyseStdout Line: 105 - Apply cli detection patterns to Port: 50503
2014-08-28 11:34:44,455 3831 [main] INFO  de.prob.cli.PortPattern Method:
				setValue Line: 34 - Server has startet and listens on port 50503
2014-08-28 11:34:44,455 3831 [main] DEBUG de.prob.cli.ProBInstanceProvider Method:
				analyseStdout Line: 105 - Apply cli detection patterns to probcli revision: b2b0b75d43689a3356f7372d4c3959b0f23c90c2
2014-08-28 11:34:44,455 3831 [main] DEBUG de.prob.cli.ProBInstanceProvider Method:
				analyseStdout Line: 105 - Apply cli detection patterns to user interrupt reference id: 1382
2014-08-28 11:34:44,455 3831 [main] INFO  de.prob.cli.InterruptRefPattern Method:
				setValue Line: 32 - Server can receive user interrupts via reference 1382
2014-08-28 11:34:44,456 3832 [main] DEBUG de.prob.cli.ProBConnection Method:
				connect Line: 40 - Connecting to port 50503 using key 67d219be8dc6d3fa
2014-08-28 11:34:44,457 3833 [main] DEBUG de.prob.cli.ProBConnection Method:
				connect Line: 47 - Connected
2014-08-28 11:34:44,458 3834 [Thread-3] DEBUG de.prob.cli.ProBInstance Method:
				readAndLog Line: 54 - -- starting command loop --
2014-08-28 11:34:44,618 3994 [main] INFO  de.prob.cli.ProBConnection Method:
				send Line: 65 - set_eclipse_preference('SYMBOLIC',true),set_eclipse_preference('DEFAULT_SETSIZE','2'),set_eclipse_preference('SYMMETRY_MODE',off),set_eclipse_preference('KODKOD_ONLY_FULL',true),set_eclipse_preference('TIME_OUT','2500'),set_eclipse_preference('KODKOD',false),set_eclipse_preference('NUMBER_OF_ANIMATED_ABSTRACTIONS','20'),set_eclipse_preference('USE_RECORD_CONSTRUCTION',true),set_eclipse_preference('MEMO',false),set_eclipse_preference('MAX_OPERATIONS','10'),set_eclipse_preference('MAXINT','30'),set_eclipse_preference('ALLOW_INCOMPLETE_SETUP_CONSTANTS',false),set_eclipse_preference('MININT','-1'),set_eclipse_preference('STATIC_ORDERING',false),set_eclipse_preference('MAX_INITIALISATIONS','4'),set_eclipse_preference('COMPRESSION',false),set_eclipse_preference('TRY_FIND_ABORT',false),set_eclipse_preference('CLPFD',true),set_eclipse_preference('CHR',false),set_eclipse_preference('PROOF_INFO',true),set_eclipse_preference('SMT',false),load_classical_b_from_list_of_facts('/Users/ernestocid/dev/beta/br.ufrn.forall.logicalcoverageexperiments/src/test/resources/machines/PassFinalOrFailIFELSIFELSE.mch',[parser_version('2013-04-30 11:58:52.139'),classical_b('PassFinalOrFailIFELSIFELSE',['/Users/ernestocid/dev/beta/br.ufrn.forall.logicalcoverageexperiments/src/test/resources/machines/PassFinalOrFailIFELSIFELSE.mch']),machine(abstract_machine(1,machine(2),machine_header(3,'PassFinalOrFailIFELSIFELSE',[]),[sets(4,[enumerated_set(5,'RESULT',[identifier(6,pass),identifier(7,final),identifier(8,fail)])]),operations(9,[operation(10,identifier(10,checkResult),[identifier(11,result)],[identifier(12,averageGrade)],precondition(13,conjunct(14,member(15,identifier(16,averageGrade),interval(17,integer(18,0),integer(19,5))),member(20,identifier(21,averageGrade),int_set(22))),if(23,greater_equal(24,identifier(25,averageGrade),integer(26,4)),assign(27,[identifier(28,result)],[identifier(29,pass)]),[if_elsif(30,conjunct(31,greater_equal(32,identifier(33,averageGrade),integer(34,2)),less(35,identifier(36,averageGrade),integer(37,4))),assign(38,[identifier(39,result)],[identifier(40,final)]))],assign(41,[identifier(42,result)],[identifier(43,fail)]))))])]))]),start_animation,true.

2014-08-28 11:34:44,628 4004 [Thread-3] DEBUG de.prob.cli.ProBInstance Method:
				readAndLog Line: 54 - Connected: 127.0.0.1
2014-08-28 11:34:44,628 4004 [main] INFO  de.prob.cli.ProBConnection Method:
				send Line: 78 - yes([])
2014-08-28 11:34:44,628 4004 [Thread-3] DEBUG de.prob.cli.ProBInstance Method:
				readAndLog Line: 54 - loading_classical_b(parser_version(2013-04-30 11:58:52.139),PassFinalOrFailIFELSIFELSE,[/Users/ernestocid/dev/beta/br.ufrn.forall.logicalcoverageexperiments/src/test/resources/machines/PassFinalOrFailIFELSIFELSE.mch])
2014-08-28 11:34:44,658 4034 [main] INFO  de.prob.cli.ProBConnection Method:
				send Line: 65 - getErrorMessages(Errors),true.

2014-08-28 11:34:44,658 4034 [main] INFO  de.prob.cli.ProBConnection Method:
				send Line: 78 - yes('.'(=('Errors',[]),[]))
2014-08-28 11:34:44,677 4053 [main] INFO  de.prob.cli.ProBConnection Method:
				send Line: 65 - compute_operations_for_state(root,APLOps),eval_registered_formulas(root,[],BResults),state_property(initialised,root,CPropResult),state_property(invariantKO,root,DPropResult),state_property(max_operations_reached,root,EPropResult),state_property(timeout_occurred,root,FPropResult),op_timeout_occurred(root,GTO),get_state_errors(root,HErrors),true.

2014-08-28 11:34:44,678 4054 [main] INFO  de.prob.cli.ProBConnection Method:
				send Line: 78 - yes('.'(=('GTO',[]),'.'(=('APLOps','.'(op(0,root,0),[])),'.'(=('FPropResult',false),'.'(=('EPropResult',false),'.'(=('DPropResult',false),'.'(=('CPropResult',false),'.'(=('BResults',[]),'.'(=('HErrors',[]),[])))))))))
2014-08-28 11:34:44,681 4057 [main] INFO  de.prob.cli.ProBConnection Method:
				send Line: 65 - getErrorMessages(Errors),true.

2014-08-28 11:34:44,682 4058 [main] INFO  de.prob.cli.ProBConnection Method:
				send Line: 78 - yes('.'(=('Errors',[]),[]))
2014-08-28 11:34:44,694 4070 [main] INFO  de.prob.cli.ProBConnection Method:
				send Line: 65 - prob2_execute_custom_operations(root,'$setup_constants',equal(none,boolean_true(none),boolean_true(none)),1,NewStateID,Errors),true.

2014-08-28 11:34:44,695 4071 [main] INFO  de.prob.cli.ProBConnection Method:
				send Line: 78 - yes('.'(=('Errors',[]),'.'(=('NewStateID',[]),[])))
2014-08-28 11:34:44,696 4072 [main] INFO  de.prob.cli.ProBConnection Method:
				send Line: 65 - getErrorMessages(Errors),true.

2014-08-28 11:34:44,697 4073 [main] INFO  de.prob.cli.ProBConnection Method:
				send Line: 78 - yes('.'(=('Errors',[]),[]))
2014-08-28 11:34:44,702 4078 [main] INFO  de.prob.cli.ProBConnection Method:
				send Line: 65 - prob2_execute_custom_operations(root,'$initialise_machine',equal(none,boolean_true(none),boolean_true(none)),1,NewStateID,Errors),true.

2014-08-28 11:34:44,706 4082 [main] INFO  de.prob.cli.ProBConnection Method:
				send Line: 78 - yes('.'(=('Errors',[]),'.'(=('NewStateID','.'(op(0,root,0),[])),[])))
2014-08-28 11:34:44,706 4082 [Thread-3] DEBUG de.prob.cli.ProBInstance Method:
				readAndLog Line: 54 - check_additional_guard
2014-08-28 11:34:44,706 4082 [Thread-3] DEBUG de.prob.cli.ProBInstance Method:
				readAndLog Line: 54 - /* truth */ TRUE = TRUE
2014-08-28 11:34:44,706 4082 [Thread-3] DEBUG de.prob.cli.ProBInstance Method:
				readAndLog Line: 54 - checked
2014-08-28 11:34:44,707 4083 [main] INFO  de.prob.cli.ProBConnection Method:
				send Line: 65 - getErrorMessages(Errors),true.

2014-08-28 11:34:44,708 4084 [main] INFO  de.prob.cli.ProBConnection Method:
				send Line: 78 - yes('.'(=('Errors',[]),[]))
2014-08-28 11:34:44,720 4096 [main] INFO  de.prob.cli.ProBConnection Method:
				send Line: 65 - compute_operations_for_state(0,APLOps),eval_registered_formulas(0,[],BResults),state_property(initialised,0,CPropResult),state_property(invariantKO,0,DPropResult),state_property(max_operations_reached,0,EPropResult),state_property(timeout_occurred,0,FPropResult),op_timeout_occurred(0,GTO),get_state_errors(0,HErrors),true.

2014-08-28 11:34:44,724 4100 [main] INFO  de.prob.cli.ProBConnection Method:
				send Line: 78 - yes('.'(=('GTO',[]),'.'(=('APLOps','.'(op(1,0,0),'.'(op(2,0,0),'.'(op(3,0,0),'.'(op(4,0,0),'.'(op(5,0,0),'.'(op(6,0,0),[]))))))),'.'(=('FPropResult',false),'.'(=('EPropResult',false),'.'(=('DPropResult',false),'.'(=('CPropResult',true),'.'(=('BResults',[]),'.'(=('HErrors',[]),[])))))))))
2014-08-28 11:34:44,724 4100 [Thread-3] DEBUG de.prob.cli.ProBInstance Method:
				readAndLog Line: 54 - 
2014-08-28 11:34:44,725 4101 [Thread-3] DEBUG de.prob.cli.ProBInstance Method:
				readAndLog Line: 54 - ALL OPERATIONS COVERED
2014-08-28 11:34:44,725 4101 [Thread-3] DEBUG de.prob.cli.ProBInstance Method:
				readAndLog Line: 54 - 
2014-08-28 11:34:44,728 4104 [main] INFO  de.prob.cli.ProBConnection Method:
				send Line: 65 - getErrorMessages(Errors),true.

2014-08-28 11:34:44,729 4105 [main] INFO  de.prob.cli.ProBConnection Method:
				send Line: 78 - yes('.'(=('Errors',[]),[]))
2014-08-28 11:34:44,751 4127 [main] INFO  de.prob.cli.ProBConnection Method:
				send Line: 65 - evaluate_formula(0,eval(conjunct(none,member(none,identifier(none,averageGrade),interval(none,integer(none,0),integer(none,5))),member(none,identifier(none,averageGrade),int_set(none))),'#PREDICATE','averageGrade : 0..5 & averageGrade : INT'),ARes),true.

2014-08-28 11:34:44,753 4129 [main] INFO  de.prob.cli.ProBConnection Method:
				send Line: 78 - yes('.'(=('ARes',result('TRUE','.'(bind(averageGrade,int(0),'0'),[]),'averageGrade : 0..5 & averageGrade : INT')),[]))
2014-08-28 11:34:44,756 4132 [Thread-3] DEBUG de.prob.cli.ProBInstance Method:
				readAndLog Line: 54 - Existentially Quantified Predicate over averageGrade is TRUE
2014-08-28 11:34:44,756 4132 [Thread-3] DEBUG de.prob.cli.ProBInstance Method:
				readAndLog Line: 54 - Solution: 
2014-08-28 11:34:44,756 4132 [Thread-3] DEBUG de.prob.cli.ProBInstance Method:
				readAndLog Line: 54 -        averageGrade = 0
2014-08-28 11:34:44,756 4132 [Thread-3] DEBUG de.prob.cli.ProBInstance Method:
				readAndLog Line: 54 - 
2014-08-28 11:34:44,761 4137 [main] INFO  de.prob.cli.ProBConnection Method:
				send Line: 65 - getErrorMessages(Errors),true.

2014-08-28 11:34:44,762 4138 [main] INFO  de.prob.cli.ProBConnection Method:
				send Line: 78 - yes('.'(=('Errors',[]),[]))
2014-08-28 12:19:54,255 3182 [main] INFO  de.prob.cli.PrologProcessProvider Method:
				makeProcess Line: 52 - Starting ProB's Prolog Core. Path is /Users/ernestocid/.prob/probcli.sh
2014-08-28 12:19:54,270 3197 [main] DEBUG de.prob.cli.PrologProcessProvider Method:
				makeProcess Line: 54 - Cli started
2014-08-28 12:19:54,286 3213 [main] DEBUG de.prob.cli.ProBInstanceProvider Method:
				analyseStdout Line: 105 - Apply cli detection patterns to Running ProB Command-line Interface
2014-08-28 12:19:54,287 3214 [main] DEBUG de.prob.cli.ProBInstanceProvider Method:
				analyseStdout Line: 105 - Apply cli detection patterns to probcli -sf
2014-08-28 12:19:54,863 3790 [main] DEBUG de.prob.cli.ProBInstanceProvider Method:
				analyseStdout Line: 105 - Apply cli detection patterns to No file to process
2014-08-28 12:19:54,863 3790 [main] DEBUG de.prob.cli.ProBInstanceProvider Method:
				analyseStdout Line: 105 - Apply cli detection patterns to Starting Socket Server
2014-08-28 12:19:54,864 3791 [main] DEBUG de.prob.cli.ProBInstanceProvider Method:
				analyseStdout Line: 105 - Apply cli detection patterns to Application Path: /Users/ernestocid/.prob
2014-08-28 12:19:54,864 3791 [main] DEBUG de.prob.cli.ProBInstanceProvider Method:
				analyseStdout Line: 105 - Apply cli detection patterns to Port: 51191
2014-08-28 12:19:54,864 3791 [main] INFO  de.prob.cli.PortPattern Method:
				setValue Line: 34 - Server has startet and listens on port 51191
2014-08-28 12:19:54,864 3791 [main] DEBUG de.prob.cli.ProBInstanceProvider Method:
				analyseStdout Line: 105 - Apply cli detection patterns to probcli revision: b2b0b75d43689a3356f7372d4c3959b0f23c90c2
2014-08-28 12:19:54,864 3791 [main] DEBUG de.prob.cli.ProBInstanceProvider Method:
				analyseStdout Line: 105 - Apply cli detection patterns to user interrupt reference id: 1512
2014-08-28 12:19:54,865 3792 [main] INFO  de.prob.cli.InterruptRefPattern Method:
				setValue Line: 32 - Server can receive user interrupts via reference 1512
2014-08-28 12:19:54,866 3793 [main] DEBUG de.prob.cli.ProBConnection Method:
				connect Line: 40 - Connecting to port 51191 using key ce3a026f39026c4b
2014-08-28 12:19:54,866 3793 [main] DEBUG de.prob.cli.ProBConnection Method:
				connect Line: 47 - Connected
2014-08-28 12:19:54,868 3795 [Thread-3] DEBUG de.prob.cli.ProBInstance Method:
				readAndLog Line: 54 - -- starting command loop --
2014-08-28 12:19:55,009 3936 [main] INFO  de.prob.cli.ProBConnection Method:
				send Line: 65 - set_eclipse_preference('SYMBOLIC',true),set_eclipse_preference('DEFAULT_SETSIZE','2'),set_eclipse_preference('SYMMETRY_MODE',off),set_eclipse_preference('KODKOD_ONLY_FULL',true),set_eclipse_preference('TIME_OUT','2500'),set_eclipse_preference('KODKOD',false),set_eclipse_preference('NUMBER_OF_ANIMATED_ABSTRACTIONS','20'),set_eclipse_preference('USE_RECORD_CONSTRUCTION',true),set_eclipse_preference('MEMO',false),set_eclipse_preference('MAX_OPERATIONS','10'),set_eclipse_preference('MAXINT','30'),set_eclipse_preference('ALLOW_INCOMPLETE_SETUP_CONSTANTS',false),set_eclipse_preference('MININT','-1'),set_eclipse_preference('STATIC_ORDERING',false),set_eclipse_preference('MAX_INITIALISATIONS','4'),set_eclipse_preference('COMPRESSION',false),set_eclipse_preference('TRY_FIND_ABORT',false),set_eclipse_preference('CLPFD',true),set_eclipse_preference('CHR',false),set_eclipse_preference('PROOF_INFO',true),set_eclipse_preference('SMT',false),load_classical_b_from_list_of_facts('/Users/ernestocid/dev/beta/br.ufrn.forall.logicalcoverageexperiments/src/test/resources/machines/PassFinalOrFailIFELSIFELSE.mch',[parser_version('2013-04-30 11:58:52.139'),classical_b('PassFinalOrFailIFELSIFELSE',['/Users/ernestocid/dev/beta/br.ufrn.forall.logicalcoverageexperiments/src/test/resources/machines/PassFinalOrFailIFELSIFELSE.mch']),machine(abstract_machine(1,machine(2),machine_header(3,'PassFinalOrFailIFELSIFELSE',[]),[sets(4,[enumerated_set(5,'RESULT',[identifier(6,pass),identifier(7,final),identifier(8,fail)])]),operations(9,[operation(10,identifier(10,checkResult),[identifier(11,result)],[identifier(12,averageGrade)],precondition(13,conjunct(14,member(15,identifier(16,averageGrade),interval(17,integer(18,0),integer(19,5))),member(20,identifier(21,averageGrade),int_set(22))),if(23,greater_equal(24,identifier(25,averageGrade),integer(26,4)),assign(27,[identifier(28,result)],[identifier(29,pass)]),[if_elsif(30,conjunct(31,greater_equal(32,identifier(33,averageGrade),integer(34,2)),less(35,identifier(36,averageGrade),integer(37,4))),assign(38,[identifier(39,result)],[identifier(40,final)]))],assign(41,[identifier(42,result)],[identifier(43,fail)]))))])]))]),start_animation,true.

2014-08-28 12:19:55,017 3944 [Thread-3] DEBUG de.prob.cli.ProBInstance Method:
				readAndLog Line: 54 - Connected: 127.0.0.1
2014-08-28 12:19:55,017 3944 [main] INFO  de.prob.cli.ProBConnection Method:
				send Line: 78 - yes([])
2014-08-28 12:19:55,017 3944 [Thread-3] DEBUG de.prob.cli.ProBInstance Method:
				readAndLog Line: 54 - loading_classical_b(parser_version(2013-04-30 11:58:52.139),PassFinalOrFailIFELSIFELSE,[/Users/ernestocid/dev/beta/br.ufrn.forall.logicalcoverageexperiments/src/test/resources/machines/PassFinalOrFailIFELSIFELSE.mch])
2014-08-28 12:19:55,042 3969 [main] INFO  de.prob.cli.ProBConnection Method:
				send Line: 65 - getErrorMessages(Errors),true.

2014-08-28 12:19:55,043 3970 [main] INFO  de.prob.cli.ProBConnection Method:
				send Line: 78 - yes('.'(=('Errors',[]),[]))
2014-08-28 12:19:55,065 3992 [main] INFO  de.prob.cli.ProBConnection Method:
				send Line: 65 - compute_operations_for_state(root,APLOps),eval_registered_formulas(root,[],BResults),state_property(initialised,root,CPropResult),state_property(invariantKO,root,DPropResult),state_property(max_operations_reached,root,EPropResult),state_property(timeout_occurred,root,FPropResult),op_timeout_occurred(root,GTO),get_state_errors(root,HErrors),true.

2014-08-28 12:19:55,066 3993 [main] INFO  de.prob.cli.ProBConnection Method:
				send Line: 78 - yes('.'(=('GTO',[]),'.'(=('APLOps','.'(op(0,root,0),[])),'.'(=('FPropResult',false),'.'(=('EPropResult',false),'.'(=('DPropResult',false),'.'(=('CPropResult',false),'.'(=('BResults',[]),'.'(=('HErrors',[]),[])))))))))
2014-08-28 12:19:55,071 3998 [main] INFO  de.prob.cli.ProBConnection Method:
				send Line: 65 - getErrorMessages(Errors),true.

2014-08-28 12:19:55,072 3999 [main] INFO  de.prob.cli.ProBConnection Method:
				send Line: 78 - yes('.'(=('Errors',[]),[]))
2014-08-28 12:19:55,086 4013 [main] INFO  de.prob.cli.ProBConnection Method:
				send Line: 65 - prob2_execute_custom_operations(root,'$setup_constants',equal(none,boolean_true(none),boolean_true(none)),1,NewStateID,Errors),true.

2014-08-28 12:19:55,087 4014 [main] INFO  de.prob.cli.ProBConnection Method:
				send Line: 78 - yes('.'(=('Errors',[]),'.'(=('NewStateID',[]),[])))
2014-08-28 12:19:55,088 4015 [main] INFO  de.prob.cli.ProBConnection Method:
				send Line: 65 - getErrorMessages(Errors),true.

2014-08-28 12:19:55,088 4015 [main] INFO  de.prob.cli.ProBConnection Method:
				send Line: 78 - yes('.'(=('Errors',[]),[]))
2014-08-28 12:19:55,092 4019 [main] INFO  de.prob.cli.ProBConnection Method:
				send Line: 65 - prob2_execute_custom_operations(root,'$initialise_machine',equal(none,boolean_true(none),boolean_true(none)),1,NewStateID,Errors),true.

2014-08-28 12:19:55,094 4021 [main] INFO  de.prob.cli.ProBConnection Method:
				send Line: 78 - yes('.'(=('Errors',[]),'.'(=('NewStateID','.'(op(0,root,0),[])),[])))
2014-08-28 12:19:55,095 4022 [main] INFO  de.prob.cli.ProBConnection Method:
				send Line: 65 - getErrorMessages(Errors),true.

2014-08-28 12:19:55,096 4023 [Thread-3] DEBUG de.prob.cli.ProBInstance Method:
				readAndLog Line: 54 - check_additional_guard
2014-08-28 12:19:55,097 4024 [Thread-3] DEBUG de.prob.cli.ProBInstance Method:
				readAndLog Line: 54 - /* truth */ TRUE = TRUE
2014-08-28 12:19:55,097 4024 [Thread-3] DEBUG de.prob.cli.ProBInstance Method:
				readAndLog Line: 54 - checked
2014-08-28 12:19:55,098 4025 [main] INFO  de.prob.cli.ProBConnection Method:
				send Line: 78 - yes('.'(=('Errors',[]),[]))
2014-08-28 12:19:55,108 4035 [main] INFO  de.prob.cli.ProBConnection Method:
				send Line: 65 - compute_operations_for_state(0,APLOps),eval_registered_formulas(0,[],BResults),state_property(initialised,0,CPropResult),state_property(invariantKO,0,DPropResult),state_property(max_operations_reached,0,EPropResult),state_property(timeout_occurred,0,FPropResult),op_timeout_occurred(0,GTO),get_state_errors(0,HErrors),true.

2014-08-28 12:19:55,111 4038 [main] INFO  de.prob.cli.ProBConnection Method:
				send Line: 78 - yes('.'(=('GTO',[]),'.'(=('APLOps','.'(op(1,0,0),'.'(op(2,0,0),'.'(op(3,0,0),'.'(op(4,0,0),'.'(op(5,0,0),'.'(op(6,0,0),[]))))))),'.'(=('FPropResult',false),'.'(=('EPropResult',false),'.'(=('DPropResult',false),'.'(=('CPropResult',true),'.'(=('BResults',[]),'.'(=('HErrors',[]),[])))))))))
2014-08-28 12:19:55,111 4038 [Thread-3] DEBUG de.prob.cli.ProBInstance Method:
				readAndLog Line: 54 - 
2014-08-28 12:19:55,111 4038 [Thread-3] DEBUG de.prob.cli.ProBInstance Method:
				readAndLog Line: 54 - ALL OPERATIONS COVERED
2014-08-28 12:19:55,112 4039 [Thread-3] DEBUG de.prob.cli.ProBInstance Method:
				readAndLog Line: 54 - 
2014-08-28 12:19:55,114 4041 [main] INFO  de.prob.cli.ProBConnection Method:
				send Line: 65 - getErrorMessages(Errors),true.

2014-08-28 12:19:55,115 4042 [main] INFO  de.prob.cli.ProBConnection Method:
				send Line: 78 - yes('.'(=('Errors',[]),[]))
2014-08-28 12:19:55,132 4059 [main] INFO  de.prob.cli.ProBConnection Method:
				send Line: 65 - evaluate_formula(0,eval(conjunct(none,member(none,identifier(none,averageGrade),interval(none,integer(none,0),integer(none,5))),member(none,identifier(none,averageGrade),int_set(none))),'#PREDICATE','averageGrade : 0..5 & averageGrade : INT'),ARes),true.

2014-08-28 12:19:55,134 4061 [main] INFO  de.prob.cli.ProBConnection Method:
				send Line: 78 - yes('.'(=('ARes',result('TRUE','.'(bind(averageGrade,int(0),'0'),[]),'averageGrade : 0..5 & averageGrade : INT')),[]))
2014-08-28 12:19:55,134 4061 [Thread-3] DEBUG de.prob.cli.ProBInstance Method:
				readAndLog Line: 54 - Existentially Quantified Predicate over averageGrade is TRUE
2014-08-28 12:19:55,135 4062 [Thread-3] DEBUG de.prob.cli.ProBInstance Method:
				readAndLog Line: 54 - Solution: 
2014-08-28 12:19:55,135 4062 [Thread-3] DEBUG de.prob.cli.ProBInstance Method:
				readAndLog Line: 54 -        averageGrade = 0
2014-08-28 12:19:55,135 4062 [Thread-3] DEBUG de.prob.cli.ProBInstance Method:
				readAndLog Line: 54 - 
2014-08-28 12:19:55,141 4068 [main] INFO  de.prob.cli.ProBConnection Method:
				send Line: 65 - getErrorMessages(Errors),true.

2014-08-28 12:19:55,142 4069 [main] INFO  de.prob.cli.ProBConnection Method:
				send Line: 78 - yes('.'(=('Errors',[]),[]))
2014-08-28 12:20:13,252 2307 [main] INFO  de.prob.cli.PrologProcessProvider Method:
				makeProcess Line: 52 - Starting ProB's Prolog Core. Path is /Users/ernestocid/.prob/probcli.sh
2014-08-28 12:20:13,267 2322 [main] DEBUG de.prob.cli.PrologProcessProvider Method:
				makeProcess Line: 54 - Cli started
2014-08-28 12:20:13,273 2328 [main] DEBUG de.prob.cli.ProBInstanceProvider Method:
				analyseStdout Line: 105 - Apply cli detection patterns to Running ProB Command-line Interface
2014-08-28 12:20:13,274 2329 [main] DEBUG de.prob.cli.ProBInstanceProvider Method:
				analyseStdout Line: 105 - Apply cli detection patterns to probcli -sf
2014-08-28 12:20:13,880 2935 [main] DEBUG de.prob.cli.ProBInstanceProvider Method:
				analyseStdout Line: 105 - Apply cli detection patterns to No file to process
2014-08-28 12:20:13,880 2935 [main] DEBUG de.prob.cli.ProBInstanceProvider Method:
				analyseStdout Line: 105 - Apply cli detection patterns to Starting Socket Server
2014-08-28 12:20:13,880 2935 [main] DEBUG de.prob.cli.ProBInstanceProvider Method:
				analyseStdout Line: 105 - Apply cli detection patterns to Application Path: /Users/ernestocid/.prob
2014-08-28 12:20:13,881 2936 [main] DEBUG de.prob.cli.ProBInstanceProvider Method:
				analyseStdout Line: 105 - Apply cli detection patterns to Port: 51196
2014-08-28 12:20:13,881 2936 [main] INFO  de.prob.cli.PortPattern Method:
				setValue Line: 34 - Server has startet and listens on port 51196
2014-08-28 12:20:13,881 2936 [main] DEBUG de.prob.cli.ProBInstanceProvider Method:
				analyseStdout Line: 105 - Apply cli detection patterns to probcli revision: b2b0b75d43689a3356f7372d4c3959b0f23c90c2
2014-08-28 12:20:13,881 2936 [main] DEBUG de.prob.cli.ProBInstanceProvider Method:
				analyseStdout Line: 105 - Apply cli detection patterns to user interrupt reference id: 1518
2014-08-28 12:20:13,882 2937 [main] INFO  de.prob.cli.InterruptRefPattern Method:
				setValue Line: 32 - Server can receive user interrupts via reference 1518
2014-08-28 12:20:13,883 2938 [main] DEBUG de.prob.cli.ProBConnection Method:
				connect Line: 40 - Connecting to port 51196 using key 50d446df51f1438e
2014-08-28 12:20:13,883 2938 [main] DEBUG de.prob.cli.ProBConnection Method:
				connect Line: 47 - Connected
2014-08-28 12:20:13,885 2940 [Thread-3] DEBUG de.prob.cli.ProBInstance Method:
				readAndLog Line: 54 - -- starting command loop --
2014-08-28 12:20:14,034 3089 [main] INFO  de.prob.cli.ProBConnection Method:
				send Line: 65 - set_eclipse_preference('SYMBOLIC',true),set_eclipse_preference('DEFAULT_SETSIZE','2'),set_eclipse_preference('SYMMETRY_MODE',off),set_eclipse_preference('KODKOD_ONLY_FULL',true),set_eclipse_preference('TIME_OUT','2500'),set_eclipse_preference('KODKOD',false),set_eclipse_preference('NUMBER_OF_ANIMATED_ABSTRACTIONS','20'),set_eclipse_preference('USE_RECORD_CONSTRUCTION',true),set_eclipse_preference('MEMO',false),set_eclipse_preference('MAX_OPERATIONS','10'),set_eclipse_preference('MAXINT','30'),set_eclipse_preference('ALLOW_INCOMPLETE_SETUP_CONSTANTS',false),set_eclipse_preference('MININT','-1'),set_eclipse_preference('STATIC_ORDERING',false),set_eclipse_preference('MAX_INITIALISATIONS','4'),set_eclipse_preference('COMPRESSION',false),set_eclipse_preference('TRY_FIND_ABORT',false),set_eclipse_preference('CLPFD',true),set_eclipse_preference('CHR',false),set_eclipse_preference('PROOF_INFO',true),set_eclipse_preference('SMT',false),load_classical_b_from_list_of_facts('/Users/ernestocid/dev/beta/br.ufrn.forall.logicalcoverageexperiments/src/test/resources/machines/PassFinalOrFailIFELSIFELSE.mch',[parser_version('2013-04-30 11:58:52.139'),classical_b('PassFinalOrFailIFELSIFELSE',['/Users/ernestocid/dev/beta/br.ufrn.forall.logicalcoverageexperiments/src/test/resources/machines/PassFinalOrFailIFELSIFELSE.mch']),machine(abstract_machine(1,machine(2),machine_header(3,'PassFinalOrFailIFELSIFELSE',[]),[sets(4,[enumerated_set(5,'RESULT',[identifier(6,pass),identifier(7,final),identifier(8,fail)])]),operations(9,[operation(10,identifier(10,checkResult),[identifier(11,result)],[identifier(12,averageGrade)],precondition(13,conjunct(14,member(15,identifier(16,averageGrade),interval(17,integer(18,0),integer(19,5))),member(20,identifier(21,averageGrade),int_set(22))),if(23,greater_equal(24,identifier(25,averageGrade),integer(26,4)),assign(27,[identifier(28,result)],[identifier(29,pass)]),[if_elsif(30,conjunct(31,greater_equal(32,identifier(33,averageGrade),integer(34,2)),less(35,identifier(36,averageGrade),integer(37,4))),assign(38,[identifier(39,result)],[identifier(40,final)]))],assign(41,[identifier(42,result)],[identifier(43,fail)]))))])]))]),start_animation,true.

2014-08-28 12:20:14,039 3094 [main] INFO  de.prob.cli.ProBConnection Method:
				send Line: 78 - yes([])
2014-08-28 12:20:14,039 3094 [Thread-3] DEBUG de.prob.cli.ProBInstance Method:
				readAndLog Line: 54 - Connected: 127.0.0.1
2014-08-28 12:20:14,040 3095 [Thread-3] DEBUG de.prob.cli.ProBInstance Method:
				readAndLog Line: 54 - loading_classical_b(parser_version(2013-04-30 11:58:52.139),PassFinalOrFailIFELSIFELSE,[/Users/ernestocid/dev/beta/br.ufrn.forall.logicalcoverageexperiments/src/test/resources/machines/PassFinalOrFailIFELSIFELSE.mch])
2014-08-28 12:20:14,062 3117 [main] INFO  de.prob.cli.ProBConnection Method:
				send Line: 65 - getErrorMessages(Errors),true.

2014-08-28 12:20:14,063 3118 [main] INFO  de.prob.cli.ProBConnection Method:
				send Line: 78 - yes('.'(=('Errors',[]),[]))
2014-08-28 12:20:14,089 3144 [main] INFO  de.prob.cli.ProBConnection Method:
				send Line: 65 - compute_operations_for_state(root,APLOps),eval_registered_formulas(root,[],BResults),state_property(initialised,root,CPropResult),state_property(invariantKO,root,DPropResult),state_property(max_operations_reached,root,EPropResult),state_property(timeout_occurred,root,FPropResult),op_timeout_occurred(root,GTO),get_state_errors(root,HErrors),true.

2014-08-28 12:20:14,090 3145 [main] INFO  de.prob.cli.ProBConnection Method:
				send Line: 78 - yes('.'(=('GTO',[]),'.'(=('APLOps','.'(op(0,root,0),[])),'.'(=('FPropResult',false),'.'(=('EPropResult',false),'.'(=('DPropResult',false),'.'(=('CPropResult',false),'.'(=('BResults',[]),'.'(=('HErrors',[]),[])))))))))
2014-08-28 12:20:14,093 3148 [main] INFO  de.prob.cli.ProBConnection Method:
				send Line: 65 - getErrorMessages(Errors),true.

2014-08-28 12:20:14,094 3149 [main] INFO  de.prob.cli.ProBConnection Method:
				send Line: 78 - yes('.'(=('Errors',[]),[]))
2014-08-28 12:20:14,103 3158 [main] INFO  de.prob.cli.ProBConnection Method:
				send Line: 65 - prob2_execute_custom_operations(root,'$setup_constants',equal(none,boolean_true(none),boolean_true(none)),1,NewStateID,Errors),true.

2014-08-28 12:20:14,104 3159 [main] INFO  de.prob.cli.ProBConnection Method:
				send Line: 78 - yes('.'(=('Errors',[]),'.'(=('NewStateID',[]),[])))
2014-08-28 12:20:14,104 3159 [main] INFO  de.prob.cli.ProBConnection Method:
				send Line: 65 - getErrorMessages(Errors),true.

2014-08-28 12:20:14,105 3160 [main] INFO  de.prob.cli.ProBConnection Method:
				send Line: 78 - yes('.'(=('Errors',[]),[]))
2014-08-28 12:20:14,109 3164 [main] INFO  de.prob.cli.ProBConnection Method:
				send Line: 65 - prob2_execute_custom_operations(root,'$initialise_machine',equal(none,boolean_true(none),boolean_true(none)),1,NewStateID,Errors),true.

2014-08-28 12:20:14,110 3165 [main] INFO  de.prob.cli.ProBConnection Method:
				send Line: 78 - yes('.'(=('Errors',[]),'.'(=('NewStateID','.'(op(0,root,0),[])),[])))
2014-08-28 12:20:14,111 3166 [Thread-3] DEBUG de.prob.cli.ProBInstance Method:
				readAndLog Line: 54 - check_additional_guard
2014-08-28 12:20:14,111 3166 [Thread-3] DEBUG de.prob.cli.ProBInstance Method:
				readAndLog Line: 54 - /* truth */ TRUE = TRUE
2014-08-28 12:20:14,111 3166 [Thread-3] DEBUG de.prob.cli.ProBInstance Method:
				readAndLog Line: 54 - checked
2014-08-28 12:20:14,112 3167 [main] INFO  de.prob.cli.ProBConnection Method:
				send Line: 65 - getErrorMessages(Errors),true.

2014-08-28 12:20:14,112 3167 [main] INFO  de.prob.cli.ProBConnection Method:
				send Line: 78 - yes('.'(=('Errors',[]),[]))
2014-08-28 12:20:14,127 3182 [main] INFO  de.prob.cli.ProBConnection Method:
				send Line: 65 - compute_operations_for_state(0,APLOps),eval_registered_formulas(0,[],BResults),state_property(initialised,0,CPropResult),state_property(invariantKO,0,DPropResult),state_property(max_operations_reached,0,EPropResult),state_property(timeout_occurred,0,FPropResult),op_timeout_occurred(0,GTO),get_state_errors(0,HErrors),true.

2014-08-28 12:20:14,130 3185 [main] INFO  de.prob.cli.ProBConnection Method:
				send Line: 78 - yes('.'(=('GTO',[]),'.'(=('APLOps','.'(op(1,0,0),'.'(op(2,0,0),'.'(op(3,0,0),'.'(op(4,0,0),'.'(op(5,0,0),'.'(op(6,0,0),[]))))))),'.'(=('FPropResult',false),'.'(=('EPropResult',false),'.'(=('DPropResult',false),'.'(=('CPropResult',true),'.'(=('BResults',[]),'.'(=('HErrors',[]),[])))))))))
2014-08-28 12:20:14,134 3189 [main] INFO  de.prob.cli.ProBConnection Method:
				send Line: 65 - getErrorMessages(Errors),true.

2014-08-28 12:20:14,135 3190 [Thread-3] DEBUG de.prob.cli.ProBInstance Method:
				readAndLog Line: 54 - 
2014-08-28 12:20:14,136 3191 [Thread-3] DEBUG de.prob.cli.ProBInstance Method:
				readAndLog Line: 54 - ALL OPERATIONS COVERED
2014-08-28 12:20:14,136 3191 [Thread-3] DEBUG de.prob.cli.ProBInstance Method:
				readAndLog Line: 54 - 
2014-08-28 12:20:14,137 3192 [main] INFO  de.prob.cli.ProBConnection Method:
				send Line: 78 - yes('.'(=('Errors',[]),[]))
2014-08-28 12:20:14,157 3212 [main] INFO  de.prob.cli.ProBConnection Method:
				send Line: 65 - evaluate_formula(0,eval(conjunct(none,member(none,identifier(none,averageGrade),interval(none,integer(none,0),integer(none,5))),member(none,identifier(none,averageGrade),int_set(none))),'#PREDICATE','averageGrade : 0..5 & averageGrade : INT'),ARes),true.

2014-08-28 12:20:14,174 3229 [main] INFO  de.prob.cli.ProBConnection Method:
				send Line: 78 - yes('.'(=('ARes',result('TRUE','.'(bind(averageGrade,int(0),'0'),[]),'averageGrade : 0..5 & averageGrade : INT')),[]))
2014-08-28 12:20:14,174 3229 [Thread-3] DEBUG de.prob.cli.ProBInstance Method:
				readAndLog Line: 54 - Existentially Quantified Predicate over averageGrade is TRUE
2014-08-28 12:20:14,174 3229 [Thread-3] DEBUG de.prob.cli.ProBInstance Method:
				readAndLog Line: 54 - Solution: 
2014-08-28 12:20:14,174 3229 [Thread-3] DEBUG de.prob.cli.ProBInstance Method:
				readAndLog Line: 54 -        averageGrade = 0
2014-08-28 12:20:14,174 3229 [Thread-3] DEBUG de.prob.cli.ProBInstance Method:
				readAndLog Line: 54 - 
2014-08-28 12:20:14,181 3236 [main] INFO  de.prob.cli.ProBConnection Method:
				send Line: 65 - getErrorMessages(Errors),true.

2014-08-28 12:20:14,182 3237 [main] INFO  de.prob.cli.ProBConnection Method:
				send Line: 78 - yes('.'(=('Errors',[]),[]))
2014-08-28 12:21:44,691 2467 [main] INFO  de.prob.cli.PrologProcessProvider Method:
				makeProcess Line: 52 - Starting ProB's Prolog Core. Path is /Users/ernestocid/.prob/probcli.sh
2014-08-28 12:21:44,705 2481 [main] DEBUG de.prob.cli.PrologProcessProvider Method:
				makeProcess Line: 54 - Cli started
2014-08-28 12:21:44,708 2484 [main] DEBUG de.prob.cli.ProBInstanceProvider Method:
				analyseStdout Line: 105 - Apply cli detection patterns to Running ProB Command-line Interface
2014-08-28 12:21:44,708 2484 [main] DEBUG de.prob.cli.ProBInstanceProvider Method:
				analyseStdout Line: 105 - Apply cli detection patterns to probcli -sf
2014-08-28 12:21:45,363 3139 [main] DEBUG de.prob.cli.ProBInstanceProvider Method:
				analyseStdout Line: 105 - Apply cli detection patterns to No file to process
2014-08-28 12:21:45,364 3140 [main] DEBUG de.prob.cli.ProBInstanceProvider Method:
				analyseStdout Line: 105 - Apply cli detection patterns to Starting Socket Server
2014-08-28 12:21:45,364 3140 [main] DEBUG de.prob.cli.ProBInstanceProvider Method:
				analyseStdout Line: 105 - Apply cli detection patterns to Application Path: /Users/ernestocid/.prob
2014-08-28 12:21:45,364 3140 [main] DEBUG de.prob.cli.ProBInstanceProvider Method:
				analyseStdout Line: 105 - Apply cli detection patterns to Port: 51273
2014-08-28 12:21:45,365 3141 [main] INFO  de.prob.cli.PortPattern Method:
				setValue Line: 34 - Server has startet and listens on port 51273
2014-08-28 12:21:45,365 3141 [main] DEBUG de.prob.cli.ProBInstanceProvider Method:
				analyseStdout Line: 105 - Apply cli detection patterns to probcli revision: b2b0b75d43689a3356f7372d4c3959b0f23c90c2
2014-08-28 12:21:45,365 3141 [main] DEBUG de.prob.cli.ProBInstanceProvider Method:
				analyseStdout Line: 105 - Apply cli detection patterns to user interrupt reference id: 1534
2014-08-28 12:21:45,365 3141 [main] INFO  de.prob.cli.InterruptRefPattern Method:
				setValue Line: 32 - Server can receive user interrupts via reference 1534
2014-08-28 12:21:45,366 3142 [main] DEBUG de.prob.cli.ProBConnection Method:
				connect Line: 40 - Connecting to port 51273 using key dab8758455d21333
2014-08-28 12:21:45,367 3143 [main] DEBUG de.prob.cli.ProBConnection Method:
				connect Line: 47 - Connected
2014-08-28 12:21:45,368 3144 [Thread-3] DEBUG de.prob.cli.ProBInstance Method:
				readAndLog Line: 54 - -- starting command loop --
2014-08-28 12:21:45,513 3289 [main] INFO  de.prob.cli.ProBConnection Method:
				send Line: 65 - set_eclipse_preference('SYMBOLIC',true),set_eclipse_preference('DEFAULT_SETSIZE','2'),set_eclipse_preference('SYMMETRY_MODE',off),set_eclipse_preference('KODKOD_ONLY_FULL',true),set_eclipse_preference('TIME_OUT','2500'),set_eclipse_preference('KODKOD',false),set_eclipse_preference('NUMBER_OF_ANIMATED_ABSTRACTIONS','20'),set_eclipse_preference('USE_RECORD_CONSTRUCTION',true),set_eclipse_preference('MEMO',false),set_eclipse_preference('MAX_OPERATIONS','10'),set_eclipse_preference('MAXINT','30'),set_eclipse_preference('ALLOW_INCOMPLETE_SETUP_CONSTANTS',false),set_eclipse_preference('MININT','-1'),set_eclipse_preference('STATIC_ORDERING',false),set_eclipse_preference('MAX_INITIALISATIONS','4'),set_eclipse_preference('COMPRESSION',false),set_eclipse_preference('TRY_FIND_ABORT',false),set_eclipse_preference('CLPFD',true),set_eclipse_preference('CHR',false),set_eclipse_preference('PROOF_INFO',true),set_eclipse_preference('SMT',false),load_classical_b_from_list_of_facts('/Users/ernestocid/dev/beta/br.ufrn.forall.logicalcoverageexperiments/src/test/resources/machines/PassFinalOrFailIFELSIFELSE.mch',[parser_version('2013-04-30 11:58:52.139'),classical_b('PassFinalOrFailIFELSIFELSE',['/Users/ernestocid/dev/beta/br.ufrn.forall.logicalcoverageexperiments/src/test/resources/machines/PassFinalOrFailIFELSIFELSE.mch']),machine(abstract_machine(1,machine(2),machine_header(3,'PassFinalOrFailIFELSIFELSE',[]),[sets(4,[enumerated_set(5,'RESULT',[identifier(6,pass),identifier(7,final),identifier(8,fail)])]),operations(9,[operation(10,identifier(10,checkResult),[identifier(11,result)],[identifier(12,averageGrade)],precondition(13,conjunct(14,member(15,identifier(16,averageGrade),interval(17,integer(18,0),integer(19,5))),member(20,identifier(21,averageGrade),int_set(22))),if(23,greater_equal(24,identifier(25,averageGrade),integer(26,4)),assign(27,[identifier(28,result)],[identifier(29,pass)]),[if_elsif(30,conjunct(31,greater_equal(32,identifier(33,averageGrade),integer(34,2)),less(35,identifier(36,averageGrade),integer(37,4))),assign(38,[identifier(39,result)],[identifier(40,final)]))],assign(41,[identifier(42,result)],[identifier(43,fail)]))))])]))]),start_animation,true.

2014-08-28 12:21:45,518 3294 [main] INFO  de.prob.cli.ProBConnection Method:
				send Line: 78 - yes([])
2014-08-28 12:21:45,519 3295 [Thread-3] DEBUG de.prob.cli.ProBInstance Method:
				readAndLog Line: 54 - Connected: 127.0.0.1
2014-08-28 12:21:45,519 3295 [Thread-3] DEBUG de.prob.cli.ProBInstance Method:
				readAndLog Line: 54 - loading_classical_b(parser_version(2013-04-30 11:58:52.139),PassFinalOrFailIFELSIFELSE,[/Users/ernestocid/dev/beta/br.ufrn.forall.logicalcoverageexperiments/src/test/resources/machines/PassFinalOrFailIFELSIFELSE.mch])
2014-08-28 12:21:45,538 3314 [main] INFO  de.prob.cli.ProBConnection Method:
				send Line: 65 - getErrorMessages(Errors),true.

2014-08-28 12:21:45,538 3314 [main] INFO  de.prob.cli.ProBConnection Method:
				send Line: 78 - yes('.'(=('Errors',[]),[]))
2014-08-28 12:21:45,562 3338 [main] INFO  de.prob.cli.ProBConnection Method:
				send Line: 65 - compute_operations_for_state(root,APLOps),eval_registered_formulas(root,[],BResults),state_property(initialised,root,CPropResult),state_property(invariantKO,root,DPropResult),state_property(max_operations_reached,root,EPropResult),state_property(timeout_occurred,root,FPropResult),op_timeout_occurred(root,GTO),get_state_errors(root,HErrors),true.

2014-08-28 12:21:45,563 3339 [main] INFO  de.prob.cli.ProBConnection Method:
				send Line: 78 - yes('.'(=('GTO',[]),'.'(=('APLOps','.'(op(0,root,0),[])),'.'(=('FPropResult',false),'.'(=('EPropResult',false),'.'(=('DPropResult',false),'.'(=('CPropResult',false),'.'(=('BResults',[]),'.'(=('HErrors',[]),[])))))))))
2014-08-28 12:21:45,568 3344 [main] INFO  de.prob.cli.ProBConnection Method:
				send Line: 65 - getErrorMessages(Errors),true.

2014-08-28 12:21:45,569 3345 [main] INFO  de.prob.cli.ProBConnection Method:
				send Line: 78 - yes('.'(=('Errors',[]),[]))
2014-08-28 12:21:45,583 3359 [main] INFO  de.prob.cli.ProBConnection Method:
				send Line: 65 - prob2_execute_custom_operations(root,'$setup_constants',equal(none,boolean_true(none),boolean_true(none)),1,NewStateID,Errors),true.

2014-08-28 12:21:45,584 3360 [main] INFO  de.prob.cli.ProBConnection Method:
				send Line: 78 - yes('.'(=('Errors',[]),'.'(=('NewStateID',[]),[])))
2014-08-28 12:21:45,584 3360 [main] INFO  de.prob.cli.ProBConnection Method:
				send Line: 65 - getErrorMessages(Errors),true.

2014-08-28 12:21:45,585 3361 [main] INFO  de.prob.cli.ProBConnection Method:
				send Line: 78 - yes('.'(=('Errors',[]),[]))
2014-08-28 12:21:45,591 3367 [main] INFO  de.prob.cli.ProBConnection Method:
				send Line: 65 - prob2_execute_custom_operations(root,'$initialise_machine',equal(none,boolean_true(none),boolean_true(none)),1,NewStateID,Errors),true.

2014-08-28 12:21:45,593 3369 [main] INFO  de.prob.cli.ProBConnection Method:
				send Line: 78 - yes('.'(=('Errors',[]),'.'(=('NewStateID','.'(op(0,root,0),[])),[])))
2014-08-28 12:21:45,594 3370 [main] INFO  de.prob.cli.ProBConnection Method:
				send Line: 65 - getErrorMessages(Errors),true.

2014-08-28 12:21:45,595 3371 [Thread-3] DEBUG de.prob.cli.ProBInstance Method:
				readAndLog Line: 54 - check_additional_guard
2014-08-28 12:21:45,595 3371 [Thread-3] DEBUG de.prob.cli.ProBInstance Method:
				readAndLog Line: 54 - /* truth */ TRUE = TRUE
2014-08-28 12:21:45,595 3371 [Thread-3] DEBUG de.prob.cli.ProBInstance Method:
				readAndLog Line: 54 - checked
2014-08-28 12:21:45,596 3372 [main] INFO  de.prob.cli.ProBConnection Method:
				send Line: 78 - yes('.'(=('Errors',[]),[]))
2014-08-28 12:21:45,611 3387 [main] INFO  de.prob.cli.ProBConnection Method:
				send Line: 65 - compute_operations_for_state(0,APLOps),eval_registered_formulas(0,[],BResults),state_property(initialised,0,CPropResult),state_property(invariantKO,0,DPropResult),state_property(max_operations_reached,0,EPropResult),state_property(timeout_occurred,0,FPropResult),op_timeout_occurred(0,GTO),get_state_errors(0,HErrors),true.

2014-08-28 12:21:45,614 3390 [main] INFO  de.prob.cli.ProBConnection Method:
				send Line: 78 - yes('.'(=('GTO',[]),'.'(=('APLOps','.'(op(1,0,0),'.'(op(2,0,0),'.'(op(3,0,0),'.'(op(4,0,0),'.'(op(5,0,0),'.'(op(6,0,0),[]))))))),'.'(=('FPropResult',false),'.'(=('EPropResult',false),'.'(=('DPropResult',false),'.'(=('CPropResult',true),'.'(=('BResults',[]),'.'(=('HErrors',[]),[])))))))))
2014-08-28 12:21:45,614 3390 [Thread-3] DEBUG de.prob.cli.ProBInstance Method:
				readAndLog Line: 54 - 
2014-08-28 12:21:45,614 3390 [Thread-3] DEBUG de.prob.cli.ProBInstance Method:
				readAndLog Line: 54 - ALL OPERATIONS COVERED
2014-08-28 12:21:45,614 3390 [Thread-3] DEBUG de.prob.cli.ProBInstance Method:
				readAndLog Line: 54 - 
2014-08-28 12:21:45,618 3394 [main] INFO  de.prob.cli.ProBConnection Method:
				send Line: 65 - getErrorMessages(Errors),true.

2014-08-28 12:21:45,619 3395 [main] INFO  de.prob.cli.ProBConnection Method:
				send Line: 78 - yes('.'(=('Errors',[]),[]))
2014-08-28 12:21:45,638 3414 [main] INFO  de.prob.cli.ProBConnection Method:
				send Line: 65 - evaluate_formula(0,eval(conjunct(none,member(none,identifier(none,averageGrade),interval(none,integer(none,0),integer(none,5))),member(none,identifier(none,averageGrade),int_set(none))),'#PREDICATE','averageGrade : 0..5 & averageGrade : INT'),ARes),true.

2014-08-28 12:21:45,640 3416 [main] INFO  de.prob.cli.ProBConnection Method:
				send Line: 78 - yes('.'(=('ARes',result('TRUE','.'(bind(averageGrade,int(0),'0'),[]),'averageGrade : 0..5 & averageGrade : INT')),[]))
2014-08-28 12:21:45,640 3416 [Thread-3] DEBUG de.prob.cli.ProBInstance Method:
				readAndLog Line: 54 - Existentially Quantified Predicate over averageGrade is TRUE
2014-08-28 12:21:45,640 3416 [Thread-3] DEBUG de.prob.cli.ProBInstance Method:
				readAndLog Line: 54 - Solution: 
2014-08-28 12:21:45,641 3417 [Thread-3] DEBUG de.prob.cli.ProBInstance Method:
				readAndLog Line: 54 -        averageGrade = 0
2014-08-28 12:21:45,641 3417 [Thread-3] DEBUG de.prob.cli.ProBInstance Method:
				readAndLog Line: 54 - 
2014-08-28 12:21:45,649 3425 [main] INFO  de.prob.cli.ProBConnection Method:
				send Line: 65 - getErrorMessages(Errors),true.

2014-08-28 12:21:45,649 3425 [main] INFO  de.prob.cli.ProBConnection Method:
				send Line: 78 - yes('.'(=('Errors',[]),[]))
2014-08-28 12:22:59,721 2361 [main] INFO  de.prob.cli.PrologProcessProvider Method:
				makeProcess Line: 52 - Starting ProB's Prolog Core. Path is /Users/ernestocid/.prob/probcli.sh
2014-08-28 12:22:59,736 2376 [main] DEBUG de.prob.cli.PrologProcessProvider Method:
				makeProcess Line: 54 - Cli started
2014-08-28 12:22:59,740 2380 [main] DEBUG de.prob.cli.ProBInstanceProvider Method:
				analyseStdout Line: 105 - Apply cli detection patterns to Running ProB Command-line Interface
2014-08-28 12:22:59,741 2381 [main] DEBUG de.prob.cli.ProBInstanceProvider Method:
				analyseStdout Line: 105 - Apply cli detection patterns to probcli -sf
2014-08-28 12:23:00,279 2919 [main] DEBUG de.prob.cli.ProBInstanceProvider Method:
				analyseStdout Line: 105 - Apply cli detection patterns to No file to process
2014-08-28 12:23:00,280 2920 [main] DEBUG de.prob.cli.ProBInstanceProvider Method:
				analyseStdout Line: 105 - Apply cli detection patterns to Starting Socket Server
2014-08-28 12:23:00,280 2920 [main] DEBUG de.prob.cli.ProBInstanceProvider Method:
				analyseStdout Line: 105 - Apply cli detection patterns to Application Path: /Users/ernestocid/.prob
2014-08-28 12:23:00,280 2920 [main] DEBUG de.prob.cli.ProBInstanceProvider Method:
				analyseStdout Line: 105 - Apply cli detection patterns to Port: 51278
2014-08-28 12:23:00,280 2920 [main] INFO  de.prob.cli.PortPattern Method:
				setValue Line: 34 - Server has startet and listens on port 51278
2014-08-28 12:23:00,280 2920 [main] DEBUG de.prob.cli.ProBInstanceProvider Method:
				analyseStdout Line: 105 - Apply cli detection patterns to probcli revision: b2b0b75d43689a3356f7372d4c3959b0f23c90c2
2014-08-28 12:23:00,280 2920 [main] DEBUG de.prob.cli.ProBInstanceProvider Method:
				analyseStdout Line: 105 - Apply cli detection patterns to user interrupt reference id: 1540
2014-08-28 12:23:00,281 2921 [main] INFO  de.prob.cli.InterruptRefPattern Method:
				setValue Line: 32 - Server can receive user interrupts via reference 1540
2014-08-28 12:23:00,281 2921 [main] DEBUG de.prob.cli.ProBConnection Method:
				connect Line: 40 - Connecting to port 51278 using key bf96e7f21522e357
2014-08-28 12:23:00,282 2922 [main] DEBUG de.prob.cli.ProBConnection Method:
				connect Line: 47 - Connected
2014-08-28 12:23:00,283 2923 [Thread-3] DEBUG de.prob.cli.ProBInstance Method:
				readAndLog Line: 54 - -- starting command loop --
2014-08-28 12:23:00,412 3052 [main] INFO  de.prob.cli.ProBConnection Method:
				send Line: 65 - set_eclipse_preference('SYMBOLIC',true),set_eclipse_preference('DEFAULT_SETSIZE','2'),set_eclipse_preference('SYMMETRY_MODE',off),set_eclipse_preference('KODKOD_ONLY_FULL',true),set_eclipse_preference('TIME_OUT','2500'),set_eclipse_preference('KODKOD',false),set_eclipse_preference('NUMBER_OF_ANIMATED_ABSTRACTIONS','20'),set_eclipse_preference('USE_RECORD_CONSTRUCTION',true),set_eclipse_preference('MEMO',false),set_eclipse_preference('MAX_OPERATIONS','10'),set_eclipse_preference('MAXINT','30'),set_eclipse_preference('ALLOW_INCOMPLETE_SETUP_CONSTANTS',false),set_eclipse_preference('MININT','-1'),set_eclipse_preference('STATIC_ORDERING',false),set_eclipse_preference('MAX_INITIALISATIONS','4'),set_eclipse_preference('COMPRESSION',false),set_eclipse_preference('TRY_FIND_ABORT',false),set_eclipse_preference('CLPFD',true),set_eclipse_preference('CHR',false),set_eclipse_preference('PROOF_INFO',true),set_eclipse_preference('SMT',false),load_classical_b_from_list_of_facts('/Users/ernestocid/dev/beta/br.ufrn.forall.logicalcoverageexperiments/src/test/resources/machines/PassFinalOrFailIFELSIFELSE.mch',[parser_version('2013-04-30 11:58:52.139'),classical_b('PassFinalOrFailIFELSIFELSE',['/Users/ernestocid/dev/beta/br.ufrn.forall.logicalcoverageexperiments/src/test/resources/machines/PassFinalOrFailIFELSIFELSE.mch']),machine(abstract_machine(1,machine(2),machine_header(3,'PassFinalOrFailIFELSIFELSE',[]),[sets(4,[enumerated_set(5,'RESULT',[identifier(6,pass),identifier(7,final),identifier(8,fail)])]),operations(9,[operation(10,identifier(10,checkResult),[identifier(11,result)],[identifier(12,averageGrade)],precondition(13,conjunct(14,member(15,identifier(16,averageGrade),interval(17,integer(18,0),integer(19,5))),member(20,identifier(21,averageGrade),int_set(22))),if(23,greater_equal(24,identifier(25,averageGrade),integer(26,4)),assign(27,[identifier(28,result)],[identifier(29,pass)]),[if_elsif(30,conjunct(31,greater_equal(32,identifier(33,averageGrade),integer(34,2)),less(35,identifier(36,averageGrade),integer(37,4))),assign(38,[identifier(39,result)],[identifier(40,final)]))],assign(41,[identifier(42,result)],[identifier(43,fail)]))))])]))]),start_animation,true.

2014-08-28 12:23:00,418 3058 [main] INFO  de.prob.cli.ProBConnection Method:
				send Line: 78 - yes([])
2014-08-28 12:23:00,418 3058 [Thread-3] DEBUG de.prob.cli.ProBInstance Method:
				readAndLog Line: 54 - Connected: 127.0.0.1
2014-08-28 12:23:00,419 3059 [Thread-3] DEBUG de.prob.cli.ProBInstance Method:
				readAndLog Line: 54 - loading_classical_b(parser_version(2013-04-30 11:58:52.139),PassFinalOrFailIFELSIFELSE,[/Users/ernestocid/dev/beta/br.ufrn.forall.logicalcoverageexperiments/src/test/resources/machines/PassFinalOrFailIFELSIFELSE.mch])
2014-08-28 12:23:00,447 3087 [main] INFO  de.prob.cli.ProBConnection Method:
				send Line: 65 - getErrorMessages(Errors),true.

2014-08-28 12:23:00,447 3087 [main] INFO  de.prob.cli.ProBConnection Method:
				send Line: 78 - yes('.'(=('Errors',[]),[]))
2014-08-28 12:23:00,467 3107 [main] INFO  de.prob.cli.ProBConnection Method:
				send Line: 65 - compute_operations_for_state(root,APLOps),eval_registered_formulas(root,[],BResults),state_property(initialised,root,CPropResult),state_property(invariantKO,root,DPropResult),state_property(max_operations_reached,root,EPropResult),state_property(timeout_occurred,root,FPropResult),op_timeout_occurred(root,GTO),get_state_errors(root,HErrors),true.

2014-08-28 12:23:00,468 3108 [main] INFO  de.prob.cli.ProBConnection Method:
				send Line: 78 - yes('.'(=('GTO',[]),'.'(=('APLOps','.'(op(0,root,0),[])),'.'(=('FPropResult',false),'.'(=('EPropResult',false),'.'(=('DPropResult',false),'.'(=('CPropResult',false),'.'(=('BResults',[]),'.'(=('HErrors',[]),[])))))))))
2014-08-28 12:23:00,473 3113 [main] INFO  de.prob.cli.ProBConnection Method:
				send Line: 65 - getErrorMessages(Errors),true.

2014-08-28 12:23:00,473 3113 [main] INFO  de.prob.cli.ProBConnection Method:
				send Line: 78 - yes('.'(=('Errors',[]),[]))
2014-08-28 12:23:00,490 3130 [main] INFO  de.prob.cli.ProBConnection Method:
				send Line: 65 - prob2_execute_custom_operations(root,'$setup_constants',equal(none,boolean_true(none),boolean_true(none)),1,NewStateID,Errors),true.

2014-08-28 12:23:00,491 3131 [main] INFO  de.prob.cli.ProBConnection Method:
				send Line: 78 - yes('.'(=('Errors',[]),'.'(=('NewStateID',[]),[])))
2014-08-28 12:23:00,492 3132 [main] INFO  de.prob.cli.ProBConnection Method:
				send Line: 65 - getErrorMessages(Errors),true.

2014-08-28 12:23:00,493 3133 [main] INFO  de.prob.cli.ProBConnection Method:
				send Line: 78 - yes('.'(=('Errors',[]),[]))
2014-08-28 12:23:00,498 3138 [main] INFO  de.prob.cli.ProBConnection Method:
				send Line: 65 - prob2_execute_custom_operations(root,'$initialise_machine',equal(none,boolean_true(none),boolean_true(none)),1,NewStateID,Errors),true.

2014-08-28 12:23:00,499 3139 [main] INFO  de.prob.cli.ProBConnection Method:
				send Line: 78 - yes('.'(=('Errors',[]),'.'(=('NewStateID','.'(op(0,root,0),[])),[])))
2014-08-28 12:23:00,499 3139 [Thread-3] DEBUG de.prob.cli.ProBInstance Method:
				readAndLog Line: 54 - check_additional_guard
2014-08-28 12:23:00,500 3140 [Thread-3] DEBUG de.prob.cli.ProBInstance Method:
				readAndLog Line: 54 - /* truth */ TRUE = TRUE
2014-08-28 12:23:00,500 3140 [Thread-3] DEBUG de.prob.cli.ProBInstance Method:
				readAndLog Line: 54 - checked
2014-08-28 12:23:00,501 3141 [main] INFO  de.prob.cli.ProBConnection Method:
				send Line: 65 - getErrorMessages(Errors),true.

2014-08-28 12:23:00,501 3141 [main] INFO  de.prob.cli.ProBConnection Method:
				send Line: 78 - yes('.'(=('Errors',[]),[]))
2014-08-28 12:23:00,515 3155 [main] INFO  de.prob.cli.ProBConnection Method:
				send Line: 65 - compute_operations_for_state(0,APLOps),eval_registered_formulas(0,[],BResults),state_property(initialised,0,CPropResult),state_property(invariantKO,0,DPropResult),state_property(max_operations_reached,0,EPropResult),state_property(timeout_occurred,0,FPropResult),op_timeout_occurred(0,GTO),get_state_errors(0,HErrors),true.

2014-08-28 12:23:00,518 3158 [main] INFO  de.prob.cli.ProBConnection Method:
				send Line: 78 - yes('.'(=('GTO',[]),'.'(=('APLOps','.'(op(1,0,0),'.'(op(2,0,0),'.'(op(3,0,0),'.'(op(4,0,0),'.'(op(5,0,0),'.'(op(6,0,0),[]))))))),'.'(=('FPropResult',false),'.'(=('EPropResult',false),'.'(=('DPropResult',false),'.'(=('CPropResult',true),'.'(=('BResults',[]),'.'(=('HErrors',[]),[])))))))))
2014-08-28 12:23:00,522 3162 [main] INFO  de.prob.cli.ProBConnection Method:
				send Line: 65 - getErrorMessages(Errors),true.

2014-08-28 12:23:00,523 3163 [Thread-3] DEBUG de.prob.cli.ProBInstance Method:
				readAndLog Line: 54 - 
2014-08-28 12:23:00,523 3163 [Thread-3] DEBUG de.prob.cli.ProBInstance Method:
				readAndLog Line: 54 - ALL OPERATIONS COVERED
2014-08-28 12:23:00,523 3163 [Thread-3] DEBUG de.prob.cli.ProBInstance Method:
				readAndLog Line: 54 - 
2014-08-28 12:23:00,524 3164 [main] INFO  de.prob.cli.ProBConnection Method:
				send Line: 78 - yes('.'(=('Errors',[]),[]))
2014-08-28 12:23:00,545 3185 [main] INFO  de.prob.cli.ProBConnection Method:
				send Line: 65 - evaluate_formula(0,eval(conjunct(none,member(none,identifier(none,averageGrade),interval(none,integer(none,0),integer(none,5))),member(none,identifier(none,averageGrade),int_set(none))),'#PREDICATE','averageGrade : 0..5 & averageGrade : INT'),ARes),true.

2014-08-28 12:23:00,546 3186 [main] INFO  de.prob.cli.ProBConnection Method:
				send Line: 78 - yes('.'(=('ARes',result('TRUE','.'(bind(averageGrade,int(0),'0'),[]),'averageGrade : 0..5 & averageGrade : INT')),[]))
2014-08-28 12:23:00,547 3187 [Thread-3] DEBUG de.prob.cli.ProBInstance Method:
				readAndLog Line: 54 - Existentially Quantified Predicate over averageGrade is TRUE
2014-08-28 12:23:00,547 3187 [Thread-3] DEBUG de.prob.cli.ProBInstance Method:
				readAndLog Line: 54 - Solution: 
2014-08-28 12:23:00,547 3187 [Thread-3] DEBUG de.prob.cli.ProBInstance Method:
				readAndLog Line: 54 -        averageGrade = 0
2014-08-28 12:23:00,547 3187 [Thread-3] DEBUG de.prob.cli.ProBInstance Method:
				readAndLog Line: 54 - 
2014-08-28 12:23:00,554 3194 [main] INFO  de.prob.cli.ProBConnection Method:
				send Line: 65 - getErrorMessages(Errors),true.

2014-08-28 12:23:00,555 3195 [main] INFO  de.prob.cli.ProBConnection Method:
				send Line: 78 - yes('.'(=('Errors',[]),[]))
2014-08-28 12:27:25,405 2690 [main] INFO  de.prob.cli.PrologProcessProvider Method:
				makeProcess Line: 52 - Starting ProB's Prolog Core. Path is /Users/ernestocid/.prob/probcli.sh
2014-08-28 12:27:25,433 2718 [main] DEBUG de.prob.cli.PrologProcessProvider Method:
				makeProcess Line: 54 - Cli started
2014-08-28 12:27:25,437 2722 [main] DEBUG de.prob.cli.ProBInstanceProvider Method:
				analyseStdout Line: 105 - Apply cli detection patterns to Running ProB Command-line Interface
2014-08-28 12:27:25,437 2722 [main] DEBUG de.prob.cli.ProBInstanceProvider Method:
				analyseStdout Line: 105 - Apply cli detection patterns to probcli -sf
2014-08-28 12:27:25,983 3268 [main] DEBUG de.prob.cli.ProBInstanceProvider Method:
				analyseStdout Line: 105 - Apply cli detection patterns to No file to process
2014-08-28 12:27:25,983 3268 [main] DEBUG de.prob.cli.ProBInstanceProvider Method:
				analyseStdout Line: 105 - Apply cli detection patterns to Starting Socket Server
2014-08-28 12:27:25,983 3268 [main] DEBUG de.prob.cli.ProBInstanceProvider Method:
				analyseStdout Line: 105 - Apply cli detection patterns to Application Path: /Users/ernestocid/.prob
2014-08-28 12:27:25,984 3269 [main] DEBUG de.prob.cli.ProBInstanceProvider Method:
				analyseStdout Line: 105 - Apply cli detection patterns to Port: 51298
2014-08-28 12:27:25,984 3269 [main] INFO  de.prob.cli.PortPattern Method:
				setValue Line: 34 - Server has startet and listens on port 51298
2014-08-28 12:27:25,984 3269 [main] DEBUG de.prob.cli.ProBInstanceProvider Method:
				analyseStdout Line: 105 - Apply cli detection patterns to probcli revision: b2b0b75d43689a3356f7372d4c3959b0f23c90c2
2014-08-28 12:27:25,984 3269 [main] DEBUG de.prob.cli.ProBInstanceProvider Method:
				analyseStdout Line: 105 - Apply cli detection patterns to user interrupt reference id: 1555
2014-08-28 12:27:25,984 3269 [main] INFO  de.prob.cli.InterruptRefPattern Method:
				setValue Line: 32 - Server can receive user interrupts via reference 1555
2014-08-28 12:27:25,985 3270 [main] DEBUG de.prob.cli.ProBConnection Method:
				connect Line: 40 - Connecting to port 51298 using key 71067581877df887
2014-08-28 12:27:25,986 3271 [main] DEBUG de.prob.cli.ProBConnection Method:
				connect Line: 47 - Connected
2014-08-28 12:27:25,987 3272 [Thread-3] DEBUG de.prob.cli.ProBInstance Method:
				readAndLog Line: 54 - -- starting command loop --
2014-08-28 12:27:26,137 3422 [main] INFO  de.prob.cli.ProBConnection Method:
				send Line: 65 - set_eclipse_preference('SYMBOLIC',true),set_eclipse_preference('DEFAULT_SETSIZE','2'),set_eclipse_preference('SYMMETRY_MODE',off),set_eclipse_preference('KODKOD_ONLY_FULL',true),set_eclipse_preference('TIME_OUT','2500'),set_eclipse_preference('KODKOD',false),set_eclipse_preference('NUMBER_OF_ANIMATED_ABSTRACTIONS','20'),set_eclipse_preference('USE_RECORD_CONSTRUCTION',true),set_eclipse_preference('MEMO',false),set_eclipse_preference('MAX_OPERATIONS','10'),set_eclipse_preference('MAXINT','30'),set_eclipse_preference('ALLOW_INCOMPLETE_SETUP_CONSTANTS',false),set_eclipse_preference('MININT','-1'),set_eclipse_preference('STATIC_ORDERING',false),set_eclipse_preference('MAX_INITIALISATIONS','4'),set_eclipse_preference('COMPRESSION',false),set_eclipse_preference('TRY_FIND_ABORT',false),set_eclipse_preference('CLPFD',true),set_eclipse_preference('CHR',false),set_eclipse_preference('PROOF_INFO',true),set_eclipse_preference('SMT',false),load_classical_b_from_list_of_facts('/Users/ernestocid/dev/beta/br.ufrn.forall.logicalcoverageexperiments/src/test/resources/machines/PassFinalOrFailIFELSIFELSE.mch',[parser_version('2013-04-30 11:58:52.139'),classical_b('PassFinalOrFailIFELSIFELSE',['/Users/ernestocid/dev/beta/br.ufrn.forall.logicalcoverageexperiments/src/test/resources/machines/PassFinalOrFailIFELSIFELSE.mch']),machine(abstract_machine(1,machine(2),machine_header(3,'PassFinalOrFailIFELSIFELSE',[]),[sets(4,[enumerated_set(5,'RESULT',[identifier(6,pass),identifier(7,final),identifier(8,fail)])]),operations(9,[operation(10,identifier(10,checkResult),[identifier(11,result)],[identifier(12,averageGrade)],precondition(13,conjunct(14,member(15,identifier(16,averageGrade),interval(17,integer(18,0),integer(19,5))),member(20,identifier(21,averageGrade),int_set(22))),if(23,greater_equal(24,identifier(25,averageGrade),integer(26,4)),assign(27,[identifier(28,result)],[identifier(29,pass)]),[if_elsif(30,conjunct(31,greater_equal(32,identifier(33,averageGrade),integer(34,2)),less(35,identifier(36,averageGrade),integer(37,4))),assign(38,[identifier(39,result)],[identifier(40,final)]))],assign(41,[identifier(42,result)],[identifier(43,fail)]))))])]))]),start_animation,true.

2014-08-28 12:27:26,145 3430 [main] INFO  de.prob.cli.ProBConnection Method:
				send Line: 78 - yes([])
2014-08-28 12:27:26,145 3430 [Thread-3] DEBUG de.prob.cli.ProBInstance Method:
				readAndLog Line: 54 - Connected: 127.0.0.1
2014-08-28 12:27:26,145 3430 [Thread-3] DEBUG de.prob.cli.ProBInstance Method:
				readAndLog Line: 54 - loading_classical_b(parser_version(2013-04-30 11:58:52.139),PassFinalOrFailIFELSIFELSE,[/Users/ernestocid/dev/beta/br.ufrn.forall.logicalcoverageexperiments/src/test/resources/machines/PassFinalOrFailIFELSIFELSE.mch])
2014-08-28 12:27:26,169 3454 [main] INFO  de.prob.cli.ProBConnection Method:
				send Line: 65 - getErrorMessages(Errors),true.

2014-08-28 12:27:26,170 3455 [main] INFO  de.prob.cli.ProBConnection Method:
				send Line: 78 - yes('.'(=('Errors',[]),[]))
2014-08-28 12:27:26,194 3479 [main] INFO  de.prob.cli.ProBConnection Method:
				send Line: 65 - compute_operations_for_state(root,APLOps),eval_registered_formulas(root,[],BResults),state_property(initialised,root,CPropResult),state_property(invariantKO,root,DPropResult),state_property(max_operations_reached,root,EPropResult),state_property(timeout_occurred,root,FPropResult),op_timeout_occurred(root,GTO),get_state_errors(root,HErrors),true.

2014-08-28 12:27:26,195 3480 [main] INFO  de.prob.cli.ProBConnection Method:
				send Line: 78 - yes('.'(=('GTO',[]),'.'(=('APLOps','.'(op(0,root,0),[])),'.'(=('FPropResult',false),'.'(=('EPropResult',false),'.'(=('DPropResult',false),'.'(=('CPropResult',false),'.'(=('BResults',[]),'.'(=('HErrors',[]),[])))))))))
2014-08-28 12:27:26,199 3484 [main] INFO  de.prob.cli.ProBConnection Method:
				send Line: 65 - getErrorMessages(Errors),true.

2014-08-28 12:27:26,200 3485 [main] INFO  de.prob.cli.ProBConnection Method:
				send Line: 78 - yes('.'(=('Errors',[]),[]))
2014-08-28 12:27:26,214 3499 [main] INFO  de.prob.cli.ProBConnection Method:
				send Line: 65 - prob2_execute_custom_operations(root,'$setup_constants',equal(none,boolean_true(none),boolean_true(none)),1,NewStateID,Errors),true.

2014-08-28 12:27:26,215 3500 [main] INFO  de.prob.cli.ProBConnection Method:
				send Line: 78 - yes('.'(=('Errors',[]),'.'(=('NewStateID',[]),[])))
2014-08-28 12:27:26,216 3501 [main] INFO  de.prob.cli.ProBConnection Method:
				send Line: 65 - getErrorMessages(Errors),true.

2014-08-28 12:27:26,216 3501 [main] INFO  de.prob.cli.ProBConnection Method:
				send Line: 78 - yes('.'(=('Errors',[]),[]))
2014-08-28 12:27:26,221 3506 [main] INFO  de.prob.cli.ProBConnection Method:
				send Line: 65 - prob2_execute_custom_operations(root,'$initialise_machine',equal(none,boolean_true(none),boolean_true(none)),1,NewStateID,Errors),true.

2014-08-28 12:27:26,223 3508 [main] INFO  de.prob.cli.ProBConnection Method:
				send Line: 78 - yes('.'(=('Errors',[]),'.'(=('NewStateID','.'(op(0,root,0),[])),[])))
2014-08-28 12:27:26,223 3508 [Thread-3] DEBUG de.prob.cli.ProBInstance Method:
				readAndLog Line: 54 - check_additional_guard
2014-08-28 12:27:26,223 3508 [Thread-3] DEBUG de.prob.cli.ProBInstance Method:
				readAndLog Line: 54 - /* truth */ TRUE = TRUE
2014-08-28 12:27:26,223 3508 [Thread-3] DEBUG de.prob.cli.ProBInstance Method:
				readAndLog Line: 54 - checked
2014-08-28 12:27:26,224 3509 [main] INFO  de.prob.cli.ProBConnection Method:
				send Line: 65 - getErrorMessages(Errors),true.

2014-08-28 12:27:26,225 3510 [main] INFO  de.prob.cli.ProBConnection Method:
				send Line: 78 - yes('.'(=('Errors',[]),[]))
2014-08-28 12:27:26,240 3525 [main] INFO  de.prob.cli.ProBConnection Method:
				send Line: 65 - compute_operations_for_state(0,APLOps),eval_registered_formulas(0,[],BResults),state_property(initialised,0,CPropResult),state_property(invariantKO,0,DPropResult),state_property(max_operations_reached,0,EPropResult),state_property(timeout_occurred,0,FPropResult),op_timeout_occurred(0,GTO),get_state_errors(0,HErrors),true.

2014-08-28 12:27:26,243 3528 [main] INFO  de.prob.cli.ProBConnection Method:
				send Line: 78 - yes('.'(=('GTO',[]),'.'(=('APLOps','.'(op(1,0,0),'.'(op(2,0,0),'.'(op(3,0,0),'.'(op(4,0,0),'.'(op(5,0,0),'.'(op(6,0,0),[]))))))),'.'(=('FPropResult',false),'.'(=('EPropResult',false),'.'(=('DPropResult',false),'.'(=('CPropResult',true),'.'(=('BResults',[]),'.'(=('HErrors',[]),[])))))))))
2014-08-28 12:27:26,248 3533 [main] INFO  de.prob.cli.ProBConnection Method:
				send Line: 65 - getErrorMessages(Errors),true.

2014-08-28 12:27:26,249 3534 [Thread-3] DEBUG de.prob.cli.ProBInstance Method:
				readAndLog Line: 54 - 
2014-08-28 12:27:26,249 3534 [Thread-3] DEBUG de.prob.cli.ProBInstance Method:
				readAndLog Line: 54 - ALL OPERATIONS COVERED
2014-08-28 12:27:26,249 3534 [Thread-3] DEBUG de.prob.cli.ProBInstance Method:
				readAndLog Line: 54 - 
2014-08-28 12:27:26,249 3534 [main] INFO  de.prob.cli.ProBConnection Method:
				send Line: 78 - yes('.'(=('Errors',[]),[]))
2014-08-28 12:27:26,269 3554 [main] INFO  de.prob.cli.ProBConnection Method:
				send Line: 65 - evaluate_formula(0,eval(conjunct(none,member(none,identifier(none,averageGrade),interval(none,integer(none,0),integer(none,5))),member(none,identifier(none,averageGrade),int_set(none))),'#PREDICATE','averageGrade : 0..5 & averageGrade : INT'),ARes),true.

2014-08-28 12:27:26,271 3556 [main] INFO  de.prob.cli.ProBConnection Method:
				send Line: 78 - yes('.'(=('ARes',result('TRUE','.'(bind(averageGrade,int(0),'0'),[]),'averageGrade : 0..5 & averageGrade : INT')),[]))
2014-08-28 12:27:26,271 3556 [Thread-3] DEBUG de.prob.cli.ProBInstance Method:
				readAndLog Line: 54 - Existentially Quantified Predicate over averageGrade is TRUE
2014-08-28 12:27:26,271 3556 [Thread-3] DEBUG de.prob.cli.ProBInstance Method:
				readAndLog Line: 54 - Solution: 
2014-08-28 12:27:26,272 3557 [Thread-3] DEBUG de.prob.cli.ProBInstance Method:
				readAndLog Line: 54 -        averageGrade = 0
2014-08-28 12:27:26,272 3557 [Thread-3] DEBUG de.prob.cli.ProBInstance Method:
				readAndLog Line: 54 - 
2014-08-28 12:27:26,279 3564 [main] INFO  de.prob.cli.ProBConnection Method:
				send Line: 65 - getErrorMessages(Errors),true.

2014-08-28 12:27:26,280 3565 [main] INFO  de.prob.cli.ProBConnection Method:
				send Line: 78 - yes('.'(=('Errors',[]),[]))
2014-08-28 12:29:00,739 2449 [main] INFO  de.prob.cli.PrologProcessProvider Method:
				makeProcess Line: 52 - Starting ProB's Prolog Core. Path is /Users/ernestocid/.prob/probcli.sh
2014-08-28 12:29:00,752 2462 [main] DEBUG de.prob.cli.PrologProcessProvider Method:
				makeProcess Line: 54 - Cli started
2014-08-28 12:29:00,755 2465 [main] DEBUG de.prob.cli.ProBInstanceProvider Method:
				analyseStdout Line: 105 - Apply cli detection patterns to Running ProB Command-line Interface
2014-08-28 12:29:00,756 2466 [main] DEBUG de.prob.cli.ProBInstanceProvider Method:
				analyseStdout Line: 105 - Apply cli detection patterns to probcli -sf
2014-08-28 12:29:01,266 2976 [main] DEBUG de.prob.cli.ProBInstanceProvider Method:
				analyseStdout Line: 105 - Apply cli detection patterns to No file to process
2014-08-28 12:29:01,267 2977 [main] DEBUG de.prob.cli.ProBInstanceProvider Method:
				analyseStdout Line: 105 - Apply cli detection patterns to Starting Socket Server
2014-08-28 12:29:01,267 2977 [main] DEBUG de.prob.cli.ProBInstanceProvider Method:
				analyseStdout Line: 105 - Apply cli detection patterns to Application Path: /Users/ernestocid/.prob
2014-08-28 12:29:01,267 2977 [main] DEBUG de.prob.cli.ProBInstanceProvider Method:
				analyseStdout Line: 105 - Apply cli detection patterns to Port: 51306
2014-08-28 12:29:01,267 2977 [main] INFO  de.prob.cli.PortPattern Method:
				setValue Line: 34 - Server has startet and listens on port 51306
2014-08-28 12:29:01,267 2977 [main] DEBUG de.prob.cli.ProBInstanceProvider Method:
				analyseStdout Line: 105 - Apply cli detection patterns to probcli revision: b2b0b75d43689a3356f7372d4c3959b0f23c90c2
2014-08-28 12:29:01,267 2977 [main] DEBUG de.prob.cli.ProBInstanceProvider Method:
				analyseStdout Line: 105 - Apply cli detection patterns to user interrupt reference id: 1570
2014-08-28 12:29:01,268 2978 [main] INFO  de.prob.cli.InterruptRefPattern Method:
				setValue Line: 32 - Server can receive user interrupts via reference 1570
2014-08-28 12:29:01,269 2979 [main] DEBUG de.prob.cli.ProBConnection Method:
				connect Line: 40 - Connecting to port 51306 using key 24572db653de44a0
2014-08-28 12:29:01,269 2979 [main] DEBUG de.prob.cli.ProBConnection Method:
				connect Line: 47 - Connected
2014-08-28 12:29:01,270 2980 [Thread-3] DEBUG de.prob.cli.ProBInstance Method:
				readAndLog Line: 54 - -- starting command loop --
2014-08-28 12:29:01,401 3111 [main] INFO  de.prob.cli.ProBConnection Method:
				send Line: 65 - set_eclipse_preference('SYMBOLIC',true),set_eclipse_preference('DEFAULT_SETSIZE','2'),set_eclipse_preference('SYMMETRY_MODE',off),set_eclipse_preference('KODKOD_ONLY_FULL',true),set_eclipse_preference('TIME_OUT','2500'),set_eclipse_preference('KODKOD',false),set_eclipse_preference('NUMBER_OF_ANIMATED_ABSTRACTIONS','20'),set_eclipse_preference('USE_RECORD_CONSTRUCTION',true),set_eclipse_preference('MEMO',false),set_eclipse_preference('MAX_OPERATIONS','10'),set_eclipse_preference('MAXINT','30'),set_eclipse_preference('ALLOW_INCOMPLETE_SETUP_CONSTANTS',false),set_eclipse_preference('MININT','-1'),set_eclipse_preference('STATIC_ORDERING',false),set_eclipse_preference('MAX_INITIALISATIONS','4'),set_eclipse_preference('COMPRESSION',false),set_eclipse_preference('TRY_FIND_ABORT',false),set_eclipse_preference('CLPFD',true),set_eclipse_preference('CHR',false),set_eclipse_preference('PROOF_INFO',true),set_eclipse_preference('SMT',false),load_classical_b_from_list_of_facts('/Users/ernestocid/dev/beta/br.ufrn.forall.logicalcoverageexperiments/src/test/resources/machines/PassFinalOrFailIFELSIFELSE.mch',[parser_version('2013-04-30 11:58:52.139'),classical_b('PassFinalOrFailIFELSIFELSE',['/Users/ernestocid/dev/beta/br.ufrn.forall.logicalcoverageexperiments/src/test/resources/machines/PassFinalOrFailIFELSIFELSE.mch']),machine(abstract_machine(1,machine(2),machine_header(3,'PassFinalOrFailIFELSIFELSE',[]),[sets(4,[enumerated_set(5,'RESULT',[identifier(6,pass),identifier(7,final),identifier(8,fail)])]),operations(9,[operation(10,identifier(10,checkResult),[identifier(11,result)],[identifier(12,averageGrade)],precondition(13,conjunct(14,member(15,identifier(16,averageGrade),interval(17,integer(18,0),integer(19,5))),member(20,identifier(21,averageGrade),int_set(22))),if(23,greater_equal(24,identifier(25,averageGrade),integer(26,4)),assign(27,[identifier(28,result)],[identifier(29,pass)]),[if_elsif(30,conjunct(31,greater_equal(32,identifier(33,averageGrade),integer(34,2)),less(35,identifier(36,averageGrade),integer(37,4))),assign(38,[identifier(39,result)],[identifier(40,final)]))],assign(41,[identifier(42,result)],[identifier(43,fail)]))))])]))]),start_animation,true.

2014-08-28 12:29:01,409 3119 [main] INFO  de.prob.cli.ProBConnection Method:
				send Line: 78 - yes([])
2014-08-28 12:29:01,409 3119 [Thread-3] DEBUG de.prob.cli.ProBInstance Method:
				readAndLog Line: 54 - Connected: 127.0.0.1
2014-08-28 12:29:01,410 3120 [Thread-3] DEBUG de.prob.cli.ProBInstance Method:
				readAndLog Line: 54 - loading_classical_b(parser_version(2013-04-30 11:58:52.139),PassFinalOrFailIFELSIFELSE,[/Users/ernestocid/dev/beta/br.ufrn.forall.logicalcoverageexperiments/src/test/resources/machines/PassFinalOrFailIFELSIFELSE.mch])
2014-08-28 12:29:01,437 3147 [main] INFO  de.prob.cli.ProBConnection Method:
				send Line: 65 - getErrorMessages(Errors),true.

2014-08-28 12:29:01,438 3148 [main] INFO  de.prob.cli.ProBConnection Method:
				send Line: 78 - yes('.'(=('Errors',[]),[]))
2014-08-28 12:29:01,468 3178 [main] INFO  de.prob.cli.ProBConnection Method:
				send Line: 65 - compute_operations_for_state(root,APLOps),eval_registered_formulas(root,[],BResults),state_property(initialised,root,CPropResult),state_property(invariantKO,root,DPropResult),state_property(max_operations_reached,root,EPropResult),state_property(timeout_occurred,root,FPropResult),op_timeout_occurred(root,GTO),get_state_errors(root,HErrors),true.

2014-08-28 12:29:01,470 3180 [main] INFO  de.prob.cli.ProBConnection Method:
				send Line: 78 - yes('.'(=('GTO',[]),'.'(=('APLOps','.'(op(0,root,0),[])),'.'(=('FPropResult',false),'.'(=('EPropResult',false),'.'(=('DPropResult',false),'.'(=('CPropResult',false),'.'(=('BResults',[]),'.'(=('HErrors',[]),[])))))))))
2014-08-28 12:29:01,474 3184 [main] INFO  de.prob.cli.ProBConnection Method:
				send Line: 65 - getErrorMessages(Errors),true.

2014-08-28 12:29:01,475 3185 [main] INFO  de.prob.cli.ProBConnection Method:
				send Line: 78 - yes('.'(=('Errors',[]),[]))
2014-08-28 12:29:01,490 3200 [main] INFO  de.prob.cli.ProBConnection Method:
				send Line: 65 - prob2_execute_custom_operations(root,'$setup_constants',equal(none,boolean_true(none),boolean_true(none)),1,NewStateID,Errors),true.

2014-08-28 12:29:01,492 3202 [main] INFO  de.prob.cli.ProBConnection Method:
				send Line: 78 - yes('.'(=('Errors',[]),'.'(=('NewStateID',[]),[])))
2014-08-28 12:29:01,493 3203 [main] INFO  de.prob.cli.ProBConnection Method:
				send Line: 65 - getErrorMessages(Errors),true.

2014-08-28 12:29:01,493 3203 [main] INFO  de.prob.cli.ProBConnection Method:
				send Line: 78 - yes('.'(=('Errors',[]),[]))
2014-08-28 12:29:01,498 3208 [main] INFO  de.prob.cli.ProBConnection Method:
				send Line: 65 - prob2_execute_custom_operations(root,'$initialise_machine',equal(none,boolean_true(none),boolean_true(none)),1,NewStateID,Errors),true.

2014-08-28 12:29:01,500 3210 [main] INFO  de.prob.cli.ProBConnection Method:
				send Line: 78 - yes('.'(=('Errors',[]),'.'(=('NewStateID','.'(op(0,root,0),[])),[])))
2014-08-28 12:29:01,500 3210 [Thread-3] DEBUG de.prob.cli.ProBInstance Method:
				readAndLog Line: 54 - check_additional_guard
2014-08-28 12:29:01,500 3210 [Thread-3] DEBUG de.prob.cli.ProBInstance Method:
				readAndLog Line: 54 - /* truth */ TRUE = TRUE
2014-08-28 12:29:01,500 3210 [Thread-3] DEBUG de.prob.cli.ProBInstance Method:
				readAndLog Line: 54 - checked
2014-08-28 12:29:01,501 3211 [main] INFO  de.prob.cli.ProBConnection Method:
				send Line: 65 - getErrorMessages(Errors),true.

2014-08-28 12:29:01,501 3211 [main] INFO  de.prob.cli.ProBConnection Method:
				send Line: 78 - yes('.'(=('Errors',[]),[]))
2014-08-28 12:29:01,514 3224 [main] INFO  de.prob.cli.ProBConnection Method:
				send Line: 65 - compute_operations_for_state(0,APLOps),eval_registered_formulas(0,[],BResults),state_property(initialised,0,CPropResult),state_property(invariantKO,0,DPropResult),state_property(max_operations_reached,0,EPropResult),state_property(timeout_occurred,0,FPropResult),op_timeout_occurred(0,GTO),get_state_errors(0,HErrors),true.

2014-08-28 12:29:01,517 3227 [main] INFO  de.prob.cli.ProBConnection Method:
				send Line: 78 - yes('.'(=('GTO',[]),'.'(=('APLOps','.'(op(1,0,0),'.'(op(2,0,0),'.'(op(3,0,0),'.'(op(4,0,0),'.'(op(5,0,0),'.'(op(6,0,0),[]))))))),'.'(=('FPropResult',false),'.'(=('EPropResult',false),'.'(=('DPropResult',false),'.'(=('CPropResult',true),'.'(=('BResults',[]),'.'(=('HErrors',[]),[])))))))))
2014-08-28 12:29:01,517 3227 [Thread-3] DEBUG de.prob.cli.ProBInstance Method:
				readAndLog Line: 54 - 
2014-08-28 12:29:01,517 3227 [Thread-3] DEBUG de.prob.cli.ProBInstance Method:
				readAndLog Line: 54 - ALL OPERATIONS COVERED
2014-08-28 12:29:01,518 3228 [Thread-3] DEBUG de.prob.cli.ProBInstance Method:
				readAndLog Line: 54 - 
2014-08-28 12:29:01,521 3231 [main] INFO  de.prob.cli.ProBConnection Method:
				send Line: 65 - getErrorMessages(Errors),true.

2014-08-28 12:29:01,522 3232 [main] INFO  de.prob.cli.ProBConnection Method:
				send Line: 78 - yes('.'(=('Errors',[]),[]))
2014-08-28 12:29:01,541 3251 [main] INFO  de.prob.cli.ProBConnection Method:
				send Line: 65 - evaluate_formula(0,eval(conjunct(none,member(none,identifier(none,averageGrade),interval(none,integer(none,0),integer(none,5))),member(none,identifier(none,averageGrade),int_set(none))),'#PREDICATE','averageGrade : 0..5 & averageGrade : INT'),ARes),true.

2014-08-28 12:29:01,542 3252 [main] INFO  de.prob.cli.ProBConnection Method:
				send Line: 78 - yes('.'(=('ARes',result('TRUE','.'(bind(averageGrade,int(0),'0'),[]),'averageGrade : 0..5 & averageGrade : INT')),[]))
2014-08-28 12:29:01,543 3253 [Thread-3] DEBUG de.prob.cli.ProBInstance Method:
				readAndLog Line: 54 - Existentially Quantified Predicate over averageGrade is TRUE
2014-08-28 12:29:01,543 3253 [Thread-3] DEBUG de.prob.cli.ProBInstance Method:
				readAndLog Line: 54 - Solution: 
2014-08-28 12:29:01,543 3253 [Thread-3] DEBUG de.prob.cli.ProBInstance Method:
				readAndLog Line: 54 -        averageGrade = 0
2014-08-28 12:29:01,543 3253 [Thread-3] DEBUG de.prob.cli.ProBInstance Method:
				readAndLog Line: 54 - 
2014-08-28 12:29:01,549 3259 [main] INFO  de.prob.cli.ProBConnection Method:
				send Line: 65 - getErrorMessages(Errors),true.

2014-08-28 12:29:01,550 3260 [main] INFO  de.prob.cli.ProBConnection Method:
				send Line: 78 - yes('.'(=('Errors',[]),[]))
2014-08-28 12:29:10,882 2312 [main] INFO  de.prob.cli.PrologProcessProvider Method:
				makeProcess Line: 52 - Starting ProB's Prolog Core. Path is /Users/ernestocid/.prob/probcli.sh
2014-08-28 12:29:10,894 2324 [main] DEBUG de.prob.cli.PrologProcessProvider Method:
				makeProcess Line: 54 - Cli started
2014-08-28 12:29:10,899 2329 [main] DEBUG de.prob.cli.ProBInstanceProvider Method:
				analyseStdout Line: 105 - Apply cli detection patterns to Running ProB Command-line Interface
2014-08-28 12:29:10,899 2329 [main] DEBUG de.prob.cli.ProBInstanceProvider Method:
				analyseStdout Line: 105 - Apply cli detection patterns to probcli -sf
2014-08-28 12:29:11,490 2920 [main] DEBUG de.prob.cli.ProBInstanceProvider Method:
				analyseStdout Line: 105 - Apply cli detection patterns to No file to process
2014-08-28 12:29:11,491 2921 [main] DEBUG de.prob.cli.ProBInstanceProvider Method:
				analyseStdout Line: 105 - Apply cli detection patterns to Starting Socket Server
2014-08-28 12:29:11,491 2921 [main] DEBUG de.prob.cli.ProBInstanceProvider Method:
				analyseStdout Line: 105 - Apply cli detection patterns to Application Path: /Users/ernestocid/.prob
2014-08-28 12:29:11,491 2921 [main] DEBUG de.prob.cli.ProBInstanceProvider Method:
				analyseStdout Line: 105 - Apply cli detection patterns to Port: 51311
2014-08-28 12:29:11,492 2922 [main] INFO  de.prob.cli.PortPattern Method:
				setValue Line: 34 - Server has startet and listens on port 51311
2014-08-28 12:29:11,492 2922 [main] DEBUG de.prob.cli.ProBInstanceProvider Method:
				analyseStdout Line: 105 - Apply cli detection patterns to probcli revision: b2b0b75d43689a3356f7372d4c3959b0f23c90c2
2014-08-28 12:29:11,492 2922 [main] DEBUG de.prob.cli.ProBInstanceProvider Method:
				analyseStdout Line: 105 - Apply cli detection patterns to user interrupt reference id: 1575
2014-08-28 12:29:11,492 2922 [main] INFO  de.prob.cli.InterruptRefPattern Method:
				setValue Line: 32 - Server can receive user interrupts via reference 1575
2014-08-28 12:29:11,493 2923 [main] DEBUG de.prob.cli.ProBConnection Method:
				connect Line: 40 - Connecting to port 51311 using key 38e6fb5a70cd6d5e
2014-08-28 12:29:11,494 2924 [main] DEBUG de.prob.cli.ProBConnection Method:
				connect Line: 47 - Connected
2014-08-28 12:29:11,495 2925 [Thread-3] DEBUG de.prob.cli.ProBInstance Method:
				readAndLog Line: 54 - -- starting command loop --
2014-08-28 12:29:11,636 3066 [main] INFO  de.prob.cli.ProBConnection Method:
				send Line: 65 - set_eclipse_preference('SYMBOLIC',true),set_eclipse_preference('DEFAULT_SETSIZE','2'),set_eclipse_preference('SYMMETRY_MODE',off),set_eclipse_preference('KODKOD_ONLY_FULL',true),set_eclipse_preference('TIME_OUT','2500'),set_eclipse_preference('KODKOD',false),set_eclipse_preference('NUMBER_OF_ANIMATED_ABSTRACTIONS','20'),set_eclipse_preference('USE_RECORD_CONSTRUCTION',true),set_eclipse_preference('MEMO',false),set_eclipse_preference('MAX_OPERATIONS','10'),set_eclipse_preference('MAXINT','30'),set_eclipse_preference('ALLOW_INCOMPLETE_SETUP_CONSTANTS',false),set_eclipse_preference('MININT','-1'),set_eclipse_preference('STATIC_ORDERING',false),set_eclipse_preference('MAX_INITIALISATIONS','4'),set_eclipse_preference('COMPRESSION',false),set_eclipse_preference('TRY_FIND_ABORT',false),set_eclipse_preference('CLPFD',true),set_eclipse_preference('CHR',false),set_eclipse_preference('PROOF_INFO',true),set_eclipse_preference('SMT',false),load_classical_b_from_list_of_facts('/Users/ernestocid/dev/beta/br.ufrn.forall.logicalcoverageexperiments/src/test/resources/machines/PassFinalOrFailIFELSIFELSE.mch',[parser_version('2013-04-30 11:58:52.139'),classical_b('PassFinalOrFailIFELSIFELSE',['/Users/ernestocid/dev/beta/br.ufrn.forall.logicalcoverageexperiments/src/test/resources/machines/PassFinalOrFailIFELSIFELSE.mch']),machine(abstract_machine(1,machine(2),machine_header(3,'PassFinalOrFailIFELSIFELSE',[]),[sets(4,[enumerated_set(5,'RESULT',[identifier(6,pass),identifier(7,final),identifier(8,fail)])]),operations(9,[operation(10,identifier(10,checkResult),[identifier(11,result)],[identifier(12,averageGrade)],precondition(13,conjunct(14,member(15,identifier(16,averageGrade),interval(17,integer(18,0),integer(19,5))),member(20,identifier(21,averageGrade),int_set(22))),if(23,greater_equal(24,identifier(25,averageGrade),integer(26,4)),assign(27,[identifier(28,result)],[identifier(29,pass)]),[if_elsif(30,conjunct(31,greater_equal(32,identifier(33,averageGrade),integer(34,2)),less(35,identifier(36,averageGrade),integer(37,4))),assign(38,[identifier(39,result)],[identifier(40,final)]))],assign(41,[identifier(42,result)],[identifier(43,fail)]))))])]))]),start_animation,true.

2014-08-28 12:29:11,641 3071 [main] INFO  de.prob.cli.ProBConnection Method:
				send Line: 78 - yes([])
2014-08-28 12:29:11,641 3071 [Thread-3] DEBUG de.prob.cli.ProBInstance Method:
				readAndLog Line: 54 - Connected: 127.0.0.1
2014-08-28 12:29:11,641 3071 [Thread-3] DEBUG de.prob.cli.ProBInstance Method:
				readAndLog Line: 54 - loading_classical_b(parser_version(2013-04-30 11:58:52.139),PassFinalOrFailIFELSIFELSE,[/Users/ernestocid/dev/beta/br.ufrn.forall.logicalcoverageexperiments/src/test/resources/machines/PassFinalOrFailIFELSIFELSE.mch])
2014-08-28 12:29:11,665 3095 [main] INFO  de.prob.cli.ProBConnection Method:
				send Line: 65 - getErrorMessages(Errors),true.

2014-08-28 12:29:11,666 3096 [main] INFO  de.prob.cli.ProBConnection Method:
				send Line: 78 - yes('.'(=('Errors',[]),[]))
2014-08-28 12:29:11,688 3118 [main] INFO  de.prob.cli.ProBConnection Method:
				send Line: 65 - compute_operations_for_state(root,APLOps),eval_registered_formulas(root,[],BResults),state_property(initialised,root,CPropResult),state_property(invariantKO,root,DPropResult),state_property(max_operations_reached,root,EPropResult),state_property(timeout_occurred,root,FPropResult),op_timeout_occurred(root,GTO),get_state_errors(root,HErrors),true.

2014-08-28 12:29:11,689 3119 [main] INFO  de.prob.cli.ProBConnection Method:
				send Line: 78 - yes('.'(=('GTO',[]),'.'(=('APLOps','.'(op(0,root,0),[])),'.'(=('FPropResult',false),'.'(=('EPropResult',false),'.'(=('DPropResult',false),'.'(=('CPropResult',false),'.'(=('BResults',[]),'.'(=('HErrors',[]),[])))))))))
2014-08-28 12:29:11,692 3122 [main] INFO  de.prob.cli.ProBConnection Method:
				send Line: 65 - getErrorMessages(Errors),true.

2014-08-28 12:29:11,693 3123 [main] INFO  de.prob.cli.ProBConnection Method:
				send Line: 78 - yes('.'(=('Errors',[]),[]))
2014-08-28 12:29:11,707 3137 [main] INFO  de.prob.cli.ProBConnection Method:
				send Line: 65 - prob2_execute_custom_operations(root,'$setup_constants',equal(none,boolean_true(none),boolean_true(none)),1,NewStateID,Errors),true.

2014-08-28 12:29:11,708 3138 [main] INFO  de.prob.cli.ProBConnection Method:
				send Line: 78 - yes('.'(=('Errors',[]),'.'(=('NewStateID',[]),[])))
2014-08-28 12:29:11,713 3143 [main] INFO  de.prob.cli.ProBConnection Method:
				send Line: 65 - getErrorMessages(Errors),true.

2014-08-28 12:29:11,714 3144 [main] INFO  de.prob.cli.ProBConnection Method:
				send Line: 78 - yes('.'(=('Errors',[]),[]))
2014-08-28 12:29:11,719 3149 [main] INFO  de.prob.cli.ProBConnection Method:
				send Line: 65 - prob2_execute_custom_operations(root,'$initialise_machine',equal(none,boolean_true(none),boolean_true(none)),1,NewStateID,Errors),true.

2014-08-28 12:29:11,720 3150 [main] INFO  de.prob.cli.ProBConnection Method:
				send Line: 78 - yes('.'(=('Errors',[]),'.'(=('NewStateID','.'(op(0,root,0),[])),[])))
2014-08-28 12:29:11,720 3150 [Thread-3] DEBUG de.prob.cli.ProBInstance Method:
				readAndLog Line: 54 - check_additional_guard
2014-08-28 12:29:11,721 3151 [Thread-3] DEBUG de.prob.cli.ProBInstance Method:
				readAndLog Line: 54 - /* truth */ TRUE = TRUE
2014-08-28 12:29:11,721 3151 [Thread-3] DEBUG de.prob.cli.ProBInstance Method:
				readAndLog Line: 54 - checked
2014-08-28 12:29:11,721 3151 [main] INFO  de.prob.cli.ProBConnection Method:
				send Line: 65 - getErrorMessages(Errors),true.

2014-08-28 12:29:11,722 3152 [main] INFO  de.prob.cli.ProBConnection Method:
				send Line: 78 - yes('.'(=('Errors',[]),[]))
2014-08-28 12:29:11,731 3161 [main] INFO  de.prob.cli.ProBConnection Method:
				send Line: 65 - compute_operations_for_state(0,APLOps),eval_registered_formulas(0,[],BResults),state_property(initialised,0,CPropResult),state_property(invariantKO,0,DPropResult),state_property(max_operations_reached,0,EPropResult),state_property(timeout_occurred,0,FPropResult),op_timeout_occurred(0,GTO),get_state_errors(0,HErrors),true.

2014-08-28 12:29:11,733 3163 [main] INFO  de.prob.cli.ProBConnection Method:
				send Line: 78 - yes('.'(=('GTO',[]),'.'(=('APLOps','.'(op(1,0,0),'.'(op(2,0,0),'.'(op(3,0,0),'.'(op(4,0,0),'.'(op(5,0,0),'.'(op(6,0,0),[]))))))),'.'(=('FPropResult',false),'.'(=('EPropResult',false),'.'(=('DPropResult',false),'.'(=('CPropResult',true),'.'(=('BResults',[]),'.'(=('HErrors',[]),[])))))))))
2014-08-28 12:29:11,733 3163 [Thread-3] DEBUG de.prob.cli.ProBInstance Method:
				readAndLog Line: 54 - 
2014-08-28 12:29:11,734 3164 [Thread-3] DEBUG de.prob.cli.ProBInstance Method:
				readAndLog Line: 54 - ALL OPERATIONS COVERED
2014-08-28 12:29:11,734 3164 [Thread-3] DEBUG de.prob.cli.ProBInstance Method:
				readAndLog Line: 54 - 
2014-08-28 12:29:11,736 3166 [main] INFO  de.prob.cli.ProBConnection Method:
				send Line: 65 - getErrorMessages(Errors),true.

2014-08-28 12:29:11,737 3167 [main] INFO  de.prob.cli.ProBConnection Method:
				send Line: 78 - yes('.'(=('Errors',[]),[]))
2014-08-28 12:29:11,756 3186 [main] INFO  de.prob.cli.ProBConnection Method:
				send Line: 65 - evaluate_formula(0,eval(conjunct(none,member(none,identifier(none,averageGrade),interval(none,integer(none,0),integer(none,5))),member(none,identifier(none,averageGrade),int_set(none))),'#PREDICATE','averageGrade : 0..5 & averageGrade : INT'),ARes),true.

2014-08-28 12:29:11,758 3188 [main] INFO  de.prob.cli.ProBConnection Method:
				send Line: 78 - yes('.'(=('ARes',result('TRUE','.'(bind(averageGrade,int(0),'0'),[]),'averageGrade : 0..5 & averageGrade : INT')),[]))
2014-08-28 12:29:11,758 3188 [Thread-3] DEBUG de.prob.cli.ProBInstance Method:
				readAndLog Line: 54 - Existentially Quantified Predicate over averageGrade is TRUE
2014-08-28 12:29:11,758 3188 [Thread-3] DEBUG de.prob.cli.ProBInstance Method:
				readAndLog Line: 54 - Solution: 
2014-08-28 12:29:11,758 3188 [Thread-3] DEBUG de.prob.cli.ProBInstance Method:
				readAndLog Line: 54 -        averageGrade = 0
2014-08-28 12:29:11,758 3188 [Thread-3] DEBUG de.prob.cli.ProBInstance Method:
				readAndLog Line: 54 - 
2014-08-28 12:29:11,765 3195 [main] INFO  de.prob.cli.ProBConnection Method:
				send Line: 65 - getErrorMessages(Errors),true.

2014-08-28 12:29:11,765 3195 [main] INFO  de.prob.cli.ProBConnection Method:
				send Line: 78 - yes('.'(=('Errors',[]),[]))
2014-08-28 12:29:19,617 2419 [main] INFO  de.prob.cli.PrologProcessProvider Method:
				makeProcess Line: 52 - Starting ProB's Prolog Core. Path is /Users/ernestocid/.prob/probcli.sh
2014-08-28 12:29:19,631 2433 [main] DEBUG de.prob.cli.PrologProcessProvider Method:
				makeProcess Line: 54 - Cli started
2014-08-28 12:29:19,634 2436 [main] DEBUG de.prob.cli.ProBInstanceProvider Method:
				analyseStdout Line: 105 - Apply cli detection patterns to Running ProB Command-line Interface
2014-08-28 12:29:19,634 2436 [main] DEBUG de.prob.cli.ProBInstanceProvider Method:
				analyseStdout Line: 105 - Apply cli detection patterns to probcli -sf
2014-08-28 12:29:20,163 2965 [main] DEBUG de.prob.cli.ProBInstanceProvider Method:
				analyseStdout Line: 105 - Apply cli detection patterns to No file to process
2014-08-28 12:29:20,164 2966 [main] DEBUG de.prob.cli.ProBInstanceProvider Method:
				analyseStdout Line: 105 - Apply cli detection patterns to Starting Socket Server
2014-08-28 12:29:20,164 2966 [main] DEBUG de.prob.cli.ProBInstanceProvider Method:
				analyseStdout Line: 105 - Apply cli detection patterns to Application Path: /Users/ernestocid/.prob
2014-08-28 12:29:20,164 2966 [main] DEBUG de.prob.cli.ProBInstanceProvider Method:
				analyseStdout Line: 105 - Apply cli detection patterns to Port: 51316
2014-08-28 12:29:20,164 2966 [main] INFO  de.prob.cli.PortPattern Method:
				setValue Line: 34 - Server has startet and listens on port 51316
2014-08-28 12:29:20,164 2966 [main] DEBUG de.prob.cli.ProBInstanceProvider Method:
				analyseStdout Line: 105 - Apply cli detection patterns to probcli revision: b2b0b75d43689a3356f7372d4c3959b0f23c90c2
2014-08-28 12:29:20,164 2966 [main] DEBUG de.prob.cli.ProBInstanceProvider Method:
				analyseStdout Line: 105 - Apply cli detection patterns to user interrupt reference id: 1580
2014-08-28 12:29:20,165 2967 [main] INFO  de.prob.cli.InterruptRefPattern Method:
				setValue Line: 32 - Server can receive user interrupts via reference 1580
2014-08-28 12:29:20,165 2967 [main] DEBUG de.prob.cli.ProBConnection Method:
				connect Line: 40 - Connecting to port 51316 using key 9179ce385d46a3c3
2014-08-28 12:29:20,166 2968 [main] DEBUG de.prob.cli.ProBConnection Method:
				connect Line: 47 - Connected
2014-08-28 12:29:20,167 2969 [Thread-3] DEBUG de.prob.cli.ProBInstance Method:
				readAndLog Line: 54 - -- starting command loop --
2014-08-28 12:29:20,319 3121 [main] INFO  de.prob.cli.ProBConnection Method:
				send Line: 65 - set_eclipse_preference('SYMBOLIC',true),set_eclipse_preference('DEFAULT_SETSIZE','2'),set_eclipse_preference('SYMMETRY_MODE',off),set_eclipse_preference('KODKOD_ONLY_FULL',true),set_eclipse_preference('TIME_OUT','2500'),set_eclipse_preference('KODKOD',false),set_eclipse_preference('NUMBER_OF_ANIMATED_ABSTRACTIONS','20'),set_eclipse_preference('USE_RECORD_CONSTRUCTION',true),set_eclipse_preference('MEMO',false),set_eclipse_preference('MAX_OPERATIONS','10'),set_eclipse_preference('MAXINT','30'),set_eclipse_preference('ALLOW_INCOMPLETE_SETUP_CONSTANTS',false),set_eclipse_preference('MININT','-1'),set_eclipse_preference('STATIC_ORDERING',false),set_eclipse_preference('MAX_INITIALISATIONS','4'),set_eclipse_preference('COMPRESSION',false),set_eclipse_preference('TRY_FIND_ABORT',false),set_eclipse_preference('CLPFD',true),set_eclipse_preference('CHR',false),set_eclipse_preference('PROOF_INFO',true),set_eclipse_preference('SMT',false),load_classical_b_from_list_of_facts('/Users/ernestocid/dev/beta/br.ufrn.forall.logicalcoverageexperiments/src/test/resources/machines/PassFinalOrFailIFELSIFELSE.mch',[parser_version('2013-04-30 11:58:52.139'),classical_b('PassFinalOrFailIFELSIFELSE',['/Users/ernestocid/dev/beta/br.ufrn.forall.logicalcoverageexperiments/src/test/resources/machines/PassFinalOrFailIFELSIFELSE.mch']),machine(abstract_machine(1,machine(2),machine_header(3,'PassFinalOrFailIFELSIFELSE',[]),[sets(4,[enumerated_set(5,'RESULT',[identifier(6,pass),identifier(7,final),identifier(8,fail)])]),operations(9,[operation(10,identifier(10,checkResult),[identifier(11,result)],[identifier(12,averageGrade)],precondition(13,conjunct(14,member(15,identifier(16,averageGrade),interval(17,integer(18,0),integer(19,5))),member(20,identifier(21,averageGrade),int_set(22))),if(23,greater_equal(24,identifier(25,averageGrade),integer(26,4)),assign(27,[identifier(28,result)],[identifier(29,pass)]),[if_elsif(30,conjunct(31,greater_equal(32,identifier(33,averageGrade),integer(34,2)),less(35,identifier(36,averageGrade),integer(37,4))),assign(38,[identifier(39,result)],[identifier(40,final)]))],assign(41,[identifier(42,result)],[identifier(43,fail)]))))])]))]),start_animation,true.

2014-08-28 12:29:20,324 3126 [Thread-3] DEBUG de.prob.cli.ProBInstance Method:
				readAndLog Line: 54 - Connected: 127.0.0.1
2014-08-28 12:29:20,324 3126 [main] INFO  de.prob.cli.ProBConnection Method:
				send Line: 78 - yes([])
2014-08-28 12:29:20,324 3126 [Thread-3] DEBUG de.prob.cli.ProBInstance Method:
				readAndLog Line: 54 - loading_classical_b(parser_version(2013-04-30 11:58:52.139),PassFinalOrFailIFELSIFELSE,[/Users/ernestocid/dev/beta/br.ufrn.forall.logicalcoverageexperiments/src/test/resources/machines/PassFinalOrFailIFELSIFELSE.mch])
2014-08-28 12:29:20,349 3151 [main] INFO  de.prob.cli.ProBConnection Method:
				send Line: 65 - getErrorMessages(Errors),true.

2014-08-28 12:29:20,350 3152 [main] INFO  de.prob.cli.ProBConnection Method:
				send Line: 78 - yes('.'(=('Errors',[]),[]))
2014-08-28 12:29:20,368 3170 [main] INFO  de.prob.cli.ProBConnection Method:
				send Line: 65 - compute_operations_for_state(root,APLOps),eval_registered_formulas(root,[],BResults),state_property(initialised,root,CPropResult),state_property(invariantKO,root,DPropResult),state_property(max_operations_reached,root,EPropResult),state_property(timeout_occurred,root,FPropResult),op_timeout_occurred(root,GTO),get_state_errors(root,HErrors),true.

2014-08-28 12:29:20,369 3171 [main] INFO  de.prob.cli.ProBConnection Method:
				send Line: 78 - yes('.'(=('GTO',[]),'.'(=('APLOps','.'(op(0,root,0),[])),'.'(=('FPropResult',false),'.'(=('EPropResult',false),'.'(=('DPropResult',false),'.'(=('CPropResult',false),'.'(=('BResults',[]),'.'(=('HErrors',[]),[])))))))))
2014-08-28 12:29:20,372 3174 [main] INFO  de.prob.cli.ProBConnection Method:
				send Line: 65 - getErrorMessages(Errors),true.

2014-08-28 12:29:20,373 3175 [main] INFO  de.prob.cli.ProBConnection Method:
				send Line: 78 - yes('.'(=('Errors',[]),[]))
2014-08-28 12:29:20,384 3186 [main] INFO  de.prob.cli.ProBConnection Method:
				send Line: 65 - prob2_execute_custom_operations(root,'$setup_constants',equal(none,boolean_true(none),boolean_true(none)),1,NewStateID,Errors),true.

2014-08-28 12:29:20,385 3187 [main] INFO  de.prob.cli.ProBConnection Method:
				send Line: 78 - yes('.'(=('Errors',[]),'.'(=('NewStateID',[]),[])))
2014-08-28 12:29:20,386 3188 [main] INFO  de.prob.cli.ProBConnection Method:
				send Line: 65 - getErrorMessages(Errors),true.

2014-08-28 12:29:20,386 3188 [main] INFO  de.prob.cli.ProBConnection Method:
				send Line: 78 - yes('.'(=('Errors',[]),[]))
2014-08-28 12:29:20,390 3192 [main] INFO  de.prob.cli.ProBConnection Method:
				send Line: 65 - prob2_execute_custom_operations(root,'$initialise_machine',equal(none,boolean_true(none),boolean_true(none)),1,NewStateID,Errors),true.

2014-08-28 12:29:20,391 3193 [main] INFO  de.prob.cli.ProBConnection Method:
				send Line: 78 - yes('.'(=('Errors',[]),'.'(=('NewStateID','.'(op(0,root,0),[])),[])))
2014-08-28 12:29:20,393 3195 [main] INFO  de.prob.cli.ProBConnection Method:
				send Line: 65 - getErrorMessages(Errors),true.

2014-08-28 12:29:20,393 3195 [Thread-3] DEBUG de.prob.cli.ProBInstance Method:
				readAndLog Line: 54 - check_additional_guard
2014-08-28 12:29:20,393 3195 [Thread-3] DEBUG de.prob.cli.ProBInstance Method:
				readAndLog Line: 54 - /* truth */ TRUE = TRUE
2014-08-28 12:29:20,394 3196 [Thread-3] DEBUG de.prob.cli.ProBInstance Method:
				readAndLog Line: 54 - checked
2014-08-28 12:29:20,394 3196 [main] INFO  de.prob.cli.ProBConnection Method:
				send Line: 78 - yes('.'(=('Errors',[]),[]))
2014-08-28 12:29:20,403 3205 [main] INFO  de.prob.cli.ProBConnection Method:
				send Line: 65 - compute_operations_for_state(0,APLOps),eval_registered_formulas(0,[],BResults),state_property(initialised,0,CPropResult),state_property(invariantKO,0,DPropResult),state_property(max_operations_reached,0,EPropResult),state_property(timeout_occurred,0,FPropResult),op_timeout_occurred(0,GTO),get_state_errors(0,HErrors),true.

2014-08-28 12:29:20,406 3208 [main] INFO  de.prob.cli.ProBConnection Method:
				send Line: 78 - yes('.'(=('GTO',[]),'.'(=('APLOps','.'(op(1,0,0),'.'(op(2,0,0),'.'(op(3,0,0),'.'(op(4,0,0),'.'(op(5,0,0),'.'(op(6,0,0),[]))))))),'.'(=('FPropResult',false),'.'(=('EPropResult',false),'.'(=('DPropResult',false),'.'(=('CPropResult',true),'.'(=('BResults',[]),'.'(=('HErrors',[]),[])))))))))
2014-08-28 12:29:20,406 3208 [Thread-3] DEBUG de.prob.cli.ProBInstance Method:
				readAndLog Line: 54 - 
2014-08-28 12:29:20,406 3208 [Thread-3] DEBUG de.prob.cli.ProBInstance Method:
				readAndLog Line: 54 - ALL OPERATIONS COVERED
2014-08-28 12:29:20,406 3208 [Thread-3] DEBUG de.prob.cli.ProBInstance Method:
				readAndLog Line: 54 - 
2014-08-28 12:29:20,409 3211 [main] INFO  de.prob.cli.ProBConnection Method:
				send Line: 65 - getErrorMessages(Errors),true.

2014-08-28 12:29:20,410 3212 [main] INFO  de.prob.cli.ProBConnection Method:
				send Line: 78 - yes('.'(=('Errors',[]),[]))
2014-08-28 12:29:20,431 3233 [main] INFO  de.prob.cli.ProBConnection Method:
				send Line: 65 - evaluate_formula(0,eval(conjunct(none,member(none,identifier(none,averageGrade),interval(none,integer(none,0),integer(none,5))),member(none,identifier(none,averageGrade),int_set(none))),'#PREDICATE','averageGrade : 0..5 & averageGrade : INT'),ARes),true.

2014-08-28 12:29:20,432 3234 [main] INFO  de.prob.cli.ProBConnection Method:
				send Line: 78 - yes('.'(=('ARes',result('TRUE','.'(bind(averageGrade,int(0),'0'),[]),'averageGrade : 0..5 & averageGrade : INT')),[]))
2014-08-28 12:29:20,432 3234 [Thread-3] DEBUG de.prob.cli.ProBInstance Method:
				readAndLog Line: 54 - Existentially Quantified Predicate over averageGrade is TRUE
2014-08-28 12:29:20,433 3235 [Thread-3] DEBUG de.prob.cli.ProBInstance Method:
				readAndLog Line: 54 - Solution: 
2014-08-28 12:29:20,433 3235 [Thread-3] DEBUG de.prob.cli.ProBInstance Method:
				readAndLog Line: 54 -        averageGrade = 0
2014-08-28 12:29:20,433 3235 [Thread-3] DEBUG de.prob.cli.ProBInstance Method:
				readAndLog Line: 54 - 
2014-08-28 12:29:20,439 3241 [main] INFO  de.prob.cli.ProBConnection Method:
				send Line: 65 - getErrorMessages(Errors),true.

2014-08-28 12:29:20,440 3242 [main] INFO  de.prob.cli.ProBConnection Method:
				send Line: 78 - yes('.'(=('Errors',[]),[]))
