2014-10-11 22:36:53,229 3308 [Test worker] INFO  de.prob.cli.PrologProcessProvider Method:
				makeProcess Line: 52 - Starting ProB's Prolog Core. Path is /Users/ernestocid/.prob/probcli.sh
2014-10-11 22:36:53,248 3327 [Test worker] DEBUG de.prob.cli.PrologProcessProvider Method:
				makeProcess Line: 54 - Cli started
2014-10-11 22:36:53,251 3330 [Test worker] DEBUG de.prob.cli.ProBInstanceProvider Method:
				analyseStdout Line: 105 - Apply cli detection patterns to Running ProB Command-line Interface
2014-10-11 22:36:53,252 3331 [Test worker] DEBUG de.prob.cli.ProBInstanceProvider Method:
				analyseStdout Line: 105 - Apply cli detection patterns to probcli -sf
2014-10-11 22:36:53,921 4000 [Test worker] DEBUG de.prob.cli.ProBInstanceProvider Method:
				analyseStdout Line: 105 - Apply cli detection patterns to No file to process
2014-10-11 22:36:53,922 4001 [Test worker] DEBUG de.prob.cli.ProBInstanceProvider Method:
				analyseStdout Line: 105 - Apply cli detection patterns to Starting Socket Server
2014-10-11 22:36:53,922 4001 [Test worker] DEBUG de.prob.cli.ProBInstanceProvider Method:
				analyseStdout Line: 105 - Apply cli detection patterns to Application Path: /Users/ernestocid/.prob
2014-10-11 22:36:53,922 4001 [Test worker] DEBUG de.prob.cli.ProBInstanceProvider Method:
				analyseStdout Line: 105 - Apply cli detection patterns to Port: 61145
2014-10-11 22:36:53,922 4001 [Test worker] INFO  de.prob.cli.PortPattern Method:
				setValue Line: 34 - Server has startet and listens on port 61145
2014-10-11 22:36:53,922 4001 [Test worker] DEBUG de.prob.cli.ProBInstanceProvider Method:
				analyseStdout Line: 105 - Apply cli detection patterns to probcli revision: b2d5be6924b83d6c5b04fe6e86d94cddfa56e0bb
2014-10-11 22:36:53,922 4001 [Test worker] DEBUG de.prob.cli.ProBInstanceProvider Method:
				analyseStdout Line: 105 - Apply cli detection patterns to user interrupt reference id: 27547
2014-10-11 22:36:53,923 4002 [Test worker] INFO  de.prob.cli.InterruptRefPattern Method:
				setValue Line: 32 - Server can receive user interrupts via reference 27547
2014-10-11 22:36:53,923 4002 [Test worker] DEBUG de.prob.cli.ProBConnection Method:
				connect Line: 40 - Connecting to port 61145 using key 5c14e0540d9a3a
2014-10-11 22:36:53,924 4003 [Test worker] DEBUG de.prob.cli.ProBConnection Method:
				connect Line: 47 - Connected
2014-10-11 22:36:53,925 4004 [Thread-6] DEBUG de.prob.cli.ProBInstance Method:
				readAndLog Line: 54 - -- starting command loop --
2014-10-11 22:36:54,125 4204 [Test worker] INFO  de.prob.cli.ProBConnection Method:
				send Line: 65 - set_eclipse_preference('SYMBOLIC',true),set_eclipse_preference('CSE_PRED',true),set_eclipse_preference('SYMMETRY_MODE',off),set_eclipse_preference('DEFAULT_SETSIZE','2'),set_eclipse_preference('KODKOD_ONLY_FULL',true),set_eclipse_preference('CSE_WD_ONLY',false),set_eclipse_preference('TIME_OUT','2500'),set_eclipse_preference('KODKOD',false),set_eclipse_preference('NUMBER_OF_ANIMATED_ABSTRACTIONS','20'),set_eclipse_preference('USE_RECORD_CONSTRUCTION',true),set_eclipse_preference('MEMO',false),set_eclipse_preference('MAX_OPERATIONS','10'),set_eclipse_preference('CSE',false),set_eclipse_preference('MAXINT','20'),set_eclipse_preference('ALLOW_INCOMPLETE_SETUP_CONSTANTS',false),set_eclipse_preference('MININT','-1'),set_eclipse_preference('STATIC_ORDERING',false),set_eclipse_preference('COMPRESSION',false),set_eclipse_preference('MAX_INITIALISATIONS','4'),set_eclipse_preference('TRY_FIND_ABORT',false),set_eclipse_preference('CLPFD',true),set_eclipse_preference('CHR',false),set_eclipse_preference('PROOF_INFO',true),set_eclipse_preference('SMT',false),load_classical_b_from_list_of_facts('/Users/ernestocid/dev/beta/br.ufrn.forall.logicalcoverageexperiments/src/test/resources/machines/CaseStudy/scheduler.mch',[parser_version('2014-10-08 11:46:15.439'),classical_b(scheduler,['/Users/ernestocid/dev/beta/br.ufrn.forall.logicalcoverageexperiments/src/test/resources/machines/CaseStudy/scheduler.mch']),machine(abstract_machine(1,machine(2),machine_header(3,scheduler,[]),[sets(4,[deferred_set(5,'PID')]),variables(6,[identifier(7,active),identifier(8,ready),identifier(9,waiting)]),definitions(10,[expression_definition(11,scope_PID,[],interval(12,integer(13,1),integer(14,3))),predicate_definition(15,'GOAL',[],not_equal(16,identifier(17,waiting),empty_set(18)))]),invariant(19,conjunct(20,conjunct(21,conjunct(22,conjunct(23,conjunct(24,conjunct(25,conjunct(26,conjunct(27,conjunct(28,member(29,identifier(30,active),pow_subset(31,identifier(32,'PID'))),member(33,identifier(34,ready),pow_subset(35,identifier(36,'PID')))),member(37,identifier(38,waiting),pow_subset(39,identifier(40,'PID')))),subset(41,identifier(42,active),identifier(43,'PID'))),subset(44,identifier(45,ready),identifier(46,'PID'))),subset(47,identifier(48,waiting),identifier(49,'PID'))),equal(50,intersection(51,identifier(52,ready),identifier(53,waiting)),empty_set(54))),equal(55,intersection(56,identifier(57,active),union(58,identifier(59,ready),identifier(60,waiting))),empty_set(61))),less_equal(62,card(63,identifier(64,active)),integer(65,1))),implication(66,equal(67,identifier(68,active),empty_set(69)),equal(70,identifier(71,ready),empty_set(72))))),initialisation(73,parallel(74,[assign(75,[identifier(76,active)],[empty_set(77)]),assign(78,[identifier(79,ready)],[empty_set(80)]),assign(81,[identifier(82,waiting)],[empty_set(83)])])),operations(84,[operation(85,identifier(85,nr_ready),[identifier(86,rr)],[],assign(87,[identifier(88,rr)],[card(89,identifier(90,ready))])),operation(91,identifier(91,new),[],[identifier(92,pp)],select(93,conjunct(94,conjunct(95,member(96,identifier(97,pp),identifier(98,'PID')),not_member(99,identifier(100,pp),identifier(101,active))),not_member(102,identifier(103,pp),union(104,identifier(105,ready),identifier(106,waiting)))),assign(107,[identifier(108,waiting)],[union(109,identifier(110,waiting),set_extension(111,[identifier(112,pp)]))]),[])),operation(113,identifier(113,del),[],[identifier(114,pp)],select(115,member(116,identifier(117,pp),identifier(118,waiting)),assign(119,[identifier(120,waiting)],[minus_or_set_subtract(121,identifier(122,waiting),set_extension(123,[identifier(124,pp)]))]),[])),operation(125,identifier(125,ready),[],[identifier(126,rr)],select(127,member(128,identifier(129,rr),identifier(130,waiting)),parallel(131,[assign(132,[identifier(133,waiting)],[minus_or_set_subtract(134,identifier(135,waiting),set_extension(136,[identifier(137,rr)]))]),if(138,equal(139,identifier(140,active),empty_set(141)),assign(142,[identifier(143,active)],[set_extension(144,[identifier(145,rr)])]),[],assign(146,[identifier(147,ready)],[union(148,identifier(149,ready),set_extension(150,[identifier(151,rr)]))]))]),[])),operation(152,identifier(152,swap),[],[],select(153,not_equal(154,identifier(155,active),empty_set(156)),parallel(157,[assign(158,[identifier(159,waiting)],[union(160,identifier(161,waiting),identifier(162,active))]),if(163,equal(164,identifier(165,ready),empty_set(166)),assign(167,[identifier(168,active)],[empty_set(169)]),[],any(170,[identifier(171,pp)],member(172,identifier(173,pp),identifier(174,ready)),parallel(175,[assign(176,[identifier(177,active)],[set_extension(178,[identifier(179,pp)])]),assign(180,[identifier(181,ready)],[minus_or_set_subtract(182,identifier(183,ready),set_extension(184,[identifier(185,pp)]))])])))]),[]))])]))]),start_animation,true.

2014-10-11 22:36:54,202 4281 [Test worker] INFO  de.prob.cli.ProBConnection Method:
				send Line: 78 - yes([])
2014-10-11 22:36:54,202 4281 [Thread-6] DEBUG de.prob.cli.ProBInstance Method:
				readAndLog Line: 54 - Connected: 127.0.0.1
2014-10-11 22:36:54,202 4281 [Thread-6] DEBUG de.prob.cli.ProBInstance Method:
				readAndLog Line: 54 - loading_classical_b(parser_version(2014-10-08 11:46:15.439),scheduler,[/Users/ernestocid/dev/beta/br.ufrn.forall.logicalcoverageexperiments/src/test/resources/machines/CaseStudy/scheduler.mch])
2014-10-11 22:36:54,220 4299 [Test worker] INFO  de.prob.cli.ProBConnection Method:
				send Line: 65 - get_error_messages(Errors),true.

2014-10-11 22:36:54,221 4300 [Test worker] INFO  de.prob.cli.ProBConnection Method:
				send Line: 78 - yes('.'(=('Errors',[]),[]))
2014-10-11 22:36:54,224 4303 [Test worker] INFO  de.prob.cli.ProBConnection Method:
				send Line: 65 - register_prob2_formula(formula_1,eval(identifier(none,active),'#EXPRESSION',active)),true.

2014-10-11 22:36:54,225 4304 [Test worker] INFO  de.prob.cli.ProBConnection Method:
				send Line: 78 - yes([])
2014-10-11 22:36:54,225 4304 [Test worker] INFO  de.prob.cli.ProBConnection Method:
				send Line: 65 - get_error_messages(Errors),true.

2014-10-11 22:36:54,226 4305 [Test worker] INFO  de.prob.cli.ProBConnection Method:
				send Line: 78 - yes('.'(=('Errors',[]),[]))
2014-10-11 22:36:54,226 4305 [Test worker] INFO  de.prob.cli.ProBConnection Method:
				send Line: 65 - register_prob2_formula(formula_2,eval(identifier(none,ready),'#EXPRESSION',ready)),true.

2014-10-11 22:36:54,227 4306 [Test worker] INFO  de.prob.cli.ProBConnection Method:
				send Line: 78 - yes([])
2014-10-11 22:36:54,227 4306 [Test worker] INFO  de.prob.cli.ProBConnection Method:
				send Line: 65 - get_error_messages(Errors),true.

2014-10-11 22:36:54,228 4307 [Test worker] INFO  de.prob.cli.ProBConnection Method:
				send Line: 78 - yes('.'(=('Errors',[]),[]))
2014-10-11 22:36:54,228 4307 [Test worker] INFO  de.prob.cli.ProBConnection Method:
				send Line: 65 - register_prob2_formula(formula_3,eval(identifier(none,waiting),'#EXPRESSION',waiting)),true.

2014-10-11 22:36:54,229 4308 [Test worker] INFO  de.prob.cli.ProBConnection Method:
				send Line: 78 - yes([])
2014-10-11 22:36:54,229 4308 [Test worker] INFO  de.prob.cli.ProBConnection Method:
				send Line: 65 - get_error_messages(Errors),true.

2014-10-11 22:36:54,229 4308 [Test worker] INFO  de.prob.cli.ProBConnection Method:
				send Line: 78 - yes('.'(=('Errors',[]),[]))
2014-10-11 22:36:54,230 4309 [Test worker] INFO  de.prob.cli.ProBConnection Method:
				send Line: 65 - register_prob2_formula(formula_4,eval(member(none,identifier(none,active),pow_subset(none,identifier(none,'PID'))),'#PREDICATE','active:POW(PID)')),true.

2014-10-11 22:36:54,231 4310 [Test worker] INFO  de.prob.cli.ProBConnection Method:
				send Line: 78 - yes([])
2014-10-11 22:36:54,232 4311 [Test worker] INFO  de.prob.cli.ProBConnection Method:
				send Line: 65 - get_error_messages(Errors),true.

2014-10-11 22:36:54,232 4311 [Test worker] INFO  de.prob.cli.ProBConnection Method:
				send Line: 78 - yes('.'(=('Errors',[]),[]))
2014-10-11 22:36:54,233 4312 [Test worker] INFO  de.prob.cli.ProBConnection Method:
				send Line: 65 - register_prob2_formula(formula_5,eval(member(none,identifier(none,ready),pow_subset(none,identifier(none,'PID'))),'#PREDICATE','ready:POW(PID)')),true.

2014-10-11 22:36:54,233 4312 [Test worker] INFO  de.prob.cli.ProBConnection Method:
				send Line: 78 - yes([])
2014-10-11 22:36:54,234 4313 [Test worker] INFO  de.prob.cli.ProBConnection Method:
				send Line: 65 - get_error_messages(Errors),true.

2014-10-11 22:36:54,234 4313 [Test worker] INFO  de.prob.cli.ProBConnection Method:
				send Line: 78 - yes('.'(=('Errors',[]),[]))
2014-10-11 22:36:54,235 4314 [Test worker] INFO  de.prob.cli.ProBConnection Method:
				send Line: 65 - register_prob2_formula(formula_6,eval(member(none,identifier(none,waiting),pow_subset(none,identifier(none,'PID'))),'#PREDICATE','waiting:POW(PID)')),true.

2014-10-11 22:36:54,235 4314 [Test worker] INFO  de.prob.cli.ProBConnection Method:
				send Line: 78 - yes([])
2014-10-11 22:36:54,235 4314 [Test worker] INFO  de.prob.cli.ProBConnection Method:
				send Line: 65 - get_error_messages(Errors),true.

2014-10-11 22:36:54,236 4315 [Test worker] INFO  de.prob.cli.ProBConnection Method:
				send Line: 78 - yes('.'(=('Errors',[]),[]))
2014-10-11 22:36:54,236 4315 [Test worker] INFO  de.prob.cli.ProBConnection Method:
				send Line: 65 - register_prob2_formula(formula_7,eval(subset(none,identifier(none,active),identifier(none,'PID')),'#PREDICATE','active<:PID')),true.

2014-10-11 22:36:54,237 4316 [Test worker] INFO  de.prob.cli.ProBConnection Method:
				send Line: 78 - yes([])
2014-10-11 22:36:54,237 4316 [Test worker] INFO  de.prob.cli.ProBConnection Method:
				send Line: 65 - get_error_messages(Errors),true.

2014-10-11 22:36:54,238 4317 [Test worker] INFO  de.prob.cli.ProBConnection Method:
				send Line: 78 - yes('.'(=('Errors',[]),[]))
2014-10-11 22:36:54,238 4317 [Test worker] INFO  de.prob.cli.ProBConnection Method:
				send Line: 65 - register_prob2_formula(formula_8,eval(subset(none,identifier(none,ready),identifier(none,'PID')),'#PREDICATE','ready<:PID')),true.

2014-10-11 22:36:54,239 4318 [Test worker] INFO  de.prob.cli.ProBConnection Method:
				send Line: 78 - yes([])
2014-10-11 22:36:54,239 4318 [Test worker] INFO  de.prob.cli.ProBConnection Method:
				send Line: 65 - get_error_messages(Errors),true.

2014-10-11 22:36:54,240 4319 [Test worker] INFO  de.prob.cli.ProBConnection Method:
				send Line: 78 - yes('.'(=('Errors',[]),[]))
2014-10-11 22:36:54,240 4319 [Test worker] INFO  de.prob.cli.ProBConnection Method:
				send Line: 65 - register_prob2_formula(formula_9,eval(subset(none,identifier(none,waiting),identifier(none,'PID')),'#PREDICATE','waiting<:PID')),true.

2014-10-11 22:36:54,241 4320 [Test worker] INFO  de.prob.cli.ProBConnection Method:
				send Line: 78 - yes([])
2014-10-11 22:36:54,241 4320 [Test worker] INFO  de.prob.cli.ProBConnection Method:
				send Line: 65 - get_error_messages(Errors),true.

2014-10-11 22:36:54,241 4320 [Test worker] INFO  de.prob.cli.ProBConnection Method:
				send Line: 78 - yes('.'(=('Errors',[]),[]))
2014-10-11 22:36:54,242 4321 [Test worker] INFO  de.prob.cli.ProBConnection Method:
				send Line: 65 - register_prob2_formula(formula_10,eval(equal(none,intersection(none,identifier(none,ready),identifier(none,waiting)),empty_set(none)),'#PREDICATE','ready/\\waiting={}')),true.

2014-10-11 22:36:54,243 4322 [Test worker] INFO  de.prob.cli.ProBConnection Method:
				send Line: 78 - yes([])
2014-10-11 22:36:54,243 4322 [Test worker] INFO  de.prob.cli.ProBConnection Method:
				send Line: 65 - get_error_messages(Errors),true.

2014-10-11 22:36:54,243 4322 [Test worker] INFO  de.prob.cli.ProBConnection Method:
				send Line: 78 - yes('.'(=('Errors',[]),[]))
2014-10-11 22:36:54,244 4323 [Test worker] INFO  de.prob.cli.ProBConnection Method:
				send Line: 65 - register_prob2_formula(formula_11,eval(equal(none,intersection(none,identifier(none,active),union(none,identifier(none,ready),identifier(none,waiting))),empty_set(none)),'#PREDICATE','active/\\(ready\\/waiting)={}')),true.

2014-10-11 22:36:54,245 4324 [Test worker] INFO  de.prob.cli.ProBConnection Method:
				send Line: 78 - yes([])
2014-10-11 22:36:54,245 4324 [Test worker] INFO  de.prob.cli.ProBConnection Method:
				send Line: 65 - get_error_messages(Errors),true.

2014-10-11 22:36:54,245 4324 [Test worker] INFO  de.prob.cli.ProBConnection Method:
				send Line: 78 - yes('.'(=('Errors',[]),[]))
2014-10-11 22:36:54,246 4325 [Test worker] INFO  de.prob.cli.ProBConnection Method:
				send Line: 65 - register_prob2_formula(formula_12,eval(less_equal(none,card(none,identifier(none,active)),integer(none,1)),'#PREDICATE','card(active)<=1')),true.

2014-10-11 22:36:54,247 4326 [Test worker] INFO  de.prob.cli.ProBConnection Method:
				send Line: 78 - yes([])
2014-10-11 22:36:54,247 4326 [Test worker] INFO  de.prob.cli.ProBConnection Method:
				send Line: 65 - get_error_messages(Errors),true.

2014-10-11 22:36:54,247 4326 [Test worker] INFO  de.prob.cli.ProBConnection Method:
				send Line: 78 - yes('.'(=('Errors',[]),[]))
2014-10-11 22:36:54,248 4327 [Test worker] INFO  de.prob.cli.ProBConnection Method:
				send Line: 65 - register_prob2_formula(formula_13,eval(implication(none,equal(none,identifier(none,active),empty_set(none)),equal(none,identifier(none,ready),empty_set(none))),'#PREDICATE','active={} => ready={}')),true.

2014-10-11 22:36:54,249 4328 [Test worker] INFO  de.prob.cli.ProBConnection Method:
				send Line: 78 - yes([])
2014-10-11 22:36:54,249 4328 [Test worker] INFO  de.prob.cli.ProBConnection Method:
				send Line: 65 - get_error_messages(Errors),true.

2014-10-11 22:36:54,249 4328 [Test worker] INFO  de.prob.cli.ProBConnection Method:
				send Line: 78 - yes('.'(=('Errors',[]),[]))
2014-10-11 22:36:54,264 4343 [Test worker] INFO  de.prob.cli.ProBConnection Method:
				send Line: 65 - compute_operations_for_state(root,APLOps),evaluate_registered_formulas(root,[formula_8,formula_7,formula_5,formula_3,formula_6,formula_9,formula_4,formula_12,formula_1,formula_10,formula_13,formula_2,formula_11],BResults),state_property(initialised,root,CPropResult),state_property(invariantKO,root,DPropResult),state_property(max_operations_reached,root,EPropResult),state_property(timeout_occurred,root,FPropResult),op_timeout_occurred(root,GTO),get_state_errors(root,HErrors),true.

2014-10-11 22:36:54,318 4397 [Test worker] INFO  de.prob.cli.ProBConnection Method:
				send Line: 78 - yes('.'(=('APLOps','.'(op(0,root,0),[])),'.'(=('BResults',[]),'.'(=('CPropResult',false),'.'(=('DPropResult',false),'.'(=('EPropResult',false),'.'(=('FPropResult',false),'.'(=('GTO',[]),'.'(=('HErrors',[]),[])))))))))
2014-10-11 22:36:54,323 4402 [Test worker] INFO  de.prob.cli.ProBConnection Method:
				send Line: 65 - get_error_messages(Errors),true.

2014-10-11 22:36:54,324 4403 [Test worker] INFO  de.prob.cli.ProBConnection Method:
				send Line: 78 - yes('.'(=('Errors',[]),[]))
2014-10-11 22:36:54,336 4415 [Test worker] INFO  de.prob.cli.ProBConnection Method:
				send Line: 65 - prob2_execute_custom_operations(root,'$initialise_machine',equal(none,boolean_true(none),boolean_true(none)),1,NewStateID,Errors),true.

2014-10-11 22:36:54,339 4418 [Test worker] INFO  de.prob.cli.ProBConnection Method:
				send Line: 78 - yes('.'(=('NewStateID','.'(op(0,root,0),[])),'.'(=('Errors',[]),[])))
2014-10-11 22:36:54,341 4420 [Test worker] INFO  de.prob.cli.ProBConnection Method:
				send Line: 65 - get_error_messages(Errors),true.

2014-10-11 22:36:54,341 4420 [Test worker] INFO  de.prob.cli.ProBConnection Method:
				send Line: 78 - yes('.'(=('Errors',[]),[]))
2014-10-11 22:36:54,355 4434 [Test worker] INFO  de.prob.cli.ProBConnection Method:
				send Line: 65 - compute_operations_for_state(0,APLOps),evaluate_registered_formulas(0,[formula_8,formula_7,formula_5,formula_3,formula_6,formula_9,formula_4,formula_12,formula_1,formula_10,formula_13,formula_2,formula_11],BResults),state_property(initialised,0,CPropResult),state_property(invariantKO,0,DPropResult),state_property(max_operations_reached,0,EPropResult),state_property(timeout_occurred,0,FPropResult),op_timeout_occurred(0,GTO),get_state_errors(0,HErrors),true.

2014-10-11 22:36:54,406 4485 [Test worker] INFO  de.prob.cli.ProBConnection Method:
				send Line: 78 - yes('.'(=('APLOps','.'(op(1,0,0),'.'(op(2,0,1),'.'(op(3,0,2),'.'(op(4,0,3),[]))))),'.'(=('BResults','.'(result('TRUE',[],'ready<:PID'),'.'(result('TRUE',[],'active<:PID'),'.'(result('TRUE',[],'ready:POW(PID)'),'.'(result(v({},[]),[],waiting),'.'(result('TRUE',[],'waiting:POW(PID)'),'.'(result('TRUE',[],'waiting<:PID'),'.'(result('TRUE',[],'active:POW(PID)'),'.'(result('TRUE',[],'card(active)<=1'),'.'(result(v({},[]),[],active),'.'(result('TRUE',[],'ready/\\waiting={}'),'.'(result('TRUE',[],'active={} => ready={}'),'.'(result(v({},[]),[],ready),'.'(result('TRUE',[],'active/\\(ready\\/waiting)={}'),[])))))))))))))),'.'(=('CPropResult',true),'.'(=('DPropResult',false),'.'(=('EPropResult',false),'.'(=('FPropResult',false),'.'(=('GTO',[]),'.'(=('HErrors',[]),[])))))))))
2014-10-11 22:36:54,406 4485 [Thread-6] DEBUG de.prob.cli.ProBInstance Method:
				readAndLog Line: 54 - Predicate is TRUE
2014-10-11 22:36:54,407 4486 [Thread-6] DEBUG de.prob.cli.ProBInstance Method:
				readAndLog Line: 54 - Predicate is TRUE
2014-10-11 22:36:54,407 4486 [Thread-6] DEBUG de.prob.cli.ProBInstance Method:
				readAndLog Line: 54 - Predicate is TRUE
2014-10-11 22:36:54,407 4486 [Thread-6] DEBUG de.prob.cli.ProBInstance Method:
				readAndLog Line: 54 - Expression Value = 
2014-10-11 22:36:54,407 4486 [Thread-6] DEBUG de.prob.cli.ProBInstance Method:
				readAndLog Line: 54 - {}
2014-10-11 22:36:54,407 4486 [Thread-6] DEBUG de.prob.cli.ProBInstance Method:
				readAndLog Line: 54 - Predicate is TRUE
2014-10-11 22:36:54,407 4486 [Thread-6] DEBUG de.prob.cli.ProBInstance Method:
				readAndLog Line: 54 - Predicate is TRUE
2014-10-11 22:36:54,407 4486 [Thread-6] DEBUG de.prob.cli.ProBInstance Method:
				readAndLog Line: 54 - Predicate is TRUE
2014-10-11 22:36:54,407 4486 [Thread-6] DEBUG de.prob.cli.ProBInstance Method:
				readAndLog Line: 54 - Predicate is TRUE
2014-10-11 22:36:54,408 4487 [Thread-6] DEBUG de.prob.cli.ProBInstance Method:
				readAndLog Line: 54 - Expression Value = 
2014-10-11 22:36:54,408 4487 [Thread-6] DEBUG de.prob.cli.ProBInstance Method:
				readAndLog Line: 54 - {}
2014-10-11 22:36:54,408 4487 [Thread-6] DEBUG de.prob.cli.ProBInstance Method:
				readAndLog Line: 54 - Predicate is TRUE
2014-10-11 22:36:54,408 4487 [Thread-6] DEBUG de.prob.cli.ProBInstance Method:
				readAndLog Line: 54 - Predicate is TRUE
2014-10-11 22:36:54,408 4487 [Thread-6] DEBUG de.prob.cli.ProBInstance Method:
				readAndLog Line: 54 - Expression Value = 
2014-10-11 22:36:54,408 4487 [Thread-6] DEBUG de.prob.cli.ProBInstance Method:
				readAndLog Line: 54 - {}
2014-10-11 22:36:54,408 4487 [Thread-6] DEBUG de.prob.cli.ProBInstance Method:
				readAndLog Line: 54 - Predicate is TRUE
2014-10-11 22:36:54,432 4511 [Test worker] INFO  de.prob.cli.ProBConnection Method:
				send Line: 65 - get_error_messages(Errors),true.

2014-10-11 22:36:54,433 4512 [Test worker] INFO  de.prob.cli.ProBConnection Method:
				send Line: 78 - yes('.'(=('Errors',[]),[]))
2014-10-11 22:36:54,450 4529 [Test worker] INFO  de.prob.cli.ProBConnection Method:
				send Line: 65 - evaluate_formula(0,eval(exists(none,[identifier(none,active),identifier(none,ready),identifier(none,waiting),identifier(none,rr)],conjunct(none,conjunct(none,conjunct(none,conjunct(none,conjunct(none,conjunct(none,conjunct(none,conjunct(none,conjunct(none,conjunct(none,conjunct(none,member(none,identifier(none,active),pow_subset(none,identifier(none,'PID'))),member(none,identifier(none,ready),pow_subset(none,identifier(none,'PID')))),member(none,identifier(none,waiting),pow_subset(none,identifier(none,'PID')))),subset(none,identifier(none,active),identifier(none,'PID'))),subset(none,identifier(none,ready),identifier(none,'PID'))),subset(none,identifier(none,waiting),identifier(none,'PID'))),equal(none,intersection(none,identifier(none,ready),identifier(none,waiting)),empty_set(none))),equal(none,intersection(none,identifier(none,active),union(none,identifier(none,ready),identifier(none,waiting))),empty_set(none))),less_equal(none,card(none,identifier(none,active)),integer(none,1))),implication(none,equal(none,identifier(none,active),empty_set(none)),equal(none,identifier(none,ready),empty_set(none)))),equal(none,identifier(none,active),empty_set(none))),member(none,identifier(none,rr),identifier(none,waiting)))),'#PREDICATE','#active,ready,waiting,rr.(active:POW(PID)&ready:POW(PID)&waiting:POW(PID)&active<:PID&ready<:PID&waiting<:PID&ready/\\waiting={}&active/\\(ready\\/waiting)={}&card(active)<=1&(active={} => ready={})&active={}&rr:waiting)'),ARes),true.

2014-10-11 22:36:54,467 4546 [Test worker] INFO  de.prob.cli.ProBConnection Method:
				send Line: 78 - yes('.'(=('ARes',result('TRUE','.'(bind(active,[],{}),'.'(bind(ready,[],{}),'.'(bind(waiting,'.'(fd(1,'PID'),[]),'{PID1}'),'.'(bind(rr,fd(1,'PID'),'PID1'),[])))),'#active,ready,waiting,rr.(active:POW(PID)&ready:POW(PID)&waiting:POW(PID)&active<:PID&ready<:PID&waiting<:PID&ready/\\waiting={}&active/\\(ready\\/waiting)={}&card(active)<=1&(active={} => ready={})&active={}&rr:waiting)')),[]))
2014-10-11 22:36:54,467 4546 [Thread-6] DEBUG de.prob.cli.ProBInstance Method:
				readAndLog Line: 54 - Existentially Quantified Predicate over active,ready,waiting,rr is TRUE
2014-10-11 22:36:54,467 4546 [Thread-6] DEBUG de.prob.cli.ProBInstance Method:
				readAndLog Line: 54 - Solution: 
2014-10-11 22:36:54,467 4546 [Thread-6] DEBUG de.prob.cli.ProBInstance Method:
				readAndLog Line: 54 -        active = {} &
2014-10-11 22:36:54,467 4546 [Thread-6] DEBUG de.prob.cli.ProBInstance Method:
				readAndLog Line: 54 -        ready = {} &
2014-10-11 22:36:54,467 4546 [Thread-6] DEBUG de.prob.cli.ProBInstance Method:
				readAndLog Line: 54 -        waiting = {PID1} &
2014-10-11 22:36:54,468 4547 [Thread-6] DEBUG de.prob.cli.ProBInstance Method:
				readAndLog Line: 54 -        rr = PID1
2014-10-11 22:36:54,468 4547 [Thread-6] DEBUG de.prob.cli.ProBInstance Method:
				readAndLog Line: 54 - 
2014-10-11 22:36:54,470 4549 [Test worker] INFO  de.prob.cli.ProBConnection Method:
				send Line: 65 - get_error_messages(Errors),true.

2014-10-11 22:36:54,471 4550 [Test worker] INFO  de.prob.cli.ProBConnection Method:
				send Line: 78 - yes('.'(=('Errors',[]),[]))
2014-10-11 22:36:54,532 4611 [Test worker] INFO  de.prob.cli.PrologProcessProvider Method:
				makeProcess Line: 52 - Starting ProB's Prolog Core. Path is /Users/ernestocid/.prob/probcli.sh
2014-10-11 22:36:54,540 4619 [Test worker] DEBUG de.prob.cli.PrologProcessProvider Method:
				makeProcess Line: 54 - Cli started
2014-10-11 22:36:54,541 4620 [Test worker] DEBUG de.prob.cli.ProBInstanceProvider Method:
				analyseStdout Line: 105 - Apply cli detection patterns to Running ProB Command-line Interface
2014-10-11 22:36:54,541 4620 [Test worker] DEBUG de.prob.cli.ProBInstanceProvider Method:
				analyseStdout Line: 105 - Apply cli detection patterns to probcli -sf
2014-10-11 22:36:55,254 5333 [Test worker] DEBUG de.prob.cli.ProBInstanceProvider Method:
				analyseStdout Line: 105 - Apply cli detection patterns to No file to process
2014-10-11 22:36:55,255 5334 [Test worker] DEBUG de.prob.cli.ProBInstanceProvider Method:
				analyseStdout Line: 105 - Apply cli detection patterns to Starting Socket Server
2014-10-11 22:36:55,255 5334 [Test worker] DEBUG de.prob.cli.ProBInstanceProvider Method:
				analyseStdout Line: 105 - Apply cli detection patterns to Application Path: /Users/ernestocid/.prob
2014-10-11 22:36:55,255 5334 [Test worker] DEBUG de.prob.cli.ProBInstanceProvider Method:
				analyseStdout Line: 105 - Apply cli detection patterns to Port: 61147
2014-10-11 22:36:55,256 5335 [Test worker] INFO  de.prob.cli.PortPattern Method:
				setValue Line: 34 - Server has startet and listens on port 61147
2014-10-11 22:36:55,256 5335 [Test worker] DEBUG de.prob.cli.ProBInstanceProvider Method:
				analyseStdout Line: 105 - Apply cli detection patterns to probcli revision: b2d5be6924b83d6c5b04fe6e86d94cddfa56e0bb
2014-10-11 22:36:55,256 5335 [Test worker] DEBUG de.prob.cli.ProBInstanceProvider Method:
				analyseStdout Line: 105 - Apply cli detection patterns to user interrupt reference id: 27551
2014-10-11 22:36:55,256 5335 [Test worker] INFO  de.prob.cli.InterruptRefPattern Method:
				setValue Line: 32 - Server can receive user interrupts via reference 27551
2014-10-11 22:36:55,257 5336 [Test worker] DEBUG de.prob.cli.ProBConnection Method:
				connect Line: 40 - Connecting to port 61147 using key 5c14e0540d9a3a
2014-10-11 22:36:55,257 5336 [Test worker] DEBUG de.prob.cli.ProBConnection Method:
				connect Line: 47 - Connected
2014-10-11 22:36:55,258 5337 [Thread-8] DEBUG de.prob.cli.ProBInstance Method:
				readAndLog Line: 54 - -- starting command loop --
2014-10-11 22:36:55,282 5361 [Test worker] INFO  de.prob.cli.ProBConnection Method:
				send Line: 65 - set_eclipse_preference('SYMBOLIC',true),set_eclipse_preference('CSE_PRED',true),set_eclipse_preference('SYMMETRY_MODE',off),set_eclipse_preference('DEFAULT_SETSIZE','2'),set_eclipse_preference('KODKOD_ONLY_FULL',true),set_eclipse_preference('CSE_WD_ONLY',false),set_eclipse_preference('TIME_OUT','2500'),set_eclipse_preference('KODKOD',false),set_eclipse_preference('NUMBER_OF_ANIMATED_ABSTRACTIONS','20'),set_eclipse_preference('USE_RECORD_CONSTRUCTION',true),set_eclipse_preference('MEMO',false),set_eclipse_preference('MAX_OPERATIONS','10'),set_eclipse_preference('CSE',false),set_eclipse_preference('MAXINT','20'),set_eclipse_preference('ALLOW_INCOMPLETE_SETUP_CONSTANTS',false),set_eclipse_preference('MININT','-1'),set_eclipse_preference('STATIC_ORDERING',false),set_eclipse_preference('COMPRESSION',false),set_eclipse_preference('MAX_INITIALISATIONS','4'),set_eclipse_preference('TRY_FIND_ABORT',false),set_eclipse_preference('CLPFD',true),set_eclipse_preference('CHR',false),set_eclipse_preference('PROOF_INFO',true),set_eclipse_preference('SMT',false),load_classical_b_from_list_of_facts('/Users/ernestocid/dev/beta/br.ufrn.forall.logicalcoverageexperiments/src/test/resources/machines/PassFinalOrFailIFELSIFELSE.mch',[parser_version('2014-10-08 11:46:15.439'),classical_b('PassFinalOrFailIFELSIFELSE',['/Users/ernestocid/dev/beta/br.ufrn.forall.logicalcoverageexperiments/src/test/resources/machines/PassFinalOrFailIFELSIFELSE.mch']),machine(abstract_machine(1,machine(2),machine_header(3,'PassFinalOrFailIFELSIFELSE',[]),[sets(4,[enumerated_set(5,'RESULT',[identifier(6,pass),identifier(7,final),identifier(8,fail)])]),operations(9,[operation(10,identifier(10,checkResult),[identifier(11,result)],[identifier(12,averageGrade)],precondition(13,conjunct(14,member(15,identifier(16,averageGrade),interval(17,integer(18,0),integer(19,5))),member(20,identifier(21,averageGrade),int_set(22))),if(23,greater_equal(24,identifier(25,averageGrade),integer(26,4)),assign(27,[identifier(28,result)],[identifier(29,pass)]),[if_elsif(30,conjunct(31,greater_equal(32,identifier(33,averageGrade),integer(34,2)),less(35,identifier(36,averageGrade),integer(37,4))),assign(38,[identifier(39,result)],[identifier(40,final)]))],assign(41,[identifier(42,result)],[identifier(43,fail)]))))])]))]),start_animation,true.

2014-10-11 22:36:55,378 5457 [Test worker] INFO  de.prob.cli.ProBConnection Method:
				send Line: 78 - yes([])
2014-10-11 22:36:55,378 5457 [Thread-8] DEBUG de.prob.cli.ProBInstance Method:
				readAndLog Line: 54 - Connected: 127.0.0.1
2014-10-11 22:36:55,378 5457 [Thread-8] DEBUG de.prob.cli.ProBInstance Method:
				readAndLog Line: 54 - loading_classical_b(parser_version(2014-10-08 11:46:15.439),PassFinalOrFailIFELSIFELSE,[/Users/ernestocid/dev/beta/br.ufrn.forall.logicalcoverageexperiments/src/test/resources/machines/PassFinalOrFailIFELSIFELSE.mch])
2014-10-11 22:36:55,378 5457 [Test worker] INFO  de.prob.cli.ProBConnection Method:
				send Line: 65 - get_error_messages(Errors),true.

2014-10-11 22:36:55,380 5459 [Test worker] INFO  de.prob.cli.ProBConnection Method:
				send Line: 78 - yes('.'(=('Errors',[]),[]))
2014-10-11 22:36:55,380 5459 [Test worker] INFO  de.prob.cli.ProBConnection Method:
				send Line: 65 - compute_operations_for_state(root,APLOps),evaluate_registered_formulas(root,[],BResults),state_property(initialised,root,CPropResult),state_property(invariantKO,root,DPropResult),state_property(max_operations_reached,root,EPropResult),state_property(timeout_occurred,root,FPropResult),op_timeout_occurred(root,GTO),get_state_errors(root,HErrors),true.

2014-10-11 22:36:55,392 5471 [Test worker] INFO  de.prob.cli.ProBConnection Method:
				send Line: 78 - yes('.'(=('APLOps','.'(op(0,root,0),[])),'.'(=('BResults',[]),'.'(=('CPropResult',false),'.'(=('DPropResult',false),'.'(=('EPropResult',false),'.'(=('FPropResult',false),'.'(=('GTO',[]),'.'(=('HErrors',[]),[])))))))))
2014-10-11 22:36:55,395 5474 [Test worker] INFO  de.prob.cli.ProBConnection Method:
				send Line: 65 - get_error_messages(Errors),true.

2014-10-11 22:36:55,395 5474 [Test worker] INFO  de.prob.cli.ProBConnection Method:
				send Line: 78 - yes('.'(=('Errors',[]),[]))
2014-10-11 22:36:55,397 5476 [Test worker] INFO  de.prob.cli.ProBConnection Method:
				send Line: 65 - prob2_execute_custom_operations(root,'$initialise_machine',equal(none,boolean_true(none),boolean_true(none)),1,NewStateID,Errors),true.

2014-10-11 22:36:55,400 5479 [Test worker] INFO  de.prob.cli.ProBConnection Method:
				send Line: 78 - yes('.'(=('NewStateID','.'(op(0,root,0),[])),'.'(=('Errors',[]),[])))
2014-10-11 22:36:55,401 5480 [Test worker] INFO  de.prob.cli.ProBConnection Method:
				send Line: 65 - get_error_messages(Errors),true.

2014-10-11 22:36:55,402 5481 [Test worker] INFO  de.prob.cli.ProBConnection Method:
				send Line: 78 - yes('.'(=('Errors',[]),[]))
2014-10-11 22:36:55,403 5482 [Test worker] INFO  de.prob.cli.ProBConnection Method:
				send Line: 65 - compute_operations_for_state(0,APLOps),evaluate_registered_formulas(0,[],BResults),state_property(initialised,0,CPropResult),state_property(invariantKO,0,DPropResult),state_property(max_operations_reached,0,EPropResult),state_property(timeout_occurred,0,FPropResult),op_timeout_occurred(0,GTO),get_state_errors(0,HErrors),true.

2014-10-11 22:36:55,524 5603 [Test worker] INFO  de.prob.cli.ProBConnection Method:
				send Line: 78 - yes('.'(=('APLOps','.'(op(1,0,0),'.'(op(2,0,0),'.'(op(3,0,0),'.'(op(4,0,0),'.'(op(5,0,0),'.'(op(6,0,0),[]))))))),'.'(=('BResults',[]),'.'(=('CPropResult',true),'.'(=('DPropResult',false),'.'(=('EPropResult',false),'.'(=('FPropResult',false),'.'(=('GTO',[]),'.'(=('HErrors',[]),[])))))))))
2014-10-11 22:36:55,524 5603 [Thread-8] DEBUG de.prob.cli.ProBInstance Method:
				readAndLog Line: 54 - 
2014-10-11 22:36:55,525 5604 [Thread-8] DEBUG de.prob.cli.ProBInstance Method:
				readAndLog Line: 54 - ALL OPERATIONS COVERED
2014-10-11 22:36:55,525 5604 [Thread-8] DEBUG de.prob.cli.ProBInstance Method:
				readAndLog Line: 54 - 
2014-10-11 22:36:55,527 5606 [Test worker] INFO  de.prob.cli.ProBConnection Method:
				send Line: 65 - get_error_messages(Errors),true.

2014-10-11 22:36:55,528 5607 [Test worker] INFO  de.prob.cli.ProBConnection Method:
				send Line: 78 - yes('.'(=('Errors',[]),[]))
2014-10-11 22:36:55,534 5613 [Test worker] INFO  de.prob.cli.ProBConnection Method:
				send Line: 65 - evaluate_formula(0,eval(conjunct(none,member(none,identifier(none,averageGrade),interval(none,integer(none,0),integer(none,5))),member(none,identifier(none,averageGrade),int_set(none))),'#PREDICATE','averageGrade:0..5&averageGrade:INT'),ARes),true.

2014-10-11 22:36:55,548 5627 [Test worker] INFO  de.prob.cli.ProBConnection Method:
				send Line: 78 - yes('.'(=('ARes',result('TRUE','.'(bind(averageGrade,int(0),'0'),[]),'averageGrade:0..5&averageGrade:INT')),[]))
2014-10-11 22:36:55,548 5627 [Thread-8] DEBUG de.prob.cli.ProBInstance Method:
				readAndLog Line: 54 - Existentially Quantified Predicate over averageGrade is TRUE
2014-10-11 22:36:55,548 5627 [Thread-8] DEBUG de.prob.cli.ProBInstance Method:
				readAndLog Line: 54 - Solution: 
2014-10-11 22:36:55,549 5628 [Thread-8] DEBUG de.prob.cli.ProBInstance Method:
				readAndLog Line: 54 -        averageGrade = 0
2014-10-11 22:36:55,549 5628 [Thread-8] DEBUG de.prob.cli.ProBInstance Method:
				readAndLog Line: 54 - 
2014-10-11 22:36:55,549 5628 [Test worker] INFO  de.prob.cli.ProBConnection Method:
				send Line: 65 - get_error_messages(Errors),true.

2014-10-11 22:36:55,549 5628 [Test worker] INFO  de.prob.cli.ProBConnection Method:
				send Line: 78 - yes('.'(=('Errors',[]),[]))
2014-10-11 23:35:03,950 3082 [Test worker] INFO  de.prob.cli.PrologProcessProvider Method:
				makeProcess Line: 52 - Starting ProB's Prolog Core. Path is /Users/ernestocid/.prob/probcli.sh
2014-10-11 23:35:03,968 3100 [Test worker] DEBUG de.prob.cli.PrologProcessProvider Method:
				makeProcess Line: 54 - Cli started
2014-10-11 23:35:03,971 3103 [Test worker] DEBUG de.prob.cli.ProBInstanceProvider Method:
				analyseStdout Line: 105 - Apply cli detection patterns to Running ProB Command-line Interface
2014-10-11 23:35:03,972 3104 [Test worker] DEBUG de.prob.cli.ProBInstanceProvider Method:
				analyseStdout Line: 105 - Apply cli detection patterns to probcli -sf
2014-10-11 23:35:04,610 3742 [Test worker] DEBUG de.prob.cli.ProBInstanceProvider Method:
				analyseStdout Line: 105 - Apply cli detection patterns to No file to process
2014-10-11 23:35:04,610 3742 [Test worker] DEBUG de.prob.cli.ProBInstanceProvider Method:
				analyseStdout Line: 105 - Apply cli detection patterns to Starting Socket Server
2014-10-11 23:35:04,610 3742 [Test worker] DEBUG de.prob.cli.ProBInstanceProvider Method:
				analyseStdout Line: 105 - Apply cli detection patterns to Application Path: /Users/ernestocid/.prob
2014-10-11 23:35:04,610 3742 [Test worker] DEBUG de.prob.cli.ProBInstanceProvider Method:
				analyseStdout Line: 105 - Apply cli detection patterns to Port: 61598
2014-10-11 23:35:04,611 3743 [Test worker] INFO  de.prob.cli.PortPattern Method:
				setValue Line: 34 - Server has startet and listens on port 61598
2014-10-11 23:35:04,611 3743 [Test worker] DEBUG de.prob.cli.ProBInstanceProvider Method:
				analyseStdout Line: 105 - Apply cli detection patterns to probcli revision: 4a8009f9b87a7fa02b83aa45356133778dd2e916
2014-10-11 23:35:04,611 3743 [Test worker] DEBUG de.prob.cli.ProBInstanceProvider Method:
				analyseStdout Line: 105 - Apply cli detection patterns to user interrupt reference id: 28312
2014-10-11 23:35:04,611 3743 [Test worker] INFO  de.prob.cli.InterruptRefPattern Method:
				setValue Line: 32 - Server can receive user interrupts via reference 28312
2014-10-11 23:35:04,612 3744 [Test worker] DEBUG de.prob.cli.ProBConnection Method:
				connect Line: 40 - Connecting to port 61598 using key 336bb23cc4336d1d
2014-10-11 23:35:04,613 3745 [Test worker] DEBUG de.prob.cli.ProBConnection Method:
				connect Line: 47 - Connected
2014-10-11 23:35:04,614 3746 [Thread-6] DEBUG de.prob.cli.ProBInstance Method:
				readAndLog Line: 54 - -- starting command loop --
2014-10-11 23:35:04,792 3924 [Test worker] INFO  de.prob.cli.ProBConnection Method:
				send Line: 65 - set_eclipse_preference('SYMBOLIC',true),set_eclipse_preference('CSE_PRED',true),set_eclipse_preference('SYMMETRY_MODE',off),set_eclipse_preference('DEFAULT_SETSIZE','2'),set_eclipse_preference('KODKOD_ONLY_FULL',true),set_eclipse_preference('CSE_WD_ONLY',false),set_eclipse_preference('TIME_OUT','2500'),set_eclipse_preference('KODKOD',false),set_eclipse_preference('NUMBER_OF_ANIMATED_ABSTRACTIONS','20'),set_eclipse_preference('USE_RECORD_CONSTRUCTION',true),set_eclipse_preference('MEMO',false),set_eclipse_preference('MAX_OPERATIONS','10'),set_eclipse_preference('CSE',false),set_eclipse_preference('MAXINT','20'),set_eclipse_preference('ALLOW_INCOMPLETE_SETUP_CONSTANTS',false),set_eclipse_preference('MININT','-1'),set_eclipse_preference('STATIC_ORDERING',false),set_eclipse_preference('COMPRESSION',false),set_eclipse_preference('MAX_INITIALISATIONS','4'),set_eclipse_preference('TRY_FIND_ABORT',false),set_eclipse_preference('CLPFD',true),set_eclipse_preference('CHR',false),set_eclipse_preference('PROOF_INFO',true),set_eclipse_preference('SMT',false),load_classical_b_from_list_of_facts('/Users/ernestocid/dev/beta/br.ufrn.forall.logicalcoverageexperiments/src/test/resources/machines/CaseStudy/scheduler.mch',[parser_version('2014-10-08 11:46:15.439'),classical_b(scheduler,['/Users/ernestocid/dev/beta/br.ufrn.forall.logicalcoverageexperiments/src/test/resources/machines/CaseStudy/scheduler.mch']),machine(abstract_machine(1,machine(2),machine_header(3,scheduler,[]),[sets(4,[deferred_set(5,'PID')]),variables(6,[identifier(7,active),identifier(8,ready),identifier(9,waiting)]),definitions(10,[expression_definition(11,scope_PID,[],interval(12,integer(13,1),integer(14,3))),predicate_definition(15,'GOAL',[],not_equal(16,identifier(17,waiting),empty_set(18)))]),invariant(19,conjunct(20,conjunct(21,conjunct(22,conjunct(23,conjunct(24,conjunct(25,conjunct(26,conjunct(27,conjunct(28,member(29,identifier(30,active),pow_subset(31,identifier(32,'PID'))),member(33,identifier(34,ready),pow_subset(35,identifier(36,'PID')))),member(37,identifier(38,waiting),pow_subset(39,identifier(40,'PID')))),subset(41,identifier(42,active),identifier(43,'PID'))),subset(44,identifier(45,ready),identifier(46,'PID'))),subset(47,identifier(48,waiting),identifier(49,'PID'))),equal(50,intersection(51,identifier(52,ready),identifier(53,waiting)),empty_set(54))),equal(55,intersection(56,identifier(57,active),union(58,identifier(59,ready),identifier(60,waiting))),empty_set(61))),less_equal(62,card(63,identifier(64,active)),integer(65,1))),implication(66,equal(67,identifier(68,active),empty_set(69)),equal(70,identifier(71,ready),empty_set(72))))),initialisation(73,parallel(74,[assign(75,[identifier(76,active)],[empty_set(77)]),assign(78,[identifier(79,ready)],[empty_set(80)]),assign(81,[identifier(82,waiting)],[empty_set(83)])])),operations(84,[operation(85,identifier(85,nr_ready),[identifier(86,rr)],[],assign(87,[identifier(88,rr)],[card(89,identifier(90,ready))])),operation(91,identifier(91,new),[],[identifier(92,pp)],select(93,conjunct(94,conjunct(95,member(96,identifier(97,pp),identifier(98,'PID')),not_member(99,identifier(100,pp),identifier(101,active))),not_member(102,identifier(103,pp),union(104,identifier(105,ready),identifier(106,waiting)))),assign(107,[identifier(108,waiting)],[union(109,identifier(110,waiting),set_extension(111,[identifier(112,pp)]))]),[])),operation(113,identifier(113,del),[],[identifier(114,pp)],select(115,member(116,identifier(117,pp),identifier(118,waiting)),assign(119,[identifier(120,waiting)],[minus_or_set_subtract(121,identifier(122,waiting),set_extension(123,[identifier(124,pp)]))]),[])),operation(125,identifier(125,ready),[],[identifier(126,rr)],select(127,member(128,identifier(129,rr),identifier(130,waiting)),parallel(131,[assign(132,[identifier(133,waiting)],[minus_or_set_subtract(134,identifier(135,waiting),set_extension(136,[identifier(137,rr)]))]),if(138,equal(139,identifier(140,active),empty_set(141)),assign(142,[identifier(143,active)],[set_extension(144,[identifier(145,rr)])]),[],assign(146,[identifier(147,ready)],[union(148,identifier(149,ready),set_extension(150,[identifier(151,rr)]))]))]),[])),operation(152,identifier(152,swap),[],[],select(153,not_equal(154,identifier(155,active),empty_set(156)),parallel(157,[assign(158,[identifier(159,waiting)],[union(160,identifier(161,waiting),identifier(162,active))]),if(163,equal(164,identifier(165,ready),empty_set(166)),assign(167,[identifier(168,active)],[empty_set(169)]),[],any(170,[identifier(171,pp)],member(172,identifier(173,pp),identifier(174,ready)),parallel(175,[assign(176,[identifier(177,active)],[set_extension(178,[identifier(179,pp)])]),assign(180,[identifier(181,ready)],[minus_or_set_subtract(182,identifier(183,ready),set_extension(184,[identifier(185,pp)]))])])))]),[]))])]))]),start_animation,true.

2014-10-11 23:35:04,870 4002 [Thread-6] DEBUG de.prob.cli.ProBInstance Method:
				readAndLog Line: 54 - Connected: 127.0.0.1
2014-10-11 23:35:04,870 4002 [Test worker] INFO  de.prob.cli.ProBConnection Method:
				send Line: 78 - yes([])
2014-10-11 23:35:04,870 4002 [Thread-6] DEBUG de.prob.cli.ProBInstance Method:
				readAndLog Line: 54 - loading_classical_b(parser_version(2014-10-08 11:46:15.439),scheduler,[/Users/ernestocid/dev/beta/br.ufrn.forall.logicalcoverageexperiments/src/test/resources/machines/CaseStudy/scheduler.mch])
2014-10-11 23:35:04,893 4025 [Test worker] INFO  de.prob.cli.ProBConnection Method:
				send Line: 65 - get_error_messages(Errors),true.

2014-10-11 23:35:04,894 4026 [Test worker] INFO  de.prob.cli.ProBConnection Method:
				send Line: 78 - yes('.'(=('Errors',[]),[]))
2014-10-11 23:35:04,896 4028 [Test worker] INFO  de.prob.cli.ProBConnection Method:
				send Line: 65 - register_prob2_formula(formula_1,eval(identifier(none,active),'#EXPRESSION',active)),true.

2014-10-11 23:35:04,898 4030 [Test worker] INFO  de.prob.cli.ProBConnection Method:
				send Line: 78 - yes([])
2014-10-11 23:35:04,898 4030 [Test worker] INFO  de.prob.cli.ProBConnection Method:
				send Line: 65 - get_error_messages(Errors),true.

2014-10-11 23:35:04,899 4031 [Test worker] INFO  de.prob.cli.ProBConnection Method:
				send Line: 78 - yes('.'(=('Errors',[]),[]))
2014-10-11 23:35:04,899 4031 [Test worker] INFO  de.prob.cli.ProBConnection Method:
				send Line: 65 - register_prob2_formula(formula_2,eval(identifier(none,ready),'#EXPRESSION',ready)),true.

2014-10-11 23:35:04,900 4032 [Test worker] INFO  de.prob.cli.ProBConnection Method:
				send Line: 78 - yes([])
2014-10-11 23:35:04,900 4032 [Test worker] INFO  de.prob.cli.ProBConnection Method:
				send Line: 65 - get_error_messages(Errors),true.

2014-10-11 23:35:04,900 4032 [Test worker] INFO  de.prob.cli.ProBConnection Method:
				send Line: 78 - yes('.'(=('Errors',[]),[]))
2014-10-11 23:35:04,901 4033 [Test worker] INFO  de.prob.cli.ProBConnection Method:
				send Line: 65 - register_prob2_formula(formula_3,eval(identifier(none,waiting),'#EXPRESSION',waiting)),true.

2014-10-11 23:35:04,902 4034 [Test worker] INFO  de.prob.cli.ProBConnection Method:
				send Line: 78 - yes([])
2014-10-11 23:35:04,902 4034 [Test worker] INFO  de.prob.cli.ProBConnection Method:
				send Line: 65 - get_error_messages(Errors),true.

2014-10-11 23:35:04,902 4034 [Test worker] INFO  de.prob.cli.ProBConnection Method:
				send Line: 78 - yes('.'(=('Errors',[]),[]))
2014-10-11 23:35:04,903 4035 [Test worker] INFO  de.prob.cli.ProBConnection Method:
				send Line: 65 - register_prob2_formula(formula_4,eval(member(none,identifier(none,active),pow_subset(none,identifier(none,'PID'))),'#PREDICATE','active:POW(PID)')),true.

2014-10-11 23:35:04,905 4037 [Test worker] INFO  de.prob.cli.ProBConnection Method:
				send Line: 78 - yes([])
2014-10-11 23:35:04,905 4037 [Test worker] INFO  de.prob.cli.ProBConnection Method:
				send Line: 65 - get_error_messages(Errors),true.

2014-10-11 23:35:04,906 4038 [Test worker] INFO  de.prob.cli.ProBConnection Method:
				send Line: 78 - yes('.'(=('Errors',[]),[]))
2014-10-11 23:35:04,906 4038 [Test worker] INFO  de.prob.cli.ProBConnection Method:
				send Line: 65 - register_prob2_formula(formula_5,eval(member(none,identifier(none,ready),pow_subset(none,identifier(none,'PID'))),'#PREDICATE','ready:POW(PID)')),true.

2014-10-11 23:35:04,907 4039 [Test worker] INFO  de.prob.cli.ProBConnection Method:
				send Line: 78 - yes([])
2014-10-11 23:35:04,907 4039 [Test worker] INFO  de.prob.cli.ProBConnection Method:
				send Line: 65 - get_error_messages(Errors),true.

2014-10-11 23:35:04,908 4040 [Test worker] INFO  de.prob.cli.ProBConnection Method:
				send Line: 78 - yes('.'(=('Errors',[]),[]))
2014-10-11 23:35:04,908 4040 [Test worker] INFO  de.prob.cli.ProBConnection Method:
				send Line: 65 - register_prob2_formula(formula_6,eval(member(none,identifier(none,waiting),pow_subset(none,identifier(none,'PID'))),'#PREDICATE','waiting:POW(PID)')),true.

2014-10-11 23:35:04,909 4041 [Test worker] INFO  de.prob.cli.ProBConnection Method:
				send Line: 78 - yes([])
2014-10-11 23:35:04,909 4041 [Test worker] INFO  de.prob.cli.ProBConnection Method:
				send Line: 65 - get_error_messages(Errors),true.

2014-10-11 23:35:04,909 4041 [Test worker] INFO  de.prob.cli.ProBConnection Method:
				send Line: 78 - yes('.'(=('Errors',[]),[]))
2014-10-11 23:35:04,910 4042 [Test worker] INFO  de.prob.cli.ProBConnection Method:
				send Line: 65 - register_prob2_formula(formula_7,eval(subset(none,identifier(none,active),identifier(none,'PID')),'#PREDICATE','active<:PID')),true.

2014-10-11 23:35:04,911 4043 [Test worker] INFO  de.prob.cli.ProBConnection Method:
				send Line: 78 - yes([])
2014-10-11 23:35:04,911 4043 [Test worker] INFO  de.prob.cli.ProBConnection Method:
				send Line: 65 - get_error_messages(Errors),true.

2014-10-11 23:35:04,911 4043 [Test worker] INFO  de.prob.cli.ProBConnection Method:
				send Line: 78 - yes('.'(=('Errors',[]),[]))
2014-10-11 23:35:04,912 4044 [Test worker] INFO  de.prob.cli.ProBConnection Method:
				send Line: 65 - register_prob2_formula(formula_8,eval(subset(none,identifier(none,ready),identifier(none,'PID')),'#PREDICATE','ready<:PID')),true.

2014-10-11 23:35:04,912 4044 [Test worker] INFO  de.prob.cli.ProBConnection Method:
				send Line: 78 - yes([])
2014-10-11 23:35:04,913 4045 [Test worker] INFO  de.prob.cli.ProBConnection Method:
				send Line: 65 - get_error_messages(Errors),true.

2014-10-11 23:35:04,913 4045 [Test worker] INFO  de.prob.cli.ProBConnection Method:
				send Line: 78 - yes('.'(=('Errors',[]),[]))
2014-10-11 23:35:04,914 4046 [Test worker] INFO  de.prob.cli.ProBConnection Method:
				send Line: 65 - register_prob2_formula(formula_9,eval(subset(none,identifier(none,waiting),identifier(none,'PID')),'#PREDICATE','waiting<:PID')),true.

2014-10-11 23:35:04,914 4046 [Test worker] INFO  de.prob.cli.ProBConnection Method:
				send Line: 78 - yes([])
2014-10-11 23:35:04,915 4047 [Test worker] INFO  de.prob.cli.ProBConnection Method:
				send Line: 65 - get_error_messages(Errors),true.

2014-10-11 23:35:04,915 4047 [Test worker] INFO  de.prob.cli.ProBConnection Method:
				send Line: 78 - yes('.'(=('Errors',[]),[]))
2014-10-11 23:35:04,916 4048 [Test worker] INFO  de.prob.cli.ProBConnection Method:
				send Line: 65 - register_prob2_formula(formula_10,eval(equal(none,intersection(none,identifier(none,ready),identifier(none,waiting)),empty_set(none)),'#PREDICATE','ready/\\waiting={}')),true.

2014-10-11 23:35:04,916 4048 [Test worker] INFO  de.prob.cli.ProBConnection Method:
				send Line: 78 - yes([])
2014-10-11 23:35:04,917 4049 [Test worker] INFO  de.prob.cli.ProBConnection Method:
				send Line: 65 - get_error_messages(Errors),true.

2014-10-11 23:35:04,917 4049 [Test worker] INFO  de.prob.cli.ProBConnection Method:
				send Line: 78 - yes('.'(=('Errors',[]),[]))
2014-10-11 23:35:04,918 4050 [Test worker] INFO  de.prob.cli.ProBConnection Method:
				send Line: 65 - register_prob2_formula(formula_11,eval(equal(none,intersection(none,identifier(none,active),union(none,identifier(none,ready),identifier(none,waiting))),empty_set(none)),'#PREDICATE','active/\\(ready\\/waiting)={}')),true.

2014-10-11 23:35:04,918 4050 [Test worker] INFO  de.prob.cli.ProBConnection Method:
				send Line: 78 - yes([])
2014-10-11 23:35:04,919 4051 [Test worker] INFO  de.prob.cli.ProBConnection Method:
				send Line: 65 - get_error_messages(Errors),true.

2014-10-11 23:35:04,919 4051 [Test worker] INFO  de.prob.cli.ProBConnection Method:
				send Line: 78 - yes('.'(=('Errors',[]),[]))
2014-10-11 23:35:04,920 4052 [Test worker] INFO  de.prob.cli.ProBConnection Method:
				send Line: 65 - register_prob2_formula(formula_12,eval(less_equal(none,card(none,identifier(none,active)),integer(none,1)),'#PREDICATE','card(active)<=1')),true.

2014-10-11 23:35:04,920 4052 [Test worker] INFO  de.prob.cli.ProBConnection Method:
				send Line: 78 - yes([])
2014-10-11 23:35:04,921 4053 [Test worker] INFO  de.prob.cli.ProBConnection Method:
				send Line: 65 - get_error_messages(Errors),true.

2014-10-11 23:35:04,921 4053 [Test worker] INFO  de.prob.cli.ProBConnection Method:
				send Line: 78 - yes('.'(=('Errors',[]),[]))
2014-10-11 23:35:04,922 4054 [Test worker] INFO  de.prob.cli.ProBConnection Method:
				send Line: 65 - register_prob2_formula(formula_13,eval(implication(none,equal(none,identifier(none,active),empty_set(none)),equal(none,identifier(none,ready),empty_set(none))),'#PREDICATE','active={} => ready={}')),true.

2014-10-11 23:35:04,923 4055 [Test worker] INFO  de.prob.cli.ProBConnection Method:
				send Line: 78 - yes([])
2014-10-11 23:35:04,923 4055 [Test worker] INFO  de.prob.cli.ProBConnection Method:
				send Line: 65 - get_error_messages(Errors),true.

2014-10-11 23:35:04,923 4055 [Test worker] INFO  de.prob.cli.ProBConnection Method:
				send Line: 78 - yes('.'(=('Errors',[]),[]))
2014-10-11 23:35:04,943 4075 [Test worker] INFO  de.prob.cli.ProBConnection Method:
				send Line: 65 - compute_operations_for_state(root,APLOps),evaluate_registered_formulas(root,[formula_8,formula_7,formula_5,formula_3,formula_6,formula_9,formula_4,formula_12,formula_1,formula_10,formula_13,formula_2,formula_11],BResults),state_property(initialised,root,CPropResult),state_property(invariantKO,root,DPropResult),state_property(max_operations_reached,root,EPropResult),state_property(timeout_occurred,root,FPropResult),op_timeout_occurred(root,GTO),get_state_errors(root,HErrors),true.

2014-10-11 23:35:04,998 4130 [Test worker] INFO  de.prob.cli.ProBConnection Method:
				send Line: 78 - yes('.'(=('APLOps','.'(op(0,root,0),[])),'.'(=('BResults',[]),'.'(=('CPropResult',false),'.'(=('DPropResult',false),'.'(=('EPropResult',false),'.'(=('FPropResult',false),'.'(=('GTO',[]),'.'(=('HErrors',[]),[])))))))))
2014-10-11 23:35:05,002 4134 [Test worker] INFO  de.prob.cli.ProBConnection Method:
				send Line: 65 - get_error_messages(Errors),true.

2014-10-11 23:35:05,003 4135 [Test worker] INFO  de.prob.cli.ProBConnection Method:
				send Line: 78 - yes('.'(=('Errors',[]),[]))
2014-10-11 23:35:05,016 4148 [Test worker] INFO  de.prob.cli.ProBConnection Method:
				send Line: 65 - prob2_execute_custom_operations(root,'$initialise_machine',equal(none,boolean_true(none),boolean_true(none)),1,NewStateID,Errors),true.

2014-10-11 23:35:05,019 4151 [Test worker] INFO  de.prob.cli.ProBConnection Method:
				send Line: 78 - yes('.'(=('NewStateID','.'(op(0,root,0),[])),'.'(=('Errors',[]),[])))
2014-10-11 23:35:05,020 4152 [Test worker] INFO  de.prob.cli.ProBConnection Method:
				send Line: 65 - get_error_messages(Errors),true.

2014-10-11 23:35:05,021 4153 [Test worker] INFO  de.prob.cli.ProBConnection Method:
				send Line: 78 - yes('.'(=('Errors',[]),[]))
2014-10-11 23:35:05,039 4171 [Test worker] INFO  de.prob.cli.ProBConnection Method:
				send Line: 65 - compute_operations_for_state(0,APLOps),evaluate_registered_formulas(0,[formula_8,formula_7,formula_5,formula_3,formula_6,formula_9,formula_4,formula_12,formula_1,formula_10,formula_13,formula_2,formula_11],BResults),state_property(initialised,0,CPropResult),state_property(invariantKO,0,DPropResult),state_property(max_operations_reached,0,EPropResult),state_property(timeout_occurred,0,FPropResult),op_timeout_occurred(0,GTO),get_state_errors(0,HErrors),true.

2014-10-11 23:35:05,096 4228 [Test worker] INFO  de.prob.cli.ProBConnection Method:
				send Line: 78 - yes('.'(=('APLOps','.'(op(1,0,0),'.'(op(2,0,1),'.'(op(3,0,2),'.'(op(4,0,3),[]))))),'.'(=('BResults','.'(result('TRUE',[],'ready<:PID'),'.'(result('TRUE',[],'active<:PID'),'.'(result('TRUE',[],'ready:POW(PID)'),'.'(result(v({},[]),[],waiting),'.'(result('TRUE',[],'waiting:POW(PID)'),'.'(result('TRUE',[],'waiting<:PID'),'.'(result('TRUE',[],'active:POW(PID)'),'.'(result('TRUE',[],'card(active)<=1'),'.'(result(v({},[]),[],active),'.'(result('TRUE',[],'ready/\\waiting={}'),'.'(result('TRUE',[],'active={} => ready={}'),'.'(result(v({},[]),[],ready),'.'(result('TRUE',[],'active/\\(ready\\/waiting)={}'),[])))))))))))))),'.'(=('CPropResult',true),'.'(=('DPropResult',false),'.'(=('EPropResult',false),'.'(=('FPropResult',false),'.'(=('GTO',[]),'.'(=('HErrors',[]),[])))))))))
2014-10-11 23:35:05,096 4228 [Thread-6] DEBUG de.prob.cli.ProBInstance Method:
				readAndLog Line: 54 - Predicate is TRUE
2014-10-11 23:35:05,097 4229 [Thread-6] DEBUG de.prob.cli.ProBInstance Method:
				readAndLog Line: 54 - Predicate is TRUE
2014-10-11 23:35:05,097 4229 [Thread-6] DEBUG de.prob.cli.ProBInstance Method:
				readAndLog Line: 54 - Predicate is TRUE
2014-10-11 23:35:05,097 4229 [Thread-6] DEBUG de.prob.cli.ProBInstance Method:
				readAndLog Line: 54 - Expression Value = 
2014-10-11 23:35:05,097 4229 [Thread-6] DEBUG de.prob.cli.ProBInstance Method:
				readAndLog Line: 54 - {}
2014-10-11 23:35:05,097 4229 [Thread-6] DEBUG de.prob.cli.ProBInstance Method:
				readAndLog Line: 54 - Predicate is TRUE
2014-10-11 23:35:05,097 4229 [Thread-6] DEBUG de.prob.cli.ProBInstance Method:
				readAndLog Line: 54 - Predicate is TRUE
2014-10-11 23:35:05,098 4230 [Thread-6] DEBUG de.prob.cli.ProBInstance Method:
				readAndLog Line: 54 - Predicate is TRUE
2014-10-11 23:35:05,098 4230 [Thread-6] DEBUG de.prob.cli.ProBInstance Method:
				readAndLog Line: 54 - Predicate is TRUE
2014-10-11 23:35:05,098 4230 [Thread-6] DEBUG de.prob.cli.ProBInstance Method:
				readAndLog Line: 54 - Expression Value = 
2014-10-11 23:35:05,098 4230 [Thread-6] DEBUG de.prob.cli.ProBInstance Method:
				readAndLog Line: 54 - {}
2014-10-11 23:35:05,098 4230 [Thread-6] DEBUG de.prob.cli.ProBInstance Method:
				readAndLog Line: 54 - Predicate is TRUE
2014-10-11 23:35:05,098 4230 [Thread-6] DEBUG de.prob.cli.ProBInstance Method:
				readAndLog Line: 54 - Predicate is TRUE
2014-10-11 23:35:05,098 4230 [Thread-6] DEBUG de.prob.cli.ProBInstance Method:
				readAndLog Line: 54 - Expression Value = 
2014-10-11 23:35:05,098 4230 [Thread-6] DEBUG de.prob.cli.ProBInstance Method:
				readAndLog Line: 54 - {}
2014-10-11 23:35:05,098 4230 [Thread-6] DEBUG de.prob.cli.ProBInstance Method:
				readAndLog Line: 54 - Predicate is TRUE
2014-10-11 23:35:05,126 4258 [Test worker] INFO  de.prob.cli.ProBConnection Method:
				send Line: 65 - get_error_messages(Errors),true.

2014-10-11 23:35:05,126 4258 [Test worker] INFO  de.prob.cli.ProBConnection Method:
				send Line: 78 - yes('.'(=('Errors',[]),[]))
2014-10-11 23:35:05,143 4275 [Test worker] INFO  de.prob.cli.ProBConnection Method:
				send Line: 65 - evaluate_formula(0,eval(exists(none,[identifier(none,active),identifier(none,ready),identifier(none,waiting),identifier(none,rr)],conjunct(none,conjunct(none,conjunct(none,conjunct(none,conjunct(none,conjunct(none,conjunct(none,conjunct(none,conjunct(none,conjunct(none,conjunct(none,member(none,identifier(none,active),pow_subset(none,identifier(none,'PID'))),member(none,identifier(none,ready),pow_subset(none,identifier(none,'PID')))),member(none,identifier(none,waiting),pow_subset(none,identifier(none,'PID')))),subset(none,identifier(none,active),identifier(none,'PID'))),subset(none,identifier(none,ready),identifier(none,'PID'))),subset(none,identifier(none,waiting),identifier(none,'PID'))),equal(none,intersection(none,identifier(none,ready),identifier(none,waiting)),empty_set(none))),equal(none,intersection(none,identifier(none,active),union(none,identifier(none,ready),identifier(none,waiting))),empty_set(none))),less_equal(none,card(none,identifier(none,active)),integer(none,1))),implication(none,equal(none,identifier(none,active),empty_set(none)),equal(none,identifier(none,ready),empty_set(none)))),equal(none,identifier(none,active),empty_set(none))),member(none,identifier(none,rr),identifier(none,waiting)))),'#PREDICATE','#active,ready,waiting,rr.(active:POW(PID)&ready:POW(PID)&waiting:POW(PID)&active<:PID&ready<:PID&waiting<:PID&ready/\\waiting={}&active/\\(ready\\/waiting)={}&card(active)<=1&(active={} => ready={})&active={}&rr:waiting)'),ARes),true.

2014-10-11 23:35:05,164 4296 [Test worker] INFO  de.prob.cli.ProBConnection Method:
				send Line: 78 - yes('.'(=('ARes',result('TRUE','.'(bind(active,[],{}),'.'(bind(ready,[],{}),'.'(bind(waiting,'.'(fd(1,'PID'),[]),'{PID1}'),'.'(bind(rr,fd(1,'PID'),'PID1'),[])))),'#active,ready,waiting,rr.(active:POW(PID)&ready:POW(PID)&waiting:POW(PID)&active<:PID&ready<:PID&waiting<:PID&ready/\\waiting={}&active/\\(ready\\/waiting)={}&card(active)<=1&(active={} => ready={})&active={}&rr:waiting)')),[]))
2014-10-11 23:35:05,164 4296 [Thread-6] DEBUG de.prob.cli.ProBInstance Method:
				readAndLog Line: 54 - Existentially Quantified Predicate over active,ready,waiting,rr is TRUE
2014-10-11 23:35:05,164 4296 [Thread-6] DEBUG de.prob.cli.ProBInstance Method:
				readAndLog Line: 54 - Solution: 
2014-10-11 23:35:05,164 4296 [Thread-6] DEBUG de.prob.cli.ProBInstance Method:
				readAndLog Line: 54 -        active = {} &
2014-10-11 23:35:05,164 4296 [Thread-6] DEBUG de.prob.cli.ProBInstance Method:
				readAndLog Line: 54 -        ready = {} &
2014-10-11 23:35:05,164 4296 [Thread-6] DEBUG de.prob.cli.ProBInstance Method:
				readAndLog Line: 54 -        waiting = {PID1} &
2014-10-11 23:35:05,164 4296 [Thread-6] DEBUG de.prob.cli.ProBInstance Method:
				readAndLog Line: 54 -        rr = PID1
2014-10-11 23:35:05,165 4297 [Thread-6] DEBUG de.prob.cli.ProBInstance Method:
				readAndLog Line: 54 - 
2014-10-11 23:35:05,167 4299 [Test worker] INFO  de.prob.cli.ProBConnection Method:
				send Line: 65 - get_error_messages(Errors),true.

2014-10-11 23:35:05,167 4299 [Test worker] INFO  de.prob.cli.ProBConnection Method:
				send Line: 78 - yes('.'(=('Errors',[]),[]))
2014-10-11 23:35:05,230 4362 [Test worker] INFO  de.prob.cli.PrologProcessProvider Method:
				makeProcess Line: 52 - Starting ProB's Prolog Core. Path is /Users/ernestocid/.prob/probcli.sh
2014-10-11 23:35:05,236 4368 [Test worker] DEBUG de.prob.cli.PrologProcessProvider Method:
				makeProcess Line: 54 - Cli started
2014-10-11 23:35:05,237 4369 [Test worker] DEBUG de.prob.cli.ProBInstanceProvider Method:
				analyseStdout Line: 105 - Apply cli detection patterns to Running ProB Command-line Interface
2014-10-11 23:35:05,237 4369 [Test worker] DEBUG de.prob.cli.ProBInstanceProvider Method:
				analyseStdout Line: 105 - Apply cli detection patterns to probcli -sf
2014-10-11 23:35:05,983 5115 [Test worker] DEBUG de.prob.cli.ProBInstanceProvider Method:
				analyseStdout Line: 105 - Apply cli detection patterns to No file to process
2014-10-11 23:35:05,984 5116 [Test worker] DEBUG de.prob.cli.ProBInstanceProvider Method:
				analyseStdout Line: 105 - Apply cli detection patterns to Starting Socket Server
2014-10-11 23:35:05,985 5117 [Test worker] DEBUG de.prob.cli.ProBInstanceProvider Method:
				analyseStdout Line: 105 - Apply cli detection patterns to Application Path: /Users/ernestocid/.prob
2014-10-11 23:35:05,985 5117 [Test worker] DEBUG de.prob.cli.ProBInstanceProvider Method:
				analyseStdout Line: 105 - Apply cli detection patterns to Port: 61600
2014-10-11 23:35:05,986 5118 [Test worker] INFO  de.prob.cli.PortPattern Method:
				setValue Line: 34 - Server has startet and listens on port 61600
2014-10-11 23:35:05,986 5118 [Test worker] DEBUG de.prob.cli.ProBInstanceProvider Method:
				analyseStdout Line: 105 - Apply cli detection patterns to probcli revision: 4a8009f9b87a7fa02b83aa45356133778dd2e916
2014-10-11 23:35:05,987 5119 [Test worker] DEBUG de.prob.cli.ProBInstanceProvider Method:
				analyseStdout Line: 105 - Apply cli detection patterns to user interrupt reference id: 28316
2014-10-11 23:35:05,987 5119 [Test worker] INFO  de.prob.cli.InterruptRefPattern Method:
				setValue Line: 32 - Server can receive user interrupts via reference 28316
2014-10-11 23:35:05,987 5119 [Test worker] DEBUG de.prob.cli.ProBConnection Method:
				connect Line: 40 - Connecting to port 61600 using key 336bb23cc4336d1d
2014-10-11 23:35:05,988 5120 [Test worker] DEBUG de.prob.cli.ProBConnection Method:
				connect Line: 47 - Connected
2014-10-11 23:35:05,989 5121 [Thread-8] DEBUG de.prob.cli.ProBInstance Method:
				readAndLog Line: 54 - -- starting command loop --
2014-10-11 23:35:06,014 5146 [Test worker] INFO  de.prob.cli.ProBConnection Method:
				send Line: 65 - set_eclipse_preference('SYMBOLIC',true),set_eclipse_preference('CSE_PRED',true),set_eclipse_preference('SYMMETRY_MODE',off),set_eclipse_preference('DEFAULT_SETSIZE','2'),set_eclipse_preference('KODKOD_ONLY_FULL',true),set_eclipse_preference('CSE_WD_ONLY',false),set_eclipse_preference('TIME_OUT','2500'),set_eclipse_preference('KODKOD',false),set_eclipse_preference('NUMBER_OF_ANIMATED_ABSTRACTIONS','20'),set_eclipse_preference('USE_RECORD_CONSTRUCTION',true),set_eclipse_preference('MEMO',false),set_eclipse_preference('MAX_OPERATIONS','10'),set_eclipse_preference('CSE',false),set_eclipse_preference('MAXINT','20'),set_eclipse_preference('ALLOW_INCOMPLETE_SETUP_CONSTANTS',false),set_eclipse_preference('MININT','-1'),set_eclipse_preference('STATIC_ORDERING',false),set_eclipse_preference('COMPRESSION',false),set_eclipse_preference('MAX_INITIALISATIONS','4'),set_eclipse_preference('TRY_FIND_ABORT',false),set_eclipse_preference('CLPFD',true),set_eclipse_preference('CHR',false),set_eclipse_preference('PROOF_INFO',true),set_eclipse_preference('SMT',false),load_classical_b_from_list_of_facts('/Users/ernestocid/dev/beta/br.ufrn.forall.logicalcoverageexperiments/src/test/resources/machines/PassFinalOrFailIFELSIFELSE.mch',[parser_version('2014-10-08 11:46:15.439'),classical_b('PassFinalOrFailIFELSIFELSE',['/Users/ernestocid/dev/beta/br.ufrn.forall.logicalcoverageexperiments/src/test/resources/machines/PassFinalOrFailIFELSIFELSE.mch']),machine(abstract_machine(1,machine(2),machine_header(3,'PassFinalOrFailIFELSIFELSE',[]),[sets(4,[enumerated_set(5,'RESULT',[identifier(6,pass),identifier(7,final),identifier(8,fail)])]),operations(9,[operation(10,identifier(10,checkResult),[identifier(11,result)],[identifier(12,averageGrade)],precondition(13,conjunct(14,member(15,identifier(16,averageGrade),interval(17,integer(18,0),integer(19,5))),member(20,identifier(21,averageGrade),int_set(22))),if(23,greater_equal(24,identifier(25,averageGrade),integer(26,4)),assign(27,[identifier(28,result)],[identifier(29,pass)]),[if_elsif(30,conjunct(31,greater_equal(32,identifier(33,averageGrade),integer(34,2)),less(35,identifier(36,averageGrade),integer(37,4))),assign(38,[identifier(39,result)],[identifier(40,final)]))],assign(41,[identifier(42,result)],[identifier(43,fail)]))))])]))]),start_animation,true.

2014-10-11 23:35:06,121 5253 [Test worker] INFO  de.prob.cli.ProBConnection Method:
				send Line: 78 - yes([])
2014-10-11 23:35:06,121 5253 [Thread-8] DEBUG de.prob.cli.ProBInstance Method:
				readAndLog Line: 54 - Connected: 127.0.0.1
2014-10-11 23:35:06,122 5254 [Thread-8] DEBUG de.prob.cli.ProBInstance Method:
				readAndLog Line: 54 - loading_classical_b(parser_version(2014-10-08 11:46:15.439),PassFinalOrFailIFELSIFELSE,[/Users/ernestocid/dev/beta/br.ufrn.forall.logicalcoverageexperiments/src/test/resources/machines/PassFinalOrFailIFELSIFELSE.mch])
2014-10-11 23:35:06,122 5254 [Test worker] INFO  de.prob.cli.ProBConnection Method:
				send Line: 65 - get_error_messages(Errors),true.

2014-10-11 23:35:06,123 5255 [Test worker] INFO  de.prob.cli.ProBConnection Method:
				send Line: 78 - yes('.'(=('Errors',[]),[]))
2014-10-11 23:35:06,124 5256 [Test worker] INFO  de.prob.cli.ProBConnection Method:
				send Line: 65 - compute_operations_for_state(root,APLOps),evaluate_registered_formulas(root,[],BResults),state_property(initialised,root,CPropResult),state_property(invariantKO,root,DPropResult),state_property(max_operations_reached,root,EPropResult),state_property(timeout_occurred,root,FPropResult),op_timeout_occurred(root,GTO),get_state_errors(root,HErrors),true.

2014-10-11 23:35:06,140 5272 [Test worker] INFO  de.prob.cli.ProBConnection Method:
				send Line: 78 - yes('.'(=('APLOps','.'(op(0,root,0),[])),'.'(=('BResults',[]),'.'(=('CPropResult',false),'.'(=('DPropResult',false),'.'(=('EPropResult',false),'.'(=('FPropResult',false),'.'(=('GTO',[]),'.'(=('HErrors',[]),[])))))))))
2014-10-11 23:35:06,142 5274 [Test worker] INFO  de.prob.cli.ProBConnection Method:
				send Line: 65 - get_error_messages(Errors),true.

2014-10-11 23:35:06,143 5275 [Test worker] INFO  de.prob.cli.ProBConnection Method:
				send Line: 78 - yes('.'(=('Errors',[]),[]))
2014-10-11 23:35:06,145 5277 [Test worker] INFO  de.prob.cli.ProBConnection Method:
				send Line: 65 - prob2_execute_custom_operations(root,'$initialise_machine',equal(none,boolean_true(none),boolean_true(none)),1,NewStateID,Errors),true.

2014-10-11 23:35:06,147 5279 [Test worker] INFO  de.prob.cli.ProBConnection Method:
				send Line: 78 - yes('.'(=('NewStateID','.'(op(0,root,0),[])),'.'(=('Errors',[]),[])))
2014-10-11 23:35:06,148 5280 [Test worker] INFO  de.prob.cli.ProBConnection Method:
				send Line: 65 - get_error_messages(Errors),true.

2014-10-11 23:35:06,148 5280 [Test worker] INFO  de.prob.cli.ProBConnection Method:
				send Line: 78 - yes('.'(=('Errors',[]),[]))
2014-10-11 23:35:06,149 5281 [Test worker] INFO  de.prob.cli.ProBConnection Method:
				send Line: 65 - compute_operations_for_state(0,APLOps),evaluate_registered_formulas(0,[],BResults),state_property(initialised,0,CPropResult),state_property(invariantKO,0,DPropResult),state_property(max_operations_reached,0,EPropResult),state_property(timeout_occurred,0,FPropResult),op_timeout_occurred(0,GTO),get_state_errors(0,HErrors),true.

2014-10-11 23:35:06,247 5379 [Test worker] INFO  de.prob.cli.ProBConnection Method:
				send Line: 78 - yes('.'(=('APLOps','.'(op(1,0,0),'.'(op(2,0,0),'.'(op(3,0,0),'.'(op(4,0,0),'.'(op(5,0,0),'.'(op(6,0,0),[]))))))),'.'(=('BResults',[]),'.'(=('CPropResult',true),'.'(=('DPropResult',false),'.'(=('EPropResult',false),'.'(=('FPropResult',false),'.'(=('GTO',[]),'.'(=('HErrors',[]),[])))))))))
2014-10-11 23:35:06,248 5380 [Thread-8] DEBUG de.prob.cli.ProBInstance Method:
				readAndLog Line: 54 - 
2014-10-11 23:35:06,248 5380 [Thread-8] DEBUG de.prob.cli.ProBInstance Method:
				readAndLog Line: 54 - ALL OPERATIONS COVERED
2014-10-11 23:35:06,248 5380 [Thread-8] DEBUG de.prob.cli.ProBInstance Method:
				readAndLog Line: 54 - 
2014-10-11 23:35:06,250 5382 [Test worker] INFO  de.prob.cli.ProBConnection Method:
				send Line: 65 - get_error_messages(Errors),true.

2014-10-11 23:35:06,251 5383 [Test worker] INFO  de.prob.cli.ProBConnection Method:
				send Line: 78 - yes('.'(=('Errors',[]),[]))
2014-10-11 23:35:06,257 5389 [Test worker] INFO  de.prob.cli.ProBConnection Method:
				send Line: 65 - evaluate_formula(0,eval(conjunct(none,member(none,identifier(none,averageGrade),interval(none,integer(none,0),integer(none,5))),member(none,identifier(none,averageGrade),int_set(none))),'#PREDICATE','averageGrade:0..5&averageGrade:INT'),ARes),true.

2014-10-11 23:35:06,272 5404 [Test worker] INFO  de.prob.cli.ProBConnection Method:
				send Line: 78 - yes('.'(=('ARes',result('TRUE','.'(bind(averageGrade,int(0),'0'),[]),'averageGrade:0..5&averageGrade:INT')),[]))
2014-10-11 23:35:06,272 5404 [Thread-8] DEBUG de.prob.cli.ProBInstance Method:
				readAndLog Line: 54 - Existentially Quantified Predicate over averageGrade is TRUE
2014-10-11 23:35:06,273 5405 [Thread-8] DEBUG de.prob.cli.ProBInstance Method:
				readAndLog Line: 54 - Solution: 
2014-10-11 23:35:06,273 5405 [Thread-8] DEBUG de.prob.cli.ProBInstance Method:
				readAndLog Line: 54 -        averageGrade = 0
2014-10-11 23:35:06,273 5405 [Thread-8] DEBUG de.prob.cli.ProBInstance Method:
				readAndLog Line: 54 - 
2014-10-11 23:35:06,273 5405 [Test worker] INFO  de.prob.cli.ProBConnection Method:
				send Line: 65 - get_error_messages(Errors),true.

2014-10-11 23:35:06,274 5406 [Test worker] INFO  de.prob.cli.ProBConnection Method:
				send Line: 78 - yes('.'(=('Errors',[]),[]))
